/root/EulerCar_v_4/install/autonomous_explorer/lib/python3.8/site-packages/autonomous_explorer/img_detectV1.py
/root/EulerCar_v_4/install/autonomous_explorer/lib/python3.8/site-packages/autonomous_explorer/detect_and_grab.py
/root/EulerCar_v_4/install/autonomous_explorer/lib/python3.8/site-packages/autonomous_explorer/myexplorer.py
/root/EulerCar_v_4/install/autonomous_explorer/lib/python3.8/site-packages/autonomous_explorer/img_detect.py
/root/EulerCar_v_4/install/autonomous_explorer/lib/python3.8/site-packages/autonomous_explorer/myexplorerV1.py
/root/EulerCar_v_4/install/autonomous_explorer/lib/python3.8/site-packages/autonomous_explorer/grab_box.py
/root/EulerCar_v_4/install/autonomous_explorer/lib/python3.8/site-packages/autonomous_explorer/detect_and_grabV1.py
/root/EulerCar_v_4/install/autonomous_explorer/lib/python3.8/site-packages/autonomous_explorer/__init__.py
/root/EulerCar_v_4/install/autonomous_explorer/lib/python3.8/site-packages/autonomous_explorer/utils.py
/root/EulerCar_v_4/install/autonomous_explorer/lib/python3.8/site-packages/autonomous_explorer/__pycache__/img_detectV1.cpython-38.pyc
/root/EulerCar_v_4/install/autonomous_explorer/lib/python3.8/site-packages/autonomous_explorer/__pycache__/detect_and_grab.cpython-38.pyc
/root/EulerCar_v_4/install/autonomous_explorer/lib/python3.8/site-packages/autonomous_explorer/__pycache__/myexplorer.cpython-38.pyc
/root/EulerCar_v_4/install/autonomous_explorer/lib/python3.8/site-packages/autonomous_explorer/__pycache__/img_detect.cpython-38.pyc
/root/EulerCar_v_4/install/autonomous_explorer/lib/python3.8/site-packages/autonomous_explorer/__pycache__/myexplorerV1.cpython-38.pyc
/root/EulerCar_v_4/install/autonomous_explorer/lib/python3.8/site-packages/autonomous_explorer/__pycache__/grab_box.cpython-38.pyc
/root/EulerCar_v_4/install/autonomous_explorer/lib/python3.8/site-packages/autonomous_explorer/__pycache__/detect_and_grabV1.cpython-38.pyc
/root/EulerCar_v_4/install/autonomous_explorer/lib/python3.8/site-packages/autonomous_explorer/__pycache__/__init__.cpython-38.pyc
/root/EulerCar_v_4/install/autonomous_explorer/lib/python3.8/site-packages/autonomous_explorer/__pycache__/utils.cpython-38.pyc
/root/EulerCar_v_4/install/autonomous_explorer/share/ament_index/resource_index/packages/autonomous_explorer
/root/EulerCar_v_4/install/autonomous_explorer/share/autonomous_explorer/package.xml
/root/EulerCar_v_4/install/autonomous_explorer/share/autonomous_explorer/launch/explorer.launch.py
/root/EulerCar_v_4/install/autonomous_explorer/share/autonomous_explorer/config/robot_params.yaml
/root/EulerCar_v_4/install/autonomous_explorer/lib/python3.8/site-packages/autonomous_explorer-1.0.0-py3.8.egg-info/entry_points.txt
/root/EulerCar_v_4/install/autonomous_explorer/lib/python3.8/site-packages/autonomous_explorer-1.0.0-py3.8.egg-info/zip-safe
/root/EulerCar_v_4/install/autonomous_explorer/lib/python3.8/site-packages/autonomous_explorer-1.0.0-py3.8.egg-info/top_level.txt
/root/EulerCar_v_4/install/autonomous_explorer/lib/python3.8/site-packages/autonomous_explorer-1.0.0-py3.8.egg-info/dependency_links.txt
/root/EulerCar_v_4/install/autonomous_explorer/lib/python3.8/site-packages/autonomous_explorer-1.0.0-py3.8.egg-info/requires.txt
/root/EulerCar_v_4/install/autonomous_explorer/lib/python3.8/site-packages/autonomous_explorer-1.0.0-py3.8.egg-info/PKG-INFO
/root/EulerCar_v_4/install/autonomous_explorer/lib/python3.8/site-packages/autonomous_explorer-1.0.0-py3.8.egg-info/SOURCES.txt
/root/EulerCar_v_4/install/autonomous_explorer/lib/autonomous_explorer/detect_node
/root/EulerCar_v_4/install/autonomous_explorer/lib/autonomous_explorer/explorer_node
