[1.972s] DEBUG:colcon:Command line arguments: ['/usr/local/bin/colcon', 'build']
[1.972s] DEBUG:colcon:Parsed command line arguments: Namespace(ament_cmake_args=None, base_paths=['.'], build_base='build', catkin_cmake_args=None, catkin_skip_building_tests=False, cmake_args=None, cmake_clean_cache=False, cmake_clean_first=False, cmake_force_configure=False, cmake_target=None, cmake_target_skip_unavailable=False, continue_on_error=False, event_handlers=None, executor='parallel', ignore_user_meta=False, install_base='install', log_base=None, log_level=None, main=<bound method BuildVerb.main of <colcon_core.verb.build.BuildVerb object at 0x7fab788e20>>, merge_install=False, metas=['./colcon.meta'], packages_above=None, packages_above_and_dependencies=None, packages_above_depth=None, packages_end=None, packages_ignore=None, packages_ignore_regex=None, packages_select=None, packages_select_build_failed=False, packages_select_by_dep=None, packages_select_regex=None, packages_select_test_failures=False, packages_skip=None, packages_skip_build_finished=False, packages_skip_by_dep=None, packages_skip_regex=None, packages_skip_test_passed=False, packages_skip_up_to=None, packages_start=None, packages_up_to=None, packages_up_to_regex=None, parallel_workers=4, paths=None, symlink_install=False, test_result_base=None, verb_extension=<colcon_core.verb.build.BuildVerb object at 0x7fab788e20>, verb_name='build', verb_parser=<colcon_defaults.argument_parser.defaults.DefaultArgumentsDecorator object at 0x7fab67b430>)
[3.203s] Level 1:colcon.colcon_core.package_discovery:discover_packages(colcon_meta) check parameters
[3.204s] Level 1:colcon.colcon_core.package_discovery:discover_packages(recursive) check parameters
[3.205s] Level 1:colcon.colcon_core.package_discovery:discover_packages(ignore) check parameters
[3.205s] Level 1:colcon.colcon_core.package_discovery:discover_packages(path) check parameters
[3.206s] Level 1:colcon.colcon_core.package_discovery:discover_packages(colcon_meta) discover
[3.206s] Level 1:colcon.colcon_core.package_discovery:discover_packages(recursive) discover
[3.207s] INFO:colcon.colcon_core.package_discovery:Crawling recursively for packages in '/root/EulerCar_v_4'
[3.208s] Level 1:colcon.colcon_core.package_identification:_identify(.) by extensions ['ignore', 'ignore_ament_install']
[3.209s] Level 1:colcon.colcon_core.package_identification:_identify(.) by extension 'ignore'
[3.210s] Level 1:colcon.colcon_core.package_identification:_identify(.) by extension 'ignore_ament_install'
[3.211s] Level 1:colcon.colcon_core.package_identification:_identify(.) by extensions ['colcon_pkg']
[3.211s] Level 1:colcon.colcon_core.package_identification:_identify(.) by extension 'colcon_pkg'
[3.212s] Level 1:colcon.colcon_core.package_identification:_identify(.) by extensions ['colcon_meta']
[3.213s] Level 1:colcon.colcon_core.package_identification:_identify(.) by extension 'colcon_meta'
[3.213s] Level 1:colcon.colcon_core.package_identification:_identify(.) by extensions ['ros']
[3.214s] Level 1:colcon.colcon_core.package_identification:_identify(.) by extension 'ros'
[3.335s] Level 1:colcon.colcon_core.package_identification:_identify(.) by extensions ['cmake', 'python']
[3.336s] Level 1:colcon.colcon_core.package_identification:_identify(.) by extension 'cmake'
[3.337s] Level 1:colcon.colcon_core.package_identification:_identify(.) by extension 'python'
[3.337s] Level 1:colcon.colcon_core.package_identification:_identify(.) by extensions ['python_setup_py']
[3.338s] Level 1:colcon.colcon_core.package_identification:_identify(.) by extension 'python_setup_py'
[3.339s] Level 1:colcon.colcon_core.package_identification:_identify(build) by extensions ['ignore', 'ignore_ament_install']
[3.340s] Level 1:colcon.colcon_core.package_identification:_identify(build) by extension 'ignore'
[3.341s] Level 1:colcon.colcon_core.package_identification:_identify(build) ignored
[3.343s] Level 1:colcon.colcon_core.package_identification:_identify(install) by extensions ['ignore', 'ignore_ament_install']
[3.344s] Level 1:colcon.colcon_core.package_identification:_identify(install) by extension 'ignore'
[3.345s] Level 1:colcon.colcon_core.package_identification:_identify(install) ignored
[3.346s] Level 1:colcon.colcon_core.package_identification:_identify(log) by extensions ['ignore', 'ignore_ament_install']
[3.348s] Level 1:colcon.colcon_core.package_identification:_identify(log) by extension 'ignore'
[3.348s] Level 1:colcon.colcon_core.package_identification:_identify(log) ignored
[3.350s] Level 1:colcon.colcon_core.package_identification:_identify(src) by extensions ['ignore', 'ignore_ament_install']
[3.351s] Level 1:colcon.colcon_core.package_identification:_identify(src) by extension 'ignore'
[3.351s] Level 1:colcon.colcon_core.package_identification:_identify(src) by extension 'ignore_ament_install'
[3.352s] Level 1:colcon.colcon_core.package_identification:_identify(src) by extensions ['colcon_pkg']
[3.353s] Level 1:colcon.colcon_core.package_identification:_identify(src) by extension 'colcon_pkg'
[3.353s] Level 1:colcon.colcon_core.package_identification:_identify(src) by extensions ['colcon_meta']
[3.354s] Level 1:colcon.colcon_core.package_identification:_identify(src) by extension 'colcon_meta'
[3.354s] Level 1:colcon.colcon_core.package_identification:_identify(src) by extensions ['ros']
[3.355s] Level 1:colcon.colcon_core.package_identification:_identify(src) by extension 'ros'
[3.356s] Level 1:colcon.colcon_core.package_identification:_identify(src) by extensions ['cmake', 'python']
[3.356s] Level 1:colcon.colcon_core.package_identification:_identify(src) by extension 'cmake'
[3.357s] Level 1:colcon.colcon_core.package_identification:_identify(src) by extension 'python'
[3.357s] Level 1:colcon.colcon_core.package_identification:_identify(src) by extensions ['python_setup_py']
[3.358s] Level 1:colcon.colcon_core.package_identification:_identify(src) by extension 'python_setup_py'
[3.359s] Level 1:colcon.colcon_core.package_identification:_identify(src/autonomous_explorer) by extensions ['ignore', 'ignore_ament_install']
[3.360s] Level 1:colcon.colcon_core.package_identification:_identify(src/autonomous_explorer) by extension 'ignore'
[3.361s] Level 1:colcon.colcon_core.package_identification:_identify(src/autonomous_explorer) by extension 'ignore_ament_install'
[3.361s] Level 1:colcon.colcon_core.package_identification:_identify(src/autonomous_explorer) by extensions ['colcon_pkg']
[3.362s] Level 1:colcon.colcon_core.package_identification:_identify(src/autonomous_explorer) by extension 'colcon_pkg'
[3.363s] Level 1:colcon.colcon_core.package_identification:_identify(src/autonomous_explorer) by extensions ['colcon_meta']
[3.363s] Level 1:colcon.colcon_core.package_identification:_identify(src/autonomous_explorer) by extension 'colcon_meta'
[3.364s] Level 1:colcon.colcon_core.package_identification:_identify(src/autonomous_explorer) by extensions ['ros']
[3.364s] Level 1:colcon.colcon_core.package_identification:_identify(src/autonomous_explorer) by extension 'ros'
[3.397s] DEBUG:colcon.colcon_core.package_identification:Package 'src/autonomous_explorer' with type 'ros.ament_python' and name 'autonomous_explorer'
[3.399s] Level 1:colcon.colcon_core.package_identification:_identify(src/servo_response) by extensions ['ignore', 'ignore_ament_install']
[3.400s] Level 1:colcon.colcon_core.package_identification:_identify(src/servo_response) by extension 'ignore'
[3.401s] Level 1:colcon.colcon_core.package_identification:_identify(src/servo_response) by extension 'ignore_ament_install'
[3.402s] Level 1:colcon.colcon_core.package_identification:_identify(src/servo_response) by extensions ['colcon_pkg']
[3.403s] Level 1:colcon.colcon_core.package_identification:_identify(src/servo_response) by extension 'colcon_pkg'
[3.404s] Level 1:colcon.colcon_core.package_identification:_identify(src/servo_response) by extensions ['colcon_meta']
[3.405s] Level 1:colcon.colcon_core.package_identification:_identify(src/servo_response) by extension 'colcon_meta'
[3.406s] Level 1:colcon.colcon_core.package_identification:_identify(src/servo_response) by extensions ['ros']
[3.407s] Level 1:colcon.colcon_core.package_identification:_identify(src/servo_response) by extension 'ros'
[3.412s] DEBUG:colcon.colcon_core.package_identification:Package 'src/servo_response' with type 'ros.ament_cmake' and name 'servo_response'
[3.413s] Level 1:colcon.colcon_core.package_discovery:discover_packages(recursive) using defaults
[3.414s] Level 1:colcon.colcon_core.package_discovery:discover_packages(ignore) discover
[3.415s] Level 1:colcon.colcon_core.package_discovery:discover_packages(ignore) using defaults
[3.416s] Level 1:colcon.colcon_core.package_discovery:discover_packages(path) discover
[3.416s] Level 1:colcon.colcon_core.package_discovery:discover_packages(path) using defaults
[3.572s] Level 5:colcon.colcon_core.verb:set package 'autonomous_explorer' build argument 'cmake_args' from command line to 'None'
[3.573s] Level 5:colcon.colcon_core.verb:set package 'autonomous_explorer' build argument 'cmake_target' from command line to 'None'
[3.573s] Level 5:colcon.colcon_core.verb:set package 'autonomous_explorer' build argument 'cmake_target_skip_unavailable' from command line to 'False'
[3.573s] Level 5:colcon.colcon_core.verb:set package 'autonomous_explorer' build argument 'cmake_clean_cache' from command line to 'False'
[3.574s] Level 5:colcon.colcon_core.verb:set package 'autonomous_explorer' build argument 'cmake_clean_first' from command line to 'False'
[3.574s] Level 5:colcon.colcon_core.verb:set package 'autonomous_explorer' build argument 'cmake_force_configure' from command line to 'False'
[3.575s] Level 5:colcon.colcon_core.verb:set package 'autonomous_explorer' build argument 'ament_cmake_args' from command line to 'None'
[3.575s] Level 5:colcon.colcon_core.verb:set package 'autonomous_explorer' build argument 'catkin_cmake_args' from command line to 'None'
[3.575s] Level 5:colcon.colcon_core.verb:set package 'autonomous_explorer' build argument 'catkin_skip_building_tests' from command line to 'False'
[3.576s] DEBUG:colcon.colcon_core.verb:Building package 'autonomous_explorer' with the following arguments: {'ament_cmake_args': None, 'build_base': '/root/EulerCar_v_4/build/autonomous_explorer', 'catkin_cmake_args': None, 'catkin_skip_building_tests': False, 'cmake_args': None, 'cmake_clean_cache': False, 'cmake_clean_first': False, 'cmake_force_configure': False, 'cmake_target': None, 'cmake_target_skip_unavailable': False, 'install_base': '/root/EulerCar_v_4/install/autonomous_explorer', 'merge_install': False, 'path': '/root/EulerCar_v_4/src/autonomous_explorer', 'symlink_install': False, 'test_result_base': None}
[3.580s] Level 5:colcon.colcon_core.verb:set package 'servo_response' build argument 'cmake_args' from command line to 'None'
[3.581s] Level 5:colcon.colcon_core.verb:set package 'servo_response' build argument 'cmake_target' from command line to 'None'
[3.581s] Level 5:colcon.colcon_core.verb:set package 'servo_response' build argument 'cmake_target_skip_unavailable' from command line to 'False'
[3.581s] Level 5:colcon.colcon_core.verb:set package 'servo_response' build argument 'cmake_clean_cache' from command line to 'False'
[3.582s] Level 5:colcon.colcon_core.verb:set package 'servo_response' build argument 'cmake_clean_first' from command line to 'False'
[3.582s] Level 5:colcon.colcon_core.verb:set package 'servo_response' build argument 'cmake_force_configure' from command line to 'False'
[3.582s] Level 5:colcon.colcon_core.verb:set package 'servo_response' build argument 'ament_cmake_args' from command line to 'None'
[3.583s] Level 5:colcon.colcon_core.verb:set package 'servo_response' build argument 'catkin_cmake_args' from command line to 'None'
[3.583s] Level 5:colcon.colcon_core.verb:set package 'servo_response' build argument 'catkin_skip_building_tests' from command line to 'False'
[3.583s] DEBUG:colcon.colcon_core.verb:Building package 'servo_response' with the following arguments: {'ament_cmake_args': None, 'build_base': '/root/EulerCar_v_4/build/servo_response', 'catkin_cmake_args': None, 'catkin_skip_building_tests': False, 'cmake_args': None, 'cmake_clean_cache': False, 'cmake_clean_first': False, 'cmake_force_configure': False, 'cmake_target': None, 'cmake_target_skip_unavailable': False, 'install_base': '/root/EulerCar_v_4/install/servo_response', 'merge_install': False, 'path': '/root/EulerCar_v_4/src/servo_response', 'symlink_install': False, 'test_result_base': None}
[3.586s] INFO:colcon.colcon_core.executor:Executing jobs using 'parallel' executor
[3.597s] DEBUG:colcon.colcon_parallel_executor.executor.parallel:run_until_complete
[3.604s] INFO:colcon.colcon_ros.task.ament_python.build:Building ROS package in '/root/EulerCar_v_4/src/autonomous_explorer' with build type 'ament_python'
[3.606s] Level 1:colcon.colcon_core.shell:create_environment_hook('autonomous_explorer', 'ament_prefix_path')
[3.630s] INFO:colcon.colcon_core.plugin_system:Skipping extension 'colcon_core.shell.bat': Not used on non-Windows systems
[3.633s] INFO:colcon.colcon_core.shell:Creating environment hook '/root/EulerCar_v_4/install/autonomous_explorer/share/autonomous_explorer/hook/ament_prefix_path.ps1'
[3.640s] INFO:colcon.colcon_core.shell:Creating environment descriptor '/root/EulerCar_v_4/install/autonomous_explorer/share/autonomous_explorer/hook/ament_prefix_path.dsv'
[3.646s] INFO:colcon.colcon_core.shell:Creating environment hook '/root/EulerCar_v_4/install/autonomous_explorer/share/autonomous_explorer/hook/ament_prefix_path.sh'
[3.656s] INFO:colcon.colcon_core.shell:Skip shell extension 'powershell' for command environment: Not usable outside of PowerShell
[3.657s] DEBUG:colcon.colcon_core.shell:Skip shell extension 'dsv' for command environment
[3.722s] INFO:colcon.colcon_ros.task.ament_cmake.build:Building ROS package in '/root/EulerCar_v_4/src/servo_response' with build type 'ament_cmake'
[3.724s] INFO:colcon.colcon_cmake.task.cmake.build:Building CMake package in '/root/EulerCar_v_4/src/servo_response'
[3.728s] INFO:colcon.colcon_core.shell:Skip shell extension 'powershell' for command environment: Not usable outside of PowerShell
[3.730s] DEBUG:colcon.colcon_core.shell:Skip shell extension 'dsv' for command environment
[5.957s] INFO:colcon.colcon_core.task.python.build:Building Python package in '/root/EulerCar_v_4/src/autonomous_explorer'
[5.960s] INFO:colcon.colcon_core.shell:Skip shell extension 'powershell' for command environment: Not usable outside of PowerShell
[5.961s] DEBUG:colcon.colcon_core.shell:Skip shell extension 'dsv' for command environment
[6.029s] DEBUG:colcon.colcon_core.event_handler.log_command:Invoking command in '/root/EulerCar_v_4/build/servo_response': CMAKE_PREFIX_PATH=${CMAKE_PREFIX_PATH}:/root/EulerCar_v_4/install/autonomous_explorer:/root/eulercar/install/hieuler_teleop:/opt/ros/foxy _=/usr/bin/env /usr/bin/cmake --build /root/EulerCar_v_4/build/servo_response -- -j4 -l4
[6.540s] DEBUG:colcon.colcon_core.event_handler.log_command:Invoked command in '/root/EulerCar_v_4/build/servo_response' returned '0': CMAKE_PREFIX_PATH=${CMAKE_PREFIX_PATH}:/root/EulerCar_v_4/install/autonomous_explorer:/root/eulercar/install/hieuler_teleop:/opt/ros/foxy _=/usr/bin/env /usr/bin/cmake --build /root/EulerCar_v_4/build/servo_response -- -j4 -l4
[6.632s] DEBUG:colcon.colcon_core.event_handler.log_command:Invoking command in '/root/EulerCar_v_4/build/servo_response': CMAKE_PREFIX_PATH=${CMAKE_PREFIX_PATH}:/root/EulerCar_v_4/install/autonomous_explorer:/root/eulercar/install/hieuler_teleop:/opt/ros/foxy _=/usr/bin/env /usr/bin/cmake --install /root/EulerCar_v_4/build/servo_response
[6.728s] Level 1:colcon.colcon_core.environment:create_environment_scripts_only(servo_response)
[6.771s] DEBUG:colcon.colcon_core.event_handler.log_command:Invoked command in '/root/EulerCar_v_4/build/servo_response' returned '0': CMAKE_PREFIX_PATH=${CMAKE_PREFIX_PATH}:/root/EulerCar_v_4/install/autonomous_explorer:/root/eulercar/install/hieuler_teleop:/opt/ros/foxy _=/usr/bin/env /usr/bin/cmake --install /root/EulerCar_v_4/build/servo_response
[6.781s] Level 1:colcon.colcon_core.environment:checking '/root/EulerCar_v_4/install/servo_response' for CMake module files
[6.787s] Level 1:colcon.colcon_core.environment:checking '/root/EulerCar_v_4/install/servo_response' for CMake config files
[6.789s] Level 1:colcon.colcon_core.shell:create_environment_hook('servo_response', 'cmake_prefix_path')
[6.792s] INFO:colcon.colcon_core.shell:Creating environment hook '/root/EulerCar_v_4/install/servo_response/share/servo_response/hook/cmake_prefix_path.ps1'
[6.798s] INFO:colcon.colcon_core.shell:Creating environment descriptor '/root/EulerCar_v_4/install/servo_response/share/servo_response/hook/cmake_prefix_path.dsv'
[6.803s] INFO:colcon.colcon_core.shell:Creating environment hook '/root/EulerCar_v_4/install/servo_response/share/servo_response/hook/cmake_prefix_path.sh'
[6.811s] Level 1:colcon.colcon_core.environment:checking '/root/EulerCar_v_4/install/servo_response/lib'
[6.813s] Level 1:colcon.colcon_core.environment:checking '/root/EulerCar_v_4/install/servo_response/bin'
[6.814s] Level 1:colcon.colcon_core.environment:checking '/root/EulerCar_v_4/install/servo_response/lib/pkgconfig/servo_response.pc'
[6.816s] Level 1:colcon.colcon_core.environment:checking '/root/EulerCar_v_4/install/servo_response/lib/python3.8/site-packages'
[6.818s] Level 1:colcon.colcon_core.environment:checking '/root/EulerCar_v_4/install/servo_response/bin'
[6.822s] INFO:colcon.colcon_core.shell:Creating package script '/root/EulerCar_v_4/install/servo_response/share/servo_response/package.ps1'
[6.830s] INFO:colcon.colcon_core.shell:Creating package descriptor '/root/EulerCar_v_4/install/servo_response/share/servo_response/package.dsv'
[6.838s] INFO:colcon.colcon_core.shell:Creating package script '/root/EulerCar_v_4/install/servo_response/share/servo_response/package.sh'
[6.849s] INFO:colcon.colcon_core.shell:Creating package script '/root/EulerCar_v_4/install/servo_response/share/servo_response/package.bash'
[6.859s] INFO:colcon.colcon_core.shell:Creating package script '/root/EulerCar_v_4/install/servo_response/share/servo_response/package.zsh'
[6.867s] Level 1:colcon.colcon_core.environment:create_file_with_runtime_dependencies(/root/EulerCar_v_4/install/servo_response/share/colcon-core/packages/servo_response)
[6.873s] Level 1:colcon.colcon_core.environment:create_environment_scripts_only(servo_response)
[6.876s] Level 1:colcon.colcon_core.environment:checking '/root/EulerCar_v_4/install/servo_response' for CMake module files
[6.881s] Level 1:colcon.colcon_core.environment:checking '/root/EulerCar_v_4/install/servo_response' for CMake config files
[6.882s] Level 1:colcon.colcon_core.shell:create_environment_hook('servo_response', 'cmake_prefix_path')
[6.886s] INFO:colcon.colcon_core.shell:Creating environment hook '/root/EulerCar_v_4/install/servo_response/share/servo_response/hook/cmake_prefix_path.ps1'
[6.891s] INFO:colcon.colcon_core.shell:Creating environment descriptor '/root/EulerCar_v_4/install/servo_response/share/servo_response/hook/cmake_prefix_path.dsv'
[6.896s] INFO:colcon.colcon_core.shell:Creating environment hook '/root/EulerCar_v_4/install/servo_response/share/servo_response/hook/cmake_prefix_path.sh'
[6.903s] Level 1:colcon.colcon_core.environment:checking '/root/EulerCar_v_4/install/servo_response/lib'
[6.904s] Level 1:colcon.colcon_core.environment:checking '/root/EulerCar_v_4/install/servo_response/bin'
[6.905s] Level 1:colcon.colcon_core.environment:checking '/root/EulerCar_v_4/install/servo_response/lib/pkgconfig/servo_response.pc'
[6.907s] Level 1:colcon.colcon_core.environment:checking '/root/EulerCar_v_4/install/servo_response/lib/python3.8/site-packages'
[6.909s] Level 1:colcon.colcon_core.environment:checking '/root/EulerCar_v_4/install/servo_response/bin'
[6.913s] INFO:colcon.colcon_core.shell:Creating package script '/root/EulerCar_v_4/install/servo_response/share/servo_response/package.ps1'
[6.919s] INFO:colcon.colcon_core.shell:Creating package descriptor '/root/EulerCar_v_4/install/servo_response/share/servo_response/package.dsv'
[6.925s] INFO:colcon.colcon_core.shell:Creating package script '/root/EulerCar_v_4/install/servo_response/share/servo_response/package.sh'
[6.930s] INFO:colcon.colcon_core.shell:Creating package script '/root/EulerCar_v_4/install/servo_response/share/servo_response/package.bash'
[6.936s] INFO:colcon.colcon_core.shell:Creating package script '/root/EulerCar_v_4/install/servo_response/share/servo_response/package.zsh'
[6.942s] Level 1:colcon.colcon_core.environment:create_file_with_runtime_dependencies(/root/EulerCar_v_4/install/servo_response/share/colcon-core/packages/servo_response)
[10.368s] DEBUG:colcon.colcon_core.event_handler.log_command:Invoking command in '/root/EulerCar_v_4/src/autonomous_explorer': PYTHONPATH=/root/EulerCar_v_4/build/autonomous_explorer/prefix_override:/usr/local/lib/python3.8/dist-packages/colcon_core/task/python/colcon_distutils_commands:/root/EulerCar_v_4/install/autonomous_explorer/lib/python3.8/site-packages:${PYTHONPATH} _=/usr/bin/env /usr/bin/python3 -W ignore:setup.py install is deprecated -W ignore:easy_install command is deprecated setup.py egg_info --egg-base ../../build/autonomous_explorer build --build-base /root/EulerCar_v_4/build/autonomous_explorer/build install --record /root/EulerCar_v_4/build/autonomous_explorer/install.log --install-scripts $base/lib/autonomous_explorer --single-version-externally-managed install_data
[13.315s] Level 1:colcon.colcon_core.environment:checking '/root/EulerCar_v_4/install/autonomous_explorer' for CMake module files
[13.321s] DEBUG:colcon.colcon_core.event_handler.log_command:Invoked command in '/root/EulerCar_v_4/src/autonomous_explorer' returned '0': PYTHONPATH=/root/EulerCar_v_4/build/autonomous_explorer/prefix_override:/usr/local/lib/python3.8/dist-packages/colcon_core/task/python/colcon_distutils_commands:/root/EulerCar_v_4/install/autonomous_explorer/lib/python3.8/site-packages:${PYTHONPATH} _=/usr/bin/env /usr/bin/python3 -W ignore:setup.py install is deprecated -W ignore:easy_install command is deprecated setup.py egg_info --egg-base ../../build/autonomous_explorer build --build-base /root/EulerCar_v_4/build/autonomous_explorer/build install --record /root/EulerCar_v_4/build/autonomous_explorer/install.log --install-scripts $base/lib/autonomous_explorer --single-version-externally-managed install_data
[13.324s] Level 1:colcon.colcon_core.environment:checking '/root/EulerCar_v_4/install/autonomous_explorer' for CMake config files
[13.329s] Level 1:colcon.colcon_core.environment:checking '/root/EulerCar_v_4/install/autonomous_explorer/lib'
[13.330s] Level 1:colcon.colcon_core.environment:checking '/root/EulerCar_v_4/install/autonomous_explorer/bin'
[13.331s] Level 1:colcon.colcon_core.environment:checking '/root/EulerCar_v_4/install/autonomous_explorer/lib/pkgconfig/autonomous_explorer.pc'
[13.334s] Level 1:colcon.colcon_core.environment:checking '/root/EulerCar_v_4/install/autonomous_explorer/lib/python3.8/site-packages'
[13.335s] Level 1:colcon.colcon_core.shell:create_environment_hook('autonomous_explorer', 'pythonpath')
[13.338s] INFO:colcon.colcon_core.shell:Creating environment hook '/root/EulerCar_v_4/install/autonomous_explorer/share/autonomous_explorer/hook/pythonpath.ps1'
[13.344s] INFO:colcon.colcon_core.shell:Creating environment descriptor '/root/EulerCar_v_4/install/autonomous_explorer/share/autonomous_explorer/hook/pythonpath.dsv'
[13.348s] INFO:colcon.colcon_core.shell:Creating environment hook '/root/EulerCar_v_4/install/autonomous_explorer/share/autonomous_explorer/hook/pythonpath.sh'
[13.353s] Level 1:colcon.colcon_core.environment:checking '/root/EulerCar_v_4/install/autonomous_explorer/bin'
[13.354s] Level 1:colcon.colcon_core.environment:create_environment_scripts_only(autonomous_explorer)
[13.358s] INFO:colcon.colcon_core.shell:Creating package script '/root/EulerCar_v_4/install/autonomous_explorer/share/autonomous_explorer/package.ps1'
[13.363s] INFO:colcon.colcon_core.shell:Creating package descriptor '/root/EulerCar_v_4/install/autonomous_explorer/share/autonomous_explorer/package.dsv'
[13.369s] INFO:colcon.colcon_core.shell:Creating package script '/root/EulerCar_v_4/install/autonomous_explorer/share/autonomous_explorer/package.sh'
[13.387s] INFO:colcon.colcon_core.shell:Creating package script '/root/EulerCar_v_4/install/autonomous_explorer/share/autonomous_explorer/package.bash'
[13.392s] INFO:colcon.colcon_core.shell:Creating package script '/root/EulerCar_v_4/install/autonomous_explorer/share/autonomous_explorer/package.zsh'
[13.397s] Level 1:colcon.colcon_core.environment:create_file_with_runtime_dependencies(/root/EulerCar_v_4/install/autonomous_explorer/share/colcon-core/packages/autonomous_explorer)
[13.402s] DEBUG:colcon.colcon_parallel_executor.executor.parallel:closing loop
[13.404s] DEBUG:colcon.colcon_parallel_executor.executor.parallel:loop closed
[13.405s] DEBUG:colcon.colcon_parallel_executor.executor.parallel:run_until_complete finished with '0'
[13.406s] DEBUG:colcon.colcon_core.event_reactor:joining thread
[13.456s] INFO:colcon.colcon_core.plugin_system:Skipping extension 'colcon_notification.desktop_notification.terminal_notifier': Not used on non-Darwin systems
[13.458s] INFO:colcon.colcon_core.plugin_system:Skipping extension 'colcon_notification.desktop_notification.win32': Not used on non-Windows systems
[13.458s] INFO:colcon.colcon_notification.desktop_notification:Sending desktop notification using 'notify2'
[38.485s] DEBUG:colcon.colcon_notification.desktop_notification.notify2:Failed to initialize notify2: org.freedesktop.DBus.Error.NoReply: Did not receive a reply. Possible causes include: the remote application did not send a reply, the message bus security policy blocked the reply, the reply timeout expired, or the network connection was broken.
[38.486s] DEBUG:colcon.colcon_core.event_reactor:joined thread
[38.488s] INFO:colcon.colcon_core.shell:Creating prefix script '/root/EulerCar_v_4/install/local_setup.ps1'
[38.497s] INFO:colcon.colcon_core.shell:Creating prefix util module '/root/EulerCar_v_4/install/_local_setup_util_ps1.py'
[38.511s] INFO:colcon.colcon_core.shell:Creating prefix chain script '/root/EulerCar_v_4/install/setup.ps1'
[38.524s] INFO:colcon.colcon_core.shell:Creating prefix script '/root/EulerCar_v_4/install/local_setup.sh'
[38.530s] INFO:colcon.colcon_core.shell:Creating prefix util module '/root/EulerCar_v_4/install/_local_setup_util_sh.py'
[38.537s] INFO:colcon.colcon_core.shell:Creating prefix chain script '/root/EulerCar_v_4/install/setup.sh'
[38.556s] INFO:colcon.colcon_core.shell:Creating prefix script '/root/EulerCar_v_4/install/local_setup.bash'
[38.563s] INFO:colcon.colcon_core.shell:Creating prefix chain script '/root/EulerCar_v_4/install/setup.bash'
[38.576s] INFO:colcon.colcon_core.shell:Creating prefix script '/root/EulerCar_v_4/install/local_setup.zsh'
[38.582s] INFO:colcon.colcon_core.shell:Creating prefix chain script '/root/EulerCar_v_4/install/setup.zsh'
