[6.240s] Invoking command in '/root/EulerCar_v_4/src/autonomous_explorer': PYTHONPATH=/root/EulerCar_v_4/build/autonomous_explorer/prefix_override:/usr/local/lib/python3.8/dist-packages/colcon_core/task/python/colcon_distutils_commands:/root/EulerCar_v_4/install/autonomous_explorer/lib/python3.8/site-packages:${PYTHONPATH} _=/usr/bin/env /usr/bin/python3 -W ignore:setup.py install is deprecated -W ignore:easy_install command is deprecated setup.py egg_info --egg-base ../../build/autonomous_explorer build --build-base /root/EulerCar_v_4/build/autonomous_explorer/build install --record /root/EulerCar_v_4/build/autonomous_explorer/install.log --install-scripts $base/lib/autonomous_explorer --single-version-externally-managed install_data
[8.074s] running egg_info
[8.083s] writing ../../build/autonomous_explorer/autonomous_explorer.egg-info/PKG-INFO
[8.085s] writing dependency_links to ../../build/autonomous_explorer/autonomous_explorer.egg-info/dependency_links.txt
[8.087s] writing entry points to ../../build/autonomous_explorer/autonomous_explorer.egg-info/entry_points.txt
[8.090s] writing requirements to ../../build/autonomous_explorer/autonomous_explorer.egg-info/requires.txt
[8.091s] writing top-level names to ../../build/autonomous_explorer/autonomous_explorer.egg-info/top_level.txt
[8.421s] reading manifest file '../../build/autonomous_explorer/autonomous_explorer.egg-info/SOURCES.txt'
[8.429s] writing manifest file '../../build/autonomous_explorer/autonomous_explorer.egg-info/SOURCES.txt'
[8.430s] running build
[8.431s] running build_py
[8.436s] running install
[8.444s] running install_lib
[8.458s] running install_data
[8.460s] running install_egg_info
[8.476s] removing '/root/EulerCar_v_4/install/autonomous_explorer/lib/python3.8/site-packages/autonomous_explorer-1.0.0-py3.8.egg-info' (and everything under it)
[8.479s] Copying ../../build/autonomous_explorer/autonomous_explorer.egg-info to /root/EulerCar_v_4/install/autonomous_explorer/lib/python3.8/site-packages/autonomous_explorer-1.0.0-py3.8.egg-info
[8.486s] running install_scripts
[8.642s] Installing detect_node script to /root/EulerCar_v_4/install/autonomous_explorer/lib/autonomous_explorer
[8.644s] Installing explorer_node script to /root/EulerCar_v_4/install/autonomous_explorer/lib/autonomous_explorer
[8.648s] writing list of installed files to '/root/EulerCar_v_4/build/autonomous_explorer/install.log'
[8.914s] Invoked command in '/root/EulerCar_v_4/src/autonomous_explorer' returned '0': PYTHONPATH=/root/EulerCar_v_4/build/autonomous_explorer/prefix_override:/usr/local/lib/python3.8/dist-packages/colcon_core/task/python/colcon_distutils_commands:/root/EulerCar_v_4/install/autonomous_explorer/lib/python3.8/site-packages:${PYTHONPATH} _=/usr/bin/env /usr/bin/python3 -W ignore:setup.py install is deprecated -W ignore:easy_install command is deprecated setup.py egg_info --egg-base ../../build/autonomous_explorer build --build-base /root/EulerCar_v_4/build/autonomous_explorer/build install --record /root/EulerCar_v_4/build/autonomous_explorer/install.log --install-scripts $base/lib/autonomous_explorer --single-version-externally-managed install_data
