[2.297s] Invoking command in '/root/EulerCar_v_4/build/servo_response': CMAKE_PREFIX_PATH=${CMAKE_PREFIX_PATH}:/root/EulerCar_v_4/install/autonomous_explorer:/root/eulercar/install/hieuler_teleop:/opt/ros/foxy _=/usr/bin/env /usr/bin/cmake --build /root/EulerCar_v_4/build/servo_response -- -j4 -l4
[2.730s] [100%] Built target servo_node
[2.808s] Invoked command in '/root/EulerCar_v_4/build/servo_response' returned '0': CMAKE_PREFIX_PATH=${CMAKE_PREFIX_PATH}:/root/EulerCar_v_4/install/autonomous_explorer:/root/eulercar/install/hieuler_teleop:/opt/ros/foxy _=/usr/bin/env /usr/bin/cmake --build /root/EulerCar_v_4/build/servo_response -- -j4 -l4
[2.899s] Invoking command in '/root/EulerCar_v_4/build/servo_response': CMAKE_PREFIX_PATH=${CMAKE_PREFIX_PATH}:/root/EulerCar_v_4/install/autonomous_explorer:/root/eulercar/install/hieuler_teleop:/opt/ros/foxy _=/usr/bin/env /usr/bin/cmake --install /root/EulerCar_v_4/build/servo_response
[2.966s] -- Install configuration: ""
[2.968s] -- Up-to-date: /root/EulerCar_v_4/install/servo_response/lib/servo_response/servo_node
[2.977s] -- Up-to-date: /root/EulerCar_v_4/install/servo_response/include
[2.979s] -- Up-to-date: /root/EulerCar_v_4/install/servo_response/include/servo_response
[2.980s] -- Up-to-date: /root/EulerCar_v_4/install/servo_response/include/servo_response/servo_util.hpp
[2.982s] -- Up-to-date: /root/EulerCar_v_4/install/servo_response/include/servo_response/servo_node.hpp
[2.983s] -- Up-to-date: /root/EulerCar_v_4/install/servo_response/share/ament_index/resource_index/package_run_dependencies/servo_response
[2.985s] -- Up-to-date: /root/EulerCar_v_4/install/servo_response/share/ament_index/resource_index/parent_prefix_path/servo_response
[2.986s] -- Up-to-date: /root/EulerCar_v_4/install/servo_response/share/servo_response/environment/ament_prefix_path.sh
[2.987s] -- Up-to-date: /root/EulerCar_v_4/install/servo_response/share/servo_response/environment/ament_prefix_path.dsv
[2.988s] -- Up-to-date: /root/EulerCar_v_4/install/servo_response/share/servo_response/environment/path.sh
[2.989s] -- Up-to-date: /root/EulerCar_v_4/install/servo_response/share/servo_response/environment/path.dsv
[2.990s] -- Up-to-date: /root/EulerCar_v_4/install/servo_response/share/servo_response/local_setup.bash
[3.005s] -- Up-to-date: /root/EulerCar_v_4/install/servo_response/share/servo_response/local_setup.sh
[3.008s] -- Up-to-date: /root/EulerCar_v_4/install/servo_response/share/servo_response/local_setup.zsh
[3.011s] -- Up-to-date: /root/EulerCar_v_4/install/servo_response/share/servo_response/local_setup.dsv
[3.014s] -- Installing: /root/EulerCar_v_4/install/servo_response/share/servo_response/package.dsv
[3.018s] -- Up-to-date: /root/EulerCar_v_4/install/servo_response/share/ament_index/resource_index/packages/servo_response
[3.020s] -- Up-to-date: /root/EulerCar_v_4/install/servo_response/share/servo_response/cmake/servo_responseConfig.cmake
[3.030s] -- Up-to-date: /root/EulerCar_v_4/install/servo_response/share/servo_response/cmake/servo_responseConfig-version.cmake
[3.036s] -- Up-to-date: /root/EulerCar_v_4/install/servo_response/share/servo_response/package.xml
[3.039s] Invoked command in '/root/EulerCar_v_4/build/servo_response' returned '0': CMAKE_PREFIX_PATH=${CMAKE_PREFIX_PATH}:/root/EulerCar_v_4/install/autonomous_explorer:/root/eulercar/install/hieuler_teleop:/opt/ros/foxy _=/usr/bin/env /usr/bin/cmake --install /root/EulerCar_v_4/build/servo_response
