[1.805s] DEBUG:colcon:Command line arguments: ['/usr/local/bin/colcon', 'build']
[1.806s] DEBUG:colcon:Parsed command line arguments: Namespace(ament_cmake_args=None, base_paths=['.'], build_base='build', catkin_cmake_args=None, catkin_skip_building_tests=False, cmake_args=None, cmake_clean_cache=False, cmake_clean_first=False, cmake_force_configure=False, cmake_target=None, cmake_target_skip_unavailable=False, continue_on_error=False, event_handlers=None, executor='parallel', ignore_user_meta=False, install_base='install', log_base=None, log_level=None, main=<bound method BuildVerb.main of <colcon_core.verb.build.BuildVerb object at 0x7f8d138df0>>, merge_install=False, metas=['./colcon.meta'], packages_above=None, packages_above_and_dependencies=None, packages_above_depth=None, packages_end=None, packages_ignore=None, packages_ignore_regex=None, packages_select=None, packages_select_build_failed=False, packages_select_by_dep=None, packages_select_regex=None, packages_select_test_failures=False, packages_skip=None, packages_skip_build_finished=False, packages_skip_by_dep=None, packages_skip_regex=None, packages_skip_test_passed=False, packages_skip_up_to=None, packages_start=None, packages_up_to=None, packages_up_to_regex=None, parallel_workers=4, paths=None, symlink_install=False, test_result_base=None, verb_extension=<colcon_core.verb.build.BuildVerb object at 0x7f8d138df0>, verb_name='build', verb_parser=<colcon_defaults.argument_parser.defaults.DefaultArgumentsDecorator object at 0x7f8d02b400>)
[2.912s] Level 1:colcon.colcon_core.package_discovery:discover_packages(colcon_meta) check parameters
[2.914s] Level 1:colcon.colcon_core.package_discovery:discover_packages(recursive) check parameters
[2.915s] Level 1:colcon.colcon_core.package_discovery:discover_packages(ignore) check parameters
[2.915s] Level 1:colcon.colcon_core.package_discovery:discover_packages(path) check parameters
[2.916s] Level 1:colcon.colcon_core.package_discovery:discover_packages(colcon_meta) discover
[2.917s] Level 1:colcon.colcon_core.package_discovery:discover_packages(recursive) discover
[2.918s] INFO:colcon.colcon_core.package_discovery:Crawling recursively for packages in '/root/EulerCar_v_4'
[2.920s] Level 1:colcon.colcon_core.package_identification:_identify(.) by extensions ['ignore', 'ignore_ament_install']
[2.921s] Level 1:colcon.colcon_core.package_identification:_identify(.) by extension 'ignore'
[2.922s] Level 1:colcon.colcon_core.package_identification:_identify(.) by extension 'ignore_ament_install'
[2.924s] Level 1:colcon.colcon_core.package_identification:_identify(.) by extensions ['colcon_pkg']
[2.924s] Level 1:colcon.colcon_core.package_identification:_identify(.) by extension 'colcon_pkg'
[2.925s] Level 1:colcon.colcon_core.package_identification:_identify(.) by extensions ['colcon_meta']
[2.926s] Level 1:colcon.colcon_core.package_identification:_identify(.) by extension 'colcon_meta'
[2.927s] Level 1:colcon.colcon_core.package_identification:_identify(.) by extensions ['ros']
[2.928s] Level 1:colcon.colcon_core.package_identification:_identify(.) by extension 'ros'
[3.065s] Level 1:colcon.colcon_core.package_identification:_identify(.) by extensions ['cmake', 'python']
[3.065s] Level 1:colcon.colcon_core.package_identification:_identify(.) by extension 'cmake'
[3.066s] Level 1:colcon.colcon_core.package_identification:_identify(.) by extension 'python'
[3.067s] Level 1:colcon.colcon_core.package_identification:_identify(.) by extensions ['python_setup_py']
[3.068s] Level 1:colcon.colcon_core.package_identification:_identify(.) by extension 'python_setup_py'
[3.069s] Level 1:colcon.colcon_core.package_identification:_identify(build) by extensions ['ignore', 'ignore_ament_install']
[3.070s] Level 1:colcon.colcon_core.package_identification:_identify(build) by extension 'ignore'
[3.070s] Level 1:colcon.colcon_core.package_identification:_identify(build) ignored
[3.072s] Level 1:colcon.colcon_core.package_identification:_identify(install) by extensions ['ignore', 'ignore_ament_install']
[3.073s] Level 1:colcon.colcon_core.package_identification:_identify(install) by extension 'ignore'
[3.073s] Level 1:colcon.colcon_core.package_identification:_identify(install) ignored
[3.074s] Level 1:colcon.colcon_core.package_identification:_identify(log) by extensions ['ignore', 'ignore_ament_install']
[3.075s] Level 1:colcon.colcon_core.package_identification:_identify(log) by extension 'ignore'
[3.076s] Level 1:colcon.colcon_core.package_identification:_identify(log) ignored
[3.077s] Level 1:colcon.colcon_core.package_identification:_identify(src) by extensions ['ignore', 'ignore_ament_install']
[3.078s] Level 1:colcon.colcon_core.package_identification:_identify(src) by extension 'ignore'
[3.079s] Level 1:colcon.colcon_core.package_identification:_identify(src) by extension 'ignore_ament_install'
[3.080s] Level 1:colcon.colcon_core.package_identification:_identify(src) by extensions ['colcon_pkg']
[3.080s] Level 1:colcon.colcon_core.package_identification:_identify(src) by extension 'colcon_pkg'
[3.080s] Level 1:colcon.colcon_core.package_identification:_identify(src) by extensions ['colcon_meta']
[3.081s] Level 1:colcon.colcon_core.package_identification:_identify(src) by extension 'colcon_meta'
[3.081s] Level 1:colcon.colcon_core.package_identification:_identify(src) by extensions ['ros']
[3.082s] Level 1:colcon.colcon_core.package_identification:_identify(src) by extension 'ros'
[3.083s] Level 1:colcon.colcon_core.package_identification:_identify(src) by extensions ['cmake', 'python']
[3.083s] Level 1:colcon.colcon_core.package_identification:_identify(src) by extension 'cmake'
[3.083s] Level 1:colcon.colcon_core.package_identification:_identify(src) by extension 'python'
[3.084s] Level 1:colcon.colcon_core.package_identification:_identify(src) by extensions ['python_setup_py']
[3.084s] Level 1:colcon.colcon_core.package_identification:_identify(src) by extension 'python_setup_py'
[3.086s] Level 1:colcon.colcon_core.package_identification:_identify(src/autonomous_explorer) by extensions ['ignore', 'ignore_ament_install']
[3.087s] Level 1:colcon.colcon_core.package_identification:_identify(src/autonomous_explorer) by extension 'ignore'
[3.087s] Level 1:colcon.colcon_core.package_identification:_identify(src/autonomous_explorer) by extension 'ignore_ament_install'
[3.088s] Level 1:colcon.colcon_core.package_identification:_identify(src/autonomous_explorer) by extensions ['colcon_pkg']
[3.089s] Level 1:colcon.colcon_core.package_identification:_identify(src/autonomous_explorer) by extension 'colcon_pkg'
[3.089s] Level 1:colcon.colcon_core.package_identification:_identify(src/autonomous_explorer) by extensions ['colcon_meta']
[3.089s] Level 1:colcon.colcon_core.package_identification:_identify(src/autonomous_explorer) by extension 'colcon_meta'
[3.090s] Level 1:colcon.colcon_core.package_identification:_identify(src/autonomous_explorer) by extensions ['ros']
[3.090s] Level 1:colcon.colcon_core.package_identification:_identify(src/autonomous_explorer) by extension 'ros'
[3.119s] DEBUG:colcon.colcon_core.package_identification:Package 'src/autonomous_explorer' with type 'ros.ament_python' and name 'autonomous_explorer'
[3.121s] Level 1:colcon.colcon_core.package_identification:_identify(src/servo_response) by extensions ['ignore', 'ignore_ament_install']
[3.122s] Level 1:colcon.colcon_core.package_identification:_identify(src/servo_response) by extension 'ignore'
[3.123s] Level 1:colcon.colcon_core.package_identification:_identify(src/servo_response) by extension 'ignore_ament_install'
[3.124s] Level 1:colcon.colcon_core.package_identification:_identify(src/servo_response) by extensions ['colcon_pkg']
[3.125s] Level 1:colcon.colcon_core.package_identification:_identify(src/servo_response) by extension 'colcon_pkg'
[3.126s] Level 1:colcon.colcon_core.package_identification:_identify(src/servo_response) by extensions ['colcon_meta']
[3.127s] Level 1:colcon.colcon_core.package_identification:_identify(src/servo_response) by extension 'colcon_meta'
[3.128s] Level 1:colcon.colcon_core.package_identification:_identify(src/servo_response) by extensions ['ros']
[3.128s] Level 1:colcon.colcon_core.package_identification:_identify(src/servo_response) by extension 'ros'
[3.135s] DEBUG:colcon.colcon_core.package_identification:Package 'src/servo_response' with type 'ros.ament_cmake' and name 'servo_response'
[3.135s] Level 1:colcon.colcon_core.package_discovery:discover_packages(recursive) using defaults
[3.136s] Level 1:colcon.colcon_core.package_discovery:discover_packages(ignore) discover
[3.137s] Level 1:colcon.colcon_core.package_discovery:discover_packages(ignore) using defaults
[3.138s] Level 1:colcon.colcon_core.package_discovery:discover_packages(path) discover
[3.138s] Level 1:colcon.colcon_core.package_discovery:discover_packages(path) using defaults
[3.300s] Level 5:colcon.colcon_core.verb:set package 'autonomous_explorer' build argument 'cmake_args' from command line to 'None'
[3.301s] Level 5:colcon.colcon_core.verb:set package 'autonomous_explorer' build argument 'cmake_target' from command line to 'None'
[3.303s] Level 5:colcon.colcon_core.verb:set package 'autonomous_explorer' build argument 'cmake_target_skip_unavailable' from command line to 'False'
[3.304s] Level 5:colcon.colcon_core.verb:set package 'autonomous_explorer' build argument 'cmake_clean_cache' from command line to 'False'
[3.305s] Level 5:colcon.colcon_core.verb:set package 'autonomous_explorer' build argument 'cmake_clean_first' from command line to 'False'
[3.305s] Level 5:colcon.colcon_core.verb:set package 'autonomous_explorer' build argument 'cmake_force_configure' from command line to 'False'
[3.306s] Level 5:colcon.colcon_core.verb:set package 'autonomous_explorer' build argument 'ament_cmake_args' from command line to 'None'
[3.306s] Level 5:colcon.colcon_core.verb:set package 'autonomous_explorer' build argument 'catkin_cmake_args' from command line to 'None'
[3.307s] Level 5:colcon.colcon_core.verb:set package 'autonomous_explorer' build argument 'catkin_skip_building_tests' from command line to 'False'
[3.308s] DEBUG:colcon.colcon_core.verb:Building package 'autonomous_explorer' with the following arguments: {'ament_cmake_args': None, 'build_base': '/root/EulerCar_v_4/build/autonomous_explorer', 'catkin_cmake_args': None, 'catkin_skip_building_tests': False, 'cmake_args': None, 'cmake_clean_cache': False, 'cmake_clean_first': False, 'cmake_force_configure': False, 'cmake_target': None, 'cmake_target_skip_unavailable': False, 'install_base': '/root/EulerCar_v_4/install/autonomous_explorer', 'merge_install': False, 'path': '/root/EulerCar_v_4/src/autonomous_explorer', 'symlink_install': False, 'test_result_base': None}
[3.312s] Level 5:colcon.colcon_core.verb:set package 'servo_response' build argument 'cmake_args' from command line to 'None'
[3.313s] Level 5:colcon.colcon_core.verb:set package 'servo_response' build argument 'cmake_target' from command line to 'None'
[3.314s] Level 5:colcon.colcon_core.verb:set package 'servo_response' build argument 'cmake_target_skip_unavailable' from command line to 'False'
[3.314s] Level 5:colcon.colcon_core.verb:set package 'servo_response' build argument 'cmake_clean_cache' from command line to 'False'
[3.315s] Level 5:colcon.colcon_core.verb:set package 'servo_response' build argument 'cmake_clean_first' from command line to 'False'
[3.316s] Level 5:colcon.colcon_core.verb:set package 'servo_response' build argument 'cmake_force_configure' from command line to 'False'
[3.316s] Level 5:colcon.colcon_core.verb:set package 'servo_response' build argument 'ament_cmake_args' from command line to 'None'
[3.317s] Level 5:colcon.colcon_core.verb:set package 'servo_response' build argument 'catkin_cmake_args' from command line to 'None'
[3.317s] Level 5:colcon.colcon_core.verb:set package 'servo_response' build argument 'catkin_skip_building_tests' from command line to 'False'
[3.318s] DEBUG:colcon.colcon_core.verb:Building package 'servo_response' with the following arguments: {'ament_cmake_args': None, 'build_base': '/root/EulerCar_v_4/build/servo_response', 'catkin_cmake_args': None, 'catkin_skip_building_tests': False, 'cmake_args': None, 'cmake_clean_cache': False, 'cmake_clean_first': False, 'cmake_force_configure': False, 'cmake_target': None, 'cmake_target_skip_unavailable': False, 'install_base': '/root/EulerCar_v_4/install/servo_response', 'merge_install': False, 'path': '/root/EulerCar_v_4/src/servo_response', 'symlink_install': False, 'test_result_base': None}
[3.320s] INFO:colcon.colcon_core.executor:Executing jobs using 'parallel' executor
[3.331s] DEBUG:colcon.colcon_parallel_executor.executor.parallel:run_until_complete
[3.335s] INFO:colcon.colcon_ros.task.ament_python.build:Building ROS package in '/root/EulerCar_v_4/src/autonomous_explorer' with build type 'ament_python'
[3.337s] Level 1:colcon.colcon_core.shell:create_environment_hook('autonomous_explorer', 'ament_prefix_path')
[3.359s] INFO:colcon.colcon_core.plugin_system:Skipping extension 'colcon_core.shell.bat': Not used on non-Windows systems
[3.362s] INFO:colcon.colcon_core.shell:Creating environment hook '/root/EulerCar_v_4/install/autonomous_explorer/share/autonomous_explorer/hook/ament_prefix_path.ps1'
[3.369s] INFO:colcon.colcon_core.shell:Creating environment descriptor '/root/EulerCar_v_4/install/autonomous_explorer/share/autonomous_explorer/hook/ament_prefix_path.dsv'
[3.374s] INFO:colcon.colcon_core.shell:Creating environment hook '/root/EulerCar_v_4/install/autonomous_explorer/share/autonomous_explorer/hook/ament_prefix_path.sh'
[3.383s] INFO:colcon.colcon_core.shell:Skip shell extension 'powershell' for command environment: Not usable outside of PowerShell
[3.384s] DEBUG:colcon.colcon_core.shell:Skip shell extension 'dsv' for command environment
[3.443s] INFO:colcon.colcon_ros.task.ament_cmake.build:Building ROS package in '/root/EulerCar_v_4/src/servo_response' with build type 'ament_cmake'
[3.445s] INFO:colcon.colcon_cmake.task.cmake.build:Building CMake package in '/root/EulerCar_v_4/src/servo_response'
[3.449s] INFO:colcon.colcon_core.shell:Skip shell extension 'powershell' for command environment: Not usable outside of PowerShell
[3.449s] DEBUG:colcon.colcon_core.shell:Skip shell extension 'dsv' for command environment
[5.501s] INFO:colcon.colcon_core.task.python.build:Building Python package in '/root/EulerCar_v_4/src/autonomous_explorer'
[5.504s] INFO:colcon.colcon_core.shell:Skip shell extension 'powershell' for command environment: Not usable outside of PowerShell
[5.505s] DEBUG:colcon.colcon_core.shell:Skip shell extension 'dsv' for command environment
[5.574s] DEBUG:colcon.colcon_core.event_handler.log_command:Invoking command in '/root/EulerCar_v_4/build/servo_response': CMAKE_PREFIX_PATH=${CMAKE_PREFIX_PATH}:/root/EulerCar_v_4/install/autonomous_explorer:/root/eulercar/install/hieuler_teleop:/opt/ros/foxy _=/usr/bin/env /usr/bin/cmake --build /root/EulerCar_v_4/build/servo_response -- -j4 -l4
[6.068s] DEBUG:colcon.colcon_core.event_handler.log_command:Invoked command in '/root/EulerCar_v_4/build/servo_response' returned '0': CMAKE_PREFIX_PATH=${CMAKE_PREFIX_PATH}:/root/EulerCar_v_4/install/autonomous_explorer:/root/eulercar/install/hieuler_teleop:/opt/ros/foxy _=/usr/bin/env /usr/bin/cmake --build /root/EulerCar_v_4/build/servo_response -- -j4 -l4
[6.157s] DEBUG:colcon.colcon_core.event_handler.log_command:Invoking command in '/root/EulerCar_v_4/build/servo_response': CMAKE_PREFIX_PATH=${CMAKE_PREFIX_PATH}:/root/EulerCar_v_4/install/autonomous_explorer:/root/eulercar/install/hieuler_teleop:/opt/ros/foxy _=/usr/bin/env /usr/bin/cmake --install /root/EulerCar_v_4/build/servo_response
[6.242s] Level 1:colcon.colcon_core.environment:create_environment_scripts_only(servo_response)
[6.272s] DEBUG:colcon.colcon_core.event_handler.log_command:Invoked command in '/root/EulerCar_v_4/build/servo_response' returned '0': CMAKE_PREFIX_PATH=${CMAKE_PREFIX_PATH}:/root/EulerCar_v_4/install/autonomous_explorer:/root/eulercar/install/hieuler_teleop:/opt/ros/foxy _=/usr/bin/env /usr/bin/cmake --install /root/EulerCar_v_4/build/servo_response
[6.290s] Level 1:colcon.colcon_core.environment:checking '/root/EulerCar_v_4/install/servo_response' for CMake module files
[6.295s] Level 1:colcon.colcon_core.environment:checking '/root/EulerCar_v_4/install/servo_response' for CMake config files
[6.297s] Level 1:colcon.colcon_core.shell:create_environment_hook('servo_response', 'cmake_prefix_path')
[6.299s] INFO:colcon.colcon_core.shell:Creating environment hook '/root/EulerCar_v_4/install/servo_response/share/servo_response/hook/cmake_prefix_path.ps1'
[6.304s] INFO:colcon.colcon_core.shell:Creating environment descriptor '/root/EulerCar_v_4/install/servo_response/share/servo_response/hook/cmake_prefix_path.dsv'
[6.309s] INFO:colcon.colcon_core.shell:Creating environment hook '/root/EulerCar_v_4/install/servo_response/share/servo_response/hook/cmake_prefix_path.sh'
[6.316s] Level 1:colcon.colcon_core.environment:checking '/root/EulerCar_v_4/install/servo_response/lib'
[6.318s] Level 1:colcon.colcon_core.environment:checking '/root/EulerCar_v_4/install/servo_response/bin'
[6.319s] Level 1:colcon.colcon_core.environment:checking '/root/EulerCar_v_4/install/servo_response/lib/pkgconfig/servo_response.pc'
[6.321s] Level 1:colcon.colcon_core.environment:checking '/root/EulerCar_v_4/install/servo_response/lib/python3.8/site-packages'
[6.323s] Level 1:colcon.colcon_core.environment:checking '/root/EulerCar_v_4/install/servo_response/bin'
[6.326s] INFO:colcon.colcon_core.shell:Creating package script '/root/EulerCar_v_4/install/servo_response/share/servo_response/package.ps1'
[6.334s] INFO:colcon.colcon_core.shell:Creating package descriptor '/root/EulerCar_v_4/install/servo_response/share/servo_response/package.dsv'
[6.340s] INFO:colcon.colcon_core.shell:Creating package script '/root/EulerCar_v_4/install/servo_response/share/servo_response/package.sh'
[6.348s] INFO:colcon.colcon_core.shell:Creating package script '/root/EulerCar_v_4/install/servo_response/share/servo_response/package.bash'
[6.357s] INFO:colcon.colcon_core.shell:Creating package script '/root/EulerCar_v_4/install/servo_response/share/servo_response/package.zsh'
[6.365s] Level 1:colcon.colcon_core.environment:create_file_with_runtime_dependencies(/root/EulerCar_v_4/install/servo_response/share/colcon-core/packages/servo_response)
[6.371s] Level 1:colcon.colcon_core.environment:create_environment_scripts_only(servo_response)
[6.374s] Level 1:colcon.colcon_core.environment:checking '/root/EulerCar_v_4/install/servo_response' for CMake module files
[6.381s] Level 1:colcon.colcon_core.environment:checking '/root/EulerCar_v_4/install/servo_response' for CMake config files
[6.382s] Level 1:colcon.colcon_core.shell:create_environment_hook('servo_response', 'cmake_prefix_path')
[6.385s] INFO:colcon.colcon_core.shell:Creating environment hook '/root/EulerCar_v_4/install/servo_response/share/servo_response/hook/cmake_prefix_path.ps1'
[6.390s] INFO:colcon.colcon_core.shell:Creating environment descriptor '/root/EulerCar_v_4/install/servo_response/share/servo_response/hook/cmake_prefix_path.dsv'
[6.395s] INFO:colcon.colcon_core.shell:Creating environment hook '/root/EulerCar_v_4/install/servo_response/share/servo_response/hook/cmake_prefix_path.sh'
[6.401s] Level 1:colcon.colcon_core.environment:checking '/root/EulerCar_v_4/install/servo_response/lib'
[6.402s] Level 1:colcon.colcon_core.environment:checking '/root/EulerCar_v_4/install/servo_response/bin'
[6.403s] Level 1:colcon.colcon_core.environment:checking '/root/EulerCar_v_4/install/servo_response/lib/pkgconfig/servo_response.pc'
[6.405s] Level 1:colcon.colcon_core.environment:checking '/root/EulerCar_v_4/install/servo_response/lib/python3.8/site-packages'
[6.407s] Level 1:colcon.colcon_core.environment:checking '/root/EulerCar_v_4/install/servo_response/bin'
[6.411s] INFO:colcon.colcon_core.shell:Creating package script '/root/EulerCar_v_4/install/servo_response/share/servo_response/package.ps1'
[6.416s] INFO:colcon.colcon_core.shell:Creating package descriptor '/root/EulerCar_v_4/install/servo_response/share/servo_response/package.dsv'
[6.422s] INFO:colcon.colcon_core.shell:Creating package script '/root/EulerCar_v_4/install/servo_response/share/servo_response/package.sh'
[6.427s] INFO:colcon.colcon_core.shell:Creating package script '/root/EulerCar_v_4/install/servo_response/share/servo_response/package.bash'
[6.432s] INFO:colcon.colcon_core.shell:Creating package script '/root/EulerCar_v_4/install/servo_response/share/servo_response/package.zsh'
[6.437s] Level 1:colcon.colcon_core.environment:create_file_with_runtime_dependencies(/root/EulerCar_v_4/install/servo_response/share/colcon-core/packages/servo_response)
[9.578s] DEBUG:colcon.colcon_core.event_handler.log_command:Invoking command in '/root/EulerCar_v_4/src/autonomous_explorer': PYTHONPATH=/root/EulerCar_v_4/build/autonomous_explorer/prefix_override:/usr/local/lib/python3.8/dist-packages/colcon_core/task/python/colcon_distutils_commands:/root/EulerCar_v_4/install/autonomous_explorer/lib/python3.8/site-packages:${PYTHONPATH} _=/usr/bin/env /usr/bin/python3 -W ignore:setup.py install is deprecated -W ignore:easy_install command is deprecated setup.py egg_info --egg-base ../../build/autonomous_explorer build --build-base /root/EulerCar_v_4/build/autonomous_explorer/build install --record /root/EulerCar_v_4/build/autonomous_explorer/install.log --install-scripts $base/lib/autonomous_explorer --single-version-externally-managed install_data
[12.247s] Level 1:colcon.colcon_core.environment:checking '/root/EulerCar_v_4/install/autonomous_explorer' for CMake module files
[12.252s] DEBUG:colcon.colcon_core.event_handler.log_command:Invoked command in '/root/EulerCar_v_4/src/autonomous_explorer' returned '0': PYTHONPATH=/root/EulerCar_v_4/build/autonomous_explorer/prefix_override:/usr/local/lib/python3.8/dist-packages/colcon_core/task/python/colcon_distutils_commands:/root/EulerCar_v_4/install/autonomous_explorer/lib/python3.8/site-packages:${PYTHONPATH} _=/usr/bin/env /usr/bin/python3 -W ignore:setup.py install is deprecated -W ignore:easy_install command is deprecated setup.py egg_info --egg-base ../../build/autonomous_explorer build --build-base /root/EulerCar_v_4/build/autonomous_explorer/build install --record /root/EulerCar_v_4/build/autonomous_explorer/install.log --install-scripts $base/lib/autonomous_explorer --single-version-externally-managed install_data
[12.256s] Level 1:colcon.colcon_core.environment:checking '/root/EulerCar_v_4/install/autonomous_explorer' for CMake config files
[12.261s] Level 1:colcon.colcon_core.environment:checking '/root/EulerCar_v_4/install/autonomous_explorer/lib'
[12.262s] Level 1:colcon.colcon_core.environment:checking '/root/EulerCar_v_4/install/autonomous_explorer/bin'
[12.263s] Level 1:colcon.colcon_core.environment:checking '/root/EulerCar_v_4/install/autonomous_explorer/lib/pkgconfig/autonomous_explorer.pc'
[12.265s] Level 1:colcon.colcon_core.environment:checking '/root/EulerCar_v_4/install/autonomous_explorer/lib/python3.8/site-packages'
[12.265s] Level 1:colcon.colcon_core.shell:create_environment_hook('autonomous_explorer', 'pythonpath')
[12.268s] INFO:colcon.colcon_core.shell:Creating environment hook '/root/EulerCar_v_4/install/autonomous_explorer/share/autonomous_explorer/hook/pythonpath.ps1'
[12.273s] INFO:colcon.colcon_core.shell:Creating environment descriptor '/root/EulerCar_v_4/install/autonomous_explorer/share/autonomous_explorer/hook/pythonpath.dsv'
[12.277s] INFO:colcon.colcon_core.shell:Creating environment hook '/root/EulerCar_v_4/install/autonomous_explorer/share/autonomous_explorer/hook/pythonpath.sh'
[12.283s] Level 1:colcon.colcon_core.environment:checking '/root/EulerCar_v_4/install/autonomous_explorer/bin'
[12.283s] Level 1:colcon.colcon_core.environment:create_environment_scripts_only(autonomous_explorer)
[12.287s] INFO:colcon.colcon_core.shell:Creating package script '/root/EulerCar_v_4/install/autonomous_explorer/share/autonomous_explorer/package.ps1'
[12.293s] INFO:colcon.colcon_core.shell:Creating package descriptor '/root/EulerCar_v_4/install/autonomous_explorer/share/autonomous_explorer/package.dsv'
[12.298s] INFO:colcon.colcon_core.shell:Creating package script '/root/EulerCar_v_4/install/autonomous_explorer/share/autonomous_explorer/package.sh'
[12.315s] INFO:colcon.colcon_core.shell:Creating package script '/root/EulerCar_v_4/install/autonomous_explorer/share/autonomous_explorer/package.bash'
[12.320s] INFO:colcon.colcon_core.shell:Creating package script '/root/EulerCar_v_4/install/autonomous_explorer/share/autonomous_explorer/package.zsh'
[12.324s] Level 1:colcon.colcon_core.environment:create_file_with_runtime_dependencies(/root/EulerCar_v_4/install/autonomous_explorer/share/colcon-core/packages/autonomous_explorer)
[12.328s] DEBUG:colcon.colcon_parallel_executor.executor.parallel:closing loop
[12.330s] DEBUG:colcon.colcon_parallel_executor.executor.parallel:loop closed
[12.332s] DEBUG:colcon.colcon_parallel_executor.executor.parallel:run_until_complete finished with '0'
[12.333s] DEBUG:colcon.colcon_core.event_reactor:joining thread
[12.382s] INFO:colcon.colcon_core.plugin_system:Skipping extension 'colcon_notification.desktop_notification.terminal_notifier': Not used on non-Darwin systems
[12.383s] INFO:colcon.colcon_core.plugin_system:Skipping extension 'colcon_notification.desktop_notification.win32': Not used on non-Windows systems
[12.384s] INFO:colcon.colcon_notification.desktop_notification:Sending desktop notification using 'notify2'
[37.407s] DEBUG:colcon.colcon_notification.desktop_notification.notify2:Failed to initialize notify2: org.freedesktop.DBus.Error.NoReply: Did not receive a reply. Possible causes include: the remote application did not send a reply, the message bus security policy blocked the reply, the reply timeout expired, or the network connection was broken.
[37.408s] DEBUG:colcon.colcon_core.event_reactor:joined thread
[37.411s] INFO:colcon.colcon_core.shell:Creating prefix script '/root/EulerCar_v_4/install/local_setup.ps1'
[37.419s] INFO:colcon.colcon_core.shell:Creating prefix util module '/root/EulerCar_v_4/install/_local_setup_util_ps1.py'
[37.433s] INFO:colcon.colcon_core.shell:Creating prefix chain script '/root/EulerCar_v_4/install/setup.ps1'
[37.445s] INFO:colcon.colcon_core.shell:Creating prefix script '/root/EulerCar_v_4/install/local_setup.sh'
[37.451s] INFO:colcon.colcon_core.shell:Creating prefix util module '/root/EulerCar_v_4/install/_local_setup_util_sh.py'
[37.457s] INFO:colcon.colcon_core.shell:Creating prefix chain script '/root/EulerCar_v_4/install/setup.sh'
[37.471s] INFO:colcon.colcon_core.shell:Creating prefix script '/root/EulerCar_v_4/install/local_setup.bash'
[37.477s] INFO:colcon.colcon_core.shell:Creating prefix chain script '/root/EulerCar_v_4/install/setup.bash'
[37.489s] INFO:colcon.colcon_core.shell:Creating prefix script '/root/EulerCar_v_4/install/local_setup.zsh'
[37.494s] INFO:colcon.colcon_core.shell:Creating prefix chain script '/root/EulerCar_v_4/install/setup.zsh'
