[100%] Built target servo_node
-- Install configuration: ""
-- Up-to-date: /root/EulerCar_v_4/install/servo_response/lib/servo_response/servo_node
-- Up-to-date: /root/EulerCar_v_4/install/servo_response/include
-- Up-to-date: /root/EulerCar_v_4/install/servo_response/include/servo_response
-- Up-to-date: /root/EulerCar_v_4/install/servo_response/include/servo_response/servo_util.hpp
-- Up-to-date: /root/EulerCar_v_4/install/servo_response/include/servo_response/servo_node.hpp
-- Up-to-date: /root/EulerCar_v_4/install/servo_response/share/ament_index/resource_index/package_run_dependencies/servo_response
-- Up-to-date: /root/EulerCar_v_4/install/servo_response/share/ament_index/resource_index/parent_prefix_path/servo_response
-- Up-to-date: /root/EulerCar_v_4/install/servo_response/share/servo_response/environment/ament_prefix_path.sh
-- Up-to-date: /root/EulerCar_v_4/install/servo_response/share/servo_response/environment/ament_prefix_path.dsv
-- Up-to-date: /root/EulerCar_v_4/install/servo_response/share/servo_response/environment/path.sh
-- Up-to-date: /root/EulerCar_v_4/install/servo_response/share/servo_response/environment/path.dsv
-- Up-to-date: /root/EulerCar_v_4/install/servo_response/share/servo_response/local_setup.bash
-- Up-to-date: /root/EulerCar_v_4/install/servo_response/share/servo_response/local_setup.sh
-- Up-to-date: /root/EulerCar_v_4/install/servo_response/share/servo_response/local_setup.zsh
-- Up-to-date: /root/EulerCar_v_4/install/servo_response/share/servo_response/local_setup.dsv
-- Installing: /root/EulerCar_v_4/install/servo_response/share/servo_response/package.dsv
-- Up-to-date: /root/EulerCar_v_4/install/servo_response/share/ament_index/resource_index/packages/servo_response
-- Up-to-date: /root/EulerCar_v_4/install/servo_response/share/servo_response/cmake/servo_responseConfig.cmake
-- Up-to-date: /root/EulerCar_v_4/install/servo_response/share/servo_response/cmake/servo_responseConfig-version.cmake
-- Up-to-date: /root/EulerCar_v_4/install/servo_response/share/servo_response/package.xml
