[6.998s] Invoking command in '/root/EulerCar_v_4/src/autonomous_explorer': PYTHONPATH=/root/EulerCar_v_4/build/autonomous_explorer/prefix_override:/usr/local/lib/python3.8/dist-packages/colcon_core/task/python/colcon_distutils_commands:/root/EulerCar_v_4/install/autonomous_explorer/lib/python3.8/site-packages:${PYTHONPATH} _=/usr/bin/env /usr/bin/python3 -W ignore:setup.py install is deprecated -W ignore:easy_install command is deprecated setup.py egg_info --egg-base ../../build/autonomous_explorer build --build-base /root/EulerCar_v_4/build/autonomous_explorer/build install --record /root/EulerCar_v_4/build/autonomous_explorer/install.log --install-scripts $base/lib/autonomous_explorer --single-version-externally-managed install_data
[9.262s] running egg_info
[9.270s] creating ../../build/autonomous_explorer/autonomous_explorer.egg-info
[9.272s] writing ../../build/autonomous_explorer/autonomous_explorer.egg-info/PKG-INFO
[9.275s] writing dependency_links to ../../build/autonomous_explorer/autonomous_explorer.egg-info/dependency_links.txt
[9.280s] writing entry points to ../../build/autonomous_explorer/autonomous_explorer.egg-info/entry_points.txt
[9.282s] writing requirements to ../../build/autonomous_explorer/autonomous_explorer.egg-info/requires.txt
[9.283s] writing top-level names to ../../build/autonomous_explorer/autonomous_explorer.egg-info/top_level.txt
[9.297s] writing manifest file '../../build/autonomous_explorer/autonomous_explorer.egg-info/SOURCES.txt'
[9.658s] reading manifest file '../../build/autonomous_explorer/autonomous_explorer.egg-info/SOURCES.txt'
[9.667s] writing manifest file '../../build/autonomous_explorer/autonomous_explorer.egg-info/SOURCES.txt'
[9.668s] running build
[9.670s] running build_py
[9.672s] creating /root/EulerCar_v_4/build/autonomous_explorer/build
[9.674s] creating /root/EulerCar_v_4/build/autonomous_explorer/build/lib
[9.676s] creating /root/EulerCar_v_4/build/autonomous_explorer/build/lib/autonomous_explorer
[9.678s] copying autonomous_explorer/img_detectV1.py -> /root/EulerCar_v_4/build/autonomous_explorer/build/lib/autonomous_explorer
[9.680s] copying autonomous_explorer/detect_and_grab.py -> /root/EulerCar_v_4/build/autonomous_explorer/build/lib/autonomous_explorer
[9.682s] copying autonomous_explorer/myexplorer.py -> /root/EulerCar_v_4/build/autonomous_explorer/build/lib/autonomous_explorer
[9.684s] copying autonomous_explorer/img_detect.py -> /root/EulerCar_v_4/build/autonomous_explorer/build/lib/autonomous_explorer
[9.685s] copying autonomous_explorer/myexplorerV1.py -> /root/EulerCar_v_4/build/autonomous_explorer/build/lib/autonomous_explorer
[9.687s] copying autonomous_explorer/grab_box.py -> /root/EulerCar_v_4/build/autonomous_explorer/build/lib/autonomous_explorer
[9.688s] copying autonomous_explorer/detect_and_grabV1.py -> /root/EulerCar_v_4/build/autonomous_explorer/build/lib/autonomous_explorer
[9.689s] copying autonomous_explorer/__init__.py -> /root/EulerCar_v_4/build/autonomous_explorer/build/lib/autonomous_explorer
[9.690s] copying autonomous_explorer/utils.py -> /root/EulerCar_v_4/build/autonomous_explorer/build/lib/autonomous_explorer
[9.692s] running install
[9.696s] running install_lib
[9.709s] creating /root/EulerCar_v_4/install/autonomous_explorer/lib/python3.8/site-packages/autonomous_explorer
[9.710s] copying /root/EulerCar_v_4/build/autonomous_explorer/build/lib/autonomous_explorer/img_detectV1.py -> /root/EulerCar_v_4/install/autonomous_explorer/lib/python3.8/site-packages/autonomous_explorer
[9.712s] copying /root/EulerCar_v_4/build/autonomous_explorer/build/lib/autonomous_explorer/detect_and_grab.py -> /root/EulerCar_v_4/install/autonomous_explorer/lib/python3.8/site-packages/autonomous_explorer
[9.714s] copying /root/EulerCar_v_4/build/autonomous_explorer/build/lib/autonomous_explorer/myexplorer.py -> /root/EulerCar_v_4/install/autonomous_explorer/lib/python3.8/site-packages/autonomous_explorer
[9.717s] copying /root/EulerCar_v_4/build/autonomous_explorer/build/lib/autonomous_explorer/img_detect.py -> /root/EulerCar_v_4/install/autonomous_explorer/lib/python3.8/site-packages/autonomous_explorer
[9.719s] copying /root/EulerCar_v_4/build/autonomous_explorer/build/lib/autonomous_explorer/myexplorerV1.py -> /root/EulerCar_v_4/install/autonomous_explorer/lib/python3.8/site-packages/autonomous_explorer
[9.721s] copying /root/EulerCar_v_4/build/autonomous_explorer/build/lib/autonomous_explorer/grab_box.py -> /root/EulerCar_v_4/install/autonomous_explorer/lib/python3.8/site-packages/autonomous_explorer
[9.723s] copying /root/EulerCar_v_4/build/autonomous_explorer/build/lib/autonomous_explorer/detect_and_grabV1.py -> /root/EulerCar_v_4/install/autonomous_explorer/lib/python3.8/site-packages/autonomous_explorer
[9.724s] copying /root/EulerCar_v_4/build/autonomous_explorer/build/lib/autonomous_explorer/__init__.py -> /root/EulerCar_v_4/install/autonomous_explorer/lib/python3.8/site-packages/autonomous_explorer
[9.726s] copying /root/EulerCar_v_4/build/autonomous_explorer/build/lib/autonomous_explorer/utils.py -> /root/EulerCar_v_4/install/autonomous_explorer/lib/python3.8/site-packages/autonomous_explorer
[9.728s] byte-compiling /root/EulerCar_v_4/install/autonomous_explorer/lib/python3.8/site-packages/autonomous_explorer/img_detectV1.py to img_detectV1.cpython-38.pyc
[9.748s] byte-compiling /root/EulerCar_v_4/install/autonomous_explorer/lib/python3.8/site-packages/autonomous_explorer/detect_and_grab.py to detect_and_grab.cpython-38.pyc
[9.756s] byte-compiling /root/EulerCar_v_4/install/autonomous_explorer/lib/python3.8/site-packages/autonomous_explorer/myexplorer.py to myexplorer.cpython-38.pyc
[9.789s] byte-compiling /root/EulerCar_v_4/install/autonomous_explorer/lib/python3.8/site-packages/autonomous_explorer/img_detect.py to img_detect.cpython-38.pyc
[9.796s] byte-compiling /root/EulerCar_v_4/install/autonomous_explorer/lib/python3.8/site-packages/autonomous_explorer/myexplorerV1.py to myexplorerV1.cpython-38.pyc
[9.831s] byte-compiling /root/EulerCar_v_4/install/autonomous_explorer/lib/python3.8/site-packages/autonomous_explorer/grab_box.py to grab_box.cpython-38.pyc
[9.837s] byte-compiling /root/EulerCar_v_4/install/autonomous_explorer/lib/python3.8/site-packages/autonomous_explorer/detect_and_grabV1.py to detect_and_grabV1.cpython-38.pyc
[9.845s] byte-compiling /root/EulerCar_v_4/install/autonomous_explorer/lib/python3.8/site-packages/autonomous_explorer/__init__.py to __init__.cpython-38.pyc
[9.847s] byte-compiling /root/EulerCar_v_4/install/autonomous_explorer/lib/python3.8/site-packages/autonomous_explorer/utils.py to utils.cpython-38.pyc
[9.851s] running install_data
[9.853s] creating /root/EulerCar_v_4/install/autonomous_explorer/share/ament_index
[9.855s] creating /root/EulerCar_v_4/install/autonomous_explorer/share/ament_index/resource_index
[9.857s] creating /root/EulerCar_v_4/install/autonomous_explorer/share/ament_index/resource_index/packages
[9.859s] copying resource/autonomous_explorer -> /root/EulerCar_v_4/install/autonomous_explorer/share/ament_index/resource_index/packages
[9.860s] copying package.xml -> /root/EulerCar_v_4/install/autonomous_explorer/share/autonomous_explorer
[9.862s] creating /root/EulerCar_v_4/install/autonomous_explorer/share/autonomous_explorer/launch
[9.864s] copying launch/explorer.launch.py -> /root/EulerCar_v_4/install/autonomous_explorer/share/autonomous_explorer/launch
[9.866s] creating /root/EulerCar_v_4/install/autonomous_explorer/share/autonomous_explorer/config
[9.868s] copying config/robot_params.yaml -> /root/EulerCar_v_4/install/autonomous_explorer/share/autonomous_explorer/config
[9.870s] running install_egg_info
[9.879s] Copying ../../build/autonomous_explorer/autonomous_explorer.egg-info to /root/EulerCar_v_4/install/autonomous_explorer/lib/python3.8/site-packages/autonomous_explorer-1.0.0-py3.8.egg-info
[9.889s] running install_scripts
[10.091s] Installing explorer_node script to /root/EulerCar_v_4/install/autonomous_explorer/lib/autonomous_explorer
[10.097s] writing list of installed files to '/root/EulerCar_v_4/build/autonomous_explorer/install.log'
[10.419s] Invoked command in '/root/EulerCar_v_4/src/autonomous_explorer' returned '0': PYTHONPATH=/root/EulerCar_v_4/build/autonomous_explorer/prefix_override:/usr/local/lib/python3.8/dist-packages/colcon_core/task/python/colcon_distutils_commands:/root/EulerCar_v_4/install/autonomous_explorer/lib/python3.8/site-packages:${PYTHONPATH} _=/usr/bin/env /usr/bin/python3 -W ignore:setup.py install is deprecated -W ignore:easy_install command is deprecated setup.py egg_info --egg-base ../../build/autonomous_explorer build --build-base /root/EulerCar_v_4/build/autonomous_explorer/build install --record /root/EulerCar_v_4/build/autonomous_explorer/install.log --install-scripts $base/lib/autonomous_explorer --single-version-externally-managed install_data
