[2.032s] Invoking command in '/root/EulerCar_v_4/build/servo_response': CMAKE_PREFIX_PATH=${CMAKE_PREFIX_PATH}:/root/eulercar/install/hieuler_teleop:/opt/ros/foxy _=/usr/bin/env /usr/bin/cmake /root/EulerCar_v_4/src/servo_response -DCMAKE_INSTALL_PREFIX=/root/EulerCar_v_4/install/servo_response
[2.704s] -- The C compiler identification is GNU 9.4.0
[3.280s] -- The CXX compiler identification is GNU 9.4.0
[3.337s] -- Check for working C compiler: /usr/bin/cc
[3.844s] -- Check for working C compiler: /usr/bin/cc -- works
[3.853s] -- Detecting C compiler ABI info
[4.347s] -- Detecting C compiler ABI info - done
[4.450s] -- Detecting C compile features
[4.453s] -- Detecting C compile features - done
[4.475s] -- Check for working CXX compiler: /usr/bin/c++
[5.054s] -- Check for working CXX compiler: /usr/bin/c++ -- works
[5.061s] -- Detecting CXX compiler ABI info
[5.630s] -- Detecting CXX compiler ABI info - done
[5.740s] -- Detecting CXX compile features
[5.744s] -- Detecting CXX compile features - done
[5.762s] -- Found ament_cmake: 0.9.12 (/opt/ros/foxy/share/ament_cmake/cmake)
[6.002s] -- Found PythonInterp: /usr/bin/python3 (found suitable version "3.8.10", minimum required is "3") 
[6.003s] -- Using PYTHON_EXECUTABLE: /usr/bin/python3
[7.967s] -- Found rclcpp: 2.4.3 (/opt/ros/foxy/share/rclcpp/cmake)
[8.315s] -- Using all available rosidl_typesupport_c: rosidl_typesupport_fastrtps_c;rosidl_typesupport_introspection_c
[8.367s] -- Found rosidl_adapter: 1.3.1 (/opt/ros/foxy/share/rosidl_adapter/cmake)
[8.876s] -- Found OpenSSL: /usr/lib/aarch64-linux-gnu/libcrypto.so (found version "1.1.1f")  
[9.034s] -- Found FastRTPS: /opt/ros/foxy/include  
[9.581s] -- Using all available rosidl_typesupport_cpp: rosidl_typesupport_fastrtps_cpp;rosidl_typesupport_introspection_cpp
[10.125s] -- Found rmw_implementation_cmake: 1.0.4 (/opt/ros/foxy/share/rmw_implementation_cmake/cmake)
[10.172s] -- Using RMW implementation 'rmw_fastrtps_cpp' as default
[10.198s] -- Looking for pthread.h
[10.776s] -- Looking for pthread.h - found
[10.777s] -- Performing Test CMAKE_HAVE_LIBC_PTHREAD
[11.262s] -- Performing Test CMAKE_HAVE_LIBC_PTHREAD - Failed
[11.264s] -- Looking for pthread_create in pthreads
[11.608s] -- Looking for pthread_create in pthreads - not found
[11.609s] -- Looking for pthread_create in pthread
[12.081s] -- Looking for pthread_create in pthread - found
[12.088s] -- Found Threads: TRUE  
[13.385s] -- Found std_srvs: 2.0.5 (/opt/ros/foxy/share/std_srvs/cmake)
[13.469s] -- Found ament_lint_auto: 0.9.8 (/opt/ros/foxy/share/ament_lint_auto/cmake)
[14.137s] -- Added test 'copyright' to check source files copyright and LICENSE
[14.145s] -- Added test 'cppcheck' to perform static code analysis on C / C++ code
[14.147s] -- Configured cppcheck include dirs: /root/EulerCar_v_4/src/servo_response/include
[14.148s] -- Configured cppcheck exclude dirs and/or files: 
[14.154s] -- Added test 'cpplint' to check C / C++ code against the Google style
[14.155s] -- Configured cpplint exclude dirs and/or files: 
[14.161s] -- Added test 'lint_cmake' to check CMake code style
[14.169s] -- Added test 'uncrustify' to check C / C++ code style
[14.171s] -- Configured uncrustify additional arguments: 
[14.174s] -- Added test 'xmllint' to check XML markup files
[14.192s] -- Configuring done
[14.250s] -- Generating done
[14.278s] -- Build files have been written to: /root/EulerCar_v_4/build/servo_response
[14.323s] Invoked command in '/root/EulerCar_v_4/build/servo_response' returned '0': CMAKE_PREFIX_PATH=${CMAKE_PREFIX_PATH}:/root/eulercar/install/hieuler_teleop:/opt/ros/foxy _=/usr/bin/env /usr/bin/cmake /root/EulerCar_v_4/src/servo_response -DCMAKE_INSTALL_PREFIX=/root/EulerCar_v_4/install/servo_response
[14.340s] Invoking command in '/root/EulerCar_v_4/build/servo_response': CMAKE_PREFIX_PATH=${CMAKE_PREFIX_PATH}:/root/eulercar/install/hieuler_teleop:/opt/ros/foxy _=/usr/bin/env /usr/bin/cmake --build /root/EulerCar_v_4/build/servo_response -- -j4 -l4
[14.611s] [35m[1mScanning dependencies of target servo_node[0m
[14.975s] [ 33%] [32mBuilding CXX object CMakeFiles/servo_node.dir/src/servo_util.cpp.o[0m
[14.979s] [ 66%] [32mBuilding CXX object CMakeFiles/servo_node.dir/src/servo_node.cpp.o[0m
[38.511s] [100%] [32m[1mLinking CXX executable servo_node[0m
[39.974s] [100%] Built target servo_node
[40.054s] Invoked command in '/root/EulerCar_v_4/build/servo_response' returned '0': CMAKE_PREFIX_PATH=${CMAKE_PREFIX_PATH}:/root/eulercar/install/hieuler_teleop:/opt/ros/foxy _=/usr/bin/env /usr/bin/cmake --build /root/EulerCar_v_4/build/servo_response -- -j4 -l4
[40.143s] Invoking command in '/root/EulerCar_v_4/build/servo_response': CMAKE_PREFIX_PATH=${CMAKE_PREFIX_PATH}:/root/eulercar/install/hieuler_teleop:/opt/ros/foxy _=/usr/bin/env /usr/bin/cmake --install /root/EulerCar_v_4/build/servo_response
[40.207s] -- Install configuration: ""
[40.209s] -- Installing: /root/EulerCar_v_4/install/servo_response/lib/servo_response/servo_node
[40.214s] -- Set runtime path of "/root/EulerCar_v_4/install/servo_response/lib/servo_response/servo_node" to ""
[40.215s] -- Installing: /root/EulerCar_v_4/install/servo_response/include
[40.221s] -- Installing: /root/EulerCar_v_4/install/servo_response/include/servo_response
[40.223s] -- Installing: /root/EulerCar_v_4/install/servo_response/include/servo_response/servo_util.hpp
[40.225s] -- Installing: /root/EulerCar_v_4/install/servo_response/include/servo_response/servo_node.hpp
[40.227s] -- Installing: /root/EulerCar_v_4/install/servo_response/share/ament_index/resource_index/package_run_dependencies/servo_response
[40.231s] -- Installing: /root/EulerCar_v_4/install/servo_response/share/ament_index/resource_index/parent_prefix_path/servo_response
[40.234s] -- Installing: /root/EulerCar_v_4/install/servo_response/share/servo_response/environment/ament_prefix_path.sh
[40.236s] -- Installing: /root/EulerCar_v_4/install/servo_response/share/servo_response/environment/ament_prefix_path.dsv
[40.238s] -- Installing: /root/EulerCar_v_4/install/servo_response/share/servo_response/environment/path.sh
[40.240s] -- Installing: /root/EulerCar_v_4/install/servo_response/share/servo_response/environment/path.dsv
[40.242s] -- Installing: /root/EulerCar_v_4/install/servo_response/share/servo_response/local_setup.bash
[40.243s] -- Installing: /root/EulerCar_v_4/install/servo_response/share/servo_response/local_setup.sh
[40.244s] -- Installing: /root/EulerCar_v_4/install/servo_response/share/servo_response/local_setup.zsh
[40.246s] -- Installing: /root/EulerCar_v_4/install/servo_response/share/servo_response/local_setup.dsv
[40.249s] -- Installing: /root/EulerCar_v_4/install/servo_response/share/servo_response/package.dsv
[40.252s] -- Installing: /root/EulerCar_v_4/install/servo_response/share/ament_index/resource_index/packages/servo_response
[40.261s] -- Installing: /root/EulerCar_v_4/install/servo_response/share/servo_response/cmake/servo_responseConfig.cmake
[40.265s] -- Installing: /root/EulerCar_v_4/install/servo_response/share/servo_response/cmake/servo_responseConfig-version.cmake
[40.266s] -- Installing: /root/EulerCar_v_4/install/servo_response/share/servo_response/package.xml
[40.269s] Invoked command in '/root/EulerCar_v_4/build/servo_response' returned '0': CMAKE_PREFIX_PATH=${CMAKE_PREFIX_PATH}:/root/eulercar/install/hieuler_teleop:/opt/ros/foxy _=/usr/bin/env /usr/bin/cmake --install /root/EulerCar_v_4/build/servo_response
