Performing C SOURCE FILE Test CMAKE_HAVE_LIBC_PTHREAD failed with the following output:
Change Dir: /root/autonomous_explorer_ws_new/build/servo_response/CMakeFiles/CMakeTmp

Run Build Command(s):/usr/bin/make cmTC_81d72/fast && /usr/bin/make -f CMakeFiles/cmTC_81d72.dir/build.make CMakeFiles/cmTC_81d72.dir/build
make[1]: Entering directory '/root/autonomous_explorer_ws_new/build/servo_response/CMakeFiles/CMakeTmp'
Building C object CMakeFiles/cmTC_81d72.dir/src.c.o
/usr/bin/cc   -DCMAKE_HAVE_LIBC_PTHREAD   -o CMakeFiles/cmTC_81d72.dir/src.c.o   -c /root/autonomous_explorer_ws_new/build/servo_response/CMakeFiles/CMakeTmp/src.c
Linking C executable cmTC_81d72
/usr/bin/cmake -E cmake_link_script CMakeFiles/cmTC_81d72.dir/link.txt --verbose=1
/usr/bin/cc  -DCMAKE_HAVE_LIBC_PTHREAD    CMakeFiles/cmTC_81d72.dir/src.c.o  -o cmTC_81d72 
/usr/bin/ld: CMakeFiles/cmTC_81d72.dir/src.c.o: in function `main':
src.c:(.text+0x48): undefined reference to `pthread_create'
/usr/bin/ld: src.c:(.text+0x50): undefined reference to `pthread_detach'
/usr/bin/ld: src.c:(.text+0x5c): undefined reference to `pthread_join'
collect2: error: ld returned 1 exit status
make[1]: *** [CMakeFiles/cmTC_81d72.dir/build.make:87: cmTC_81d72] Error 1
make[1]: Leaving directory '/root/autonomous_explorer_ws_new/build/servo_response/CMakeFiles/CMakeTmp'
make: *** [Makefile:121: cmTC_81d72/fast] Error 2


Source file was:
#include <pthread.h>

void* test_func(void* data)
{
  return data;
}

int main(void)
{
  pthread_t thread;
  pthread_create(&thread, NULL, test_func, NULL);
  pthread_detach(thread);
  pthread_join(thread, NULL);
  pthread_atfork(NULL, NULL, NULL);
  pthread_exit(NULL);

  return 0;
}

Determining if the function pthread_create exists in the pthreads failed with the following output:
Change Dir: /root/autonomous_explorer_ws_new/build/servo_response/CMakeFiles/CMakeTmp

Run Build Command(s):/usr/bin/make cmTC_7192f/fast && /usr/bin/make -f CMakeFiles/cmTC_7192f.dir/build.make CMakeFiles/cmTC_7192f.dir/build
make[1]: Entering directory '/root/autonomous_explorer_ws_new/build/servo_response/CMakeFiles/CMakeTmp'
Building C object CMakeFiles/cmTC_7192f.dir/CheckFunctionExists.c.o
/usr/bin/cc   -DCHECK_FUNCTION_EXISTS=pthread_create   -o CMakeFiles/cmTC_7192f.dir/CheckFunctionExists.c.o   -c /usr/share/cmake-3.16/Modules/CheckFunctionExists.c
Linking C executable cmTC_7192f
/usr/bin/cmake -E cmake_link_script CMakeFiles/cmTC_7192f.dir/link.txt --verbose=1
/usr/bin/cc  -DCHECK_FUNCTION_EXISTS=pthread_create    CMakeFiles/cmTC_7192f.dir/CheckFunctionExists.c.o  -o cmTC_7192f  -lpthreads 
/usr/bin/ld: cannot find -lpthreads
collect2: error: ld returned 1 exit status
make[1]: *** [CMakeFiles/cmTC_7192f.dir/build.make:87: cmTC_7192f] Error 1
make[1]: Leaving directory '/root/autonomous_explorer_ws_new/build/servo_response/CMakeFiles/CMakeTmp'
make: *** [Makefile:121: cmTC_7192f/fast] Error 2



