[2.103s] Invoking command in '/root/autonomous_explorer_ws_new/build/servo_response': CMAKE_PREFIX_PATH=${CMAKE_PREFIX_PATH}:/root/autonomous_explorer_ws_new/install/autonomous_explorer:/root/eulercar/install/hieuler_teleop:/opt/ros/foxy _=/usr/bin/env /usr/bin/cmake /root/autonomous_explorer_ws_new/src/servo_response -DAMENT_CMAKE_SYMLINK_INSTALL=1 -DCMAKE_INSTALL_PREFIX=/root/autonomous_explorer_ws_new/install/servo_response
[2.735s] -- The C compiler identification is GNU 9.4.0
[3.155s] -- The CXX compiler identification is GNU 9.4.0
[3.202s] -- Check for working C compiler: /usr/bin/cc
[3.724s] -- Check for working C compiler: /usr/bin/cc -- works
[3.732s] -- Detecting C compiler ABI info
[4.260s] -- Detecting C compiler ABI info - done
[4.376s] -- Detecting C compile features
[4.380s] -- Detecting C compile features - done
[4.403s] -- Check for working CXX compiler: /usr/bin/c++
[4.981s] -- Check for working CXX compiler: /usr/bin/c++ -- works
[4.989s] -- Detecting CXX compiler ABI info
[5.569s] -- Detecting CXX compiler ABI info - done
[5.671s] -- Detecting CXX compile features
[5.676s] -- Detecting CXX compile features - done
[5.702s] -- Found ament_cmake: 0.9.12 (/opt/ros/foxy/share/ament_cmake/cmake)
[5.970s] -- Found PythonInterp: /usr/bin/python3 (found suitable version "3.8.10", minimum required is "3") 
[5.972s] -- Using PYTHON_EXECUTABLE: /usr/bin/python3
[7.878s] -- Override CMake install command with custom implementation using symlinks instead of copying resources
[8.055s] -- Found rclcpp: 2.4.3 (/opt/ros/foxy/share/rclcpp/cmake)
[8.419s] -- Using all available rosidl_typesupport_c: rosidl_typesupport_fastrtps_c;rosidl_typesupport_introspection_c
[8.478s] -- Found rosidl_adapter: 1.3.1 (/opt/ros/foxy/share/rosidl_adapter/cmake)
[9.027s] -- Found OpenSSL: /usr/lib/aarch64-linux-gnu/libcrypto.so (found version "1.1.1f")  
[9.191s] -- Found FastRTPS: /opt/ros/foxy/include  
[9.791s] -- Using all available rosidl_typesupport_cpp: rosidl_typesupport_fastrtps_cpp;rosidl_typesupport_introspection_cpp
[10.355s] -- Found rmw_implementation_cmake: 1.0.4 (/opt/ros/foxy/share/rmw_implementation_cmake/cmake)
[10.374s] -- Using RMW implementation 'rmw_fastrtps_cpp' as default
[10.385s] -- Looking for pthread.h
[10.942s] -- Looking for pthread.h - found
[10.944s] -- Performing Test CMAKE_HAVE_LIBC_PTHREAD
[11.491s] -- Performing Test CMAKE_HAVE_LIBC_PTHREAD - Failed
[11.495s] -- Looking for pthread_create in pthreads
[11.889s] -- Looking for pthread_create in pthreads - not found
[11.890s] -- Looking for pthread_create in pthread
[12.399s] -- Looking for pthread_create in pthread - found
[12.407s] -- Found Threads: TRUE  
[13.753s] -- Found std_srvs: 2.0.5 (/opt/ros/foxy/share/std_srvs/cmake)
[13.836s] -- Found ament_lint_auto: 0.9.8 (/opt/ros/foxy/share/ament_lint_auto/cmake)
[14.534s] -- Added test 'copyright' to check source files copyright and LICENSE
[14.542s] -- Added test 'cppcheck' to perform static code analysis on C / C++ code
[14.544s] -- Configured cppcheck include dirs: /root/autonomous_explorer_ws_new/src/servo_response/include
[14.545s] -- Configured cppcheck exclude dirs and/or files: 
[14.551s] -- Added test 'cpplint' to check C / C++ code against the Google style
[14.552s] -- Configured cpplint exclude dirs and/or files: 
[14.558s] -- Added test 'lint_cmake' to check CMake code style
[14.566s] -- Added test 'uncrustify' to check C / C++ code style
[14.567s] -- Configured uncrustify additional arguments: 
[14.571s] -- Added test 'xmllint' to check XML markup files
[14.593s] -- Configuring done
[14.649s] -- Generating done
[14.677s] -- Build files have been written to: /root/autonomous_explorer_ws_new/build/servo_response
[14.757s] Invoked command in '/root/autonomous_explorer_ws_new/build/servo_response' returned '0': CMAKE_PREFIX_PATH=${CMAKE_PREFIX_PATH}:/root/autonomous_explorer_ws_new/install/autonomous_explorer:/root/eulercar/install/hieuler_teleop:/opt/ros/foxy _=/usr/bin/env /usr/bin/cmake /root/autonomous_explorer_ws_new/src/servo_response -DAMENT_CMAKE_SYMLINK_INSTALL=1 -DCMAKE_INSTALL_PREFIX=/root/autonomous_explorer_ws_new/install/servo_response
[14.773s] Invoking command in '/root/autonomous_explorer_ws_new/build/servo_response': CMAKE_PREFIX_PATH=${CMAKE_PREFIX_PATH}:/root/autonomous_explorer_ws_new/install/autonomous_explorer:/root/eulercar/install/hieuler_teleop:/opt/ros/foxy _=/usr/bin/env /usr/bin/cmake --build /root/autonomous_explorer_ws_new/build/servo_response -- -j4 -l4
[15.050s] [35m[1mScanning dependencies of target servo_node[0m
[15.440s] [ 33%] [32mBuilding CXX object CMakeFiles/servo_node.dir/src/servo_util.cpp.o[0m
[15.448s] [ 66%] [32mBuilding CXX object CMakeFiles/servo_node.dir/src/servo_node.cpp.o[0m
[36.412s] [100%] [32m[1mLinking CXX executable servo_node[0m
[37.749s] [100%] Built target servo_node
[37.820s] Invoked command in '/root/autonomous_explorer_ws_new/build/servo_response' returned '0': CMAKE_PREFIX_PATH=${CMAKE_PREFIX_PATH}:/root/autonomous_explorer_ws_new/install/autonomous_explorer:/root/eulercar/install/hieuler_teleop:/opt/ros/foxy _=/usr/bin/env /usr/bin/cmake --build /root/autonomous_explorer_ws_new/build/servo_response -- -j4 -l4
[37.905s] Invoking command in '/root/autonomous_explorer_ws_new/build/servo_response': CMAKE_PREFIX_PATH=${CMAKE_PREFIX_PATH}:/root/autonomous_explorer_ws_new/install/autonomous_explorer:/root/eulercar/install/hieuler_teleop:/opt/ros/foxy _=/usr/bin/env /usr/bin/cmake --install /root/autonomous_explorer_ws_new/build/servo_response
[37.961s] -- Install configuration: ""
[37.964s] -- Execute custom install script
[37.967s] -- Symlinking: /root/autonomous_explorer_ws_new/install/servo_response/lib/servo_response/servo_node
[38.025s] -- Symlinking: /root/autonomous_explorer_ws_new/install/servo_response/include/servo_response/servo_node.hpp
[38.081s] -- Symlinking: /root/autonomous_explorer_ws_new/install/servo_response/include/servo_response/servo_util.hpp
[38.141s] -- Symlinking: /root/autonomous_explorer_ws_new/install/servo_response/share/ament_index/resource_index/package_run_dependencies/servo_response
[38.197s] -- Symlinking: /root/autonomous_explorer_ws_new/install/servo_response/share/ament_index/resource_index/parent_prefix_path/servo_response
[38.255s] -- Symlinking: /root/autonomous_explorer_ws_new/install/servo_response/share/servo_response/environment/ament_prefix_path.sh
[38.313s] -- Symlinking: /root/autonomous_explorer_ws_new/install/servo_response/share/servo_response/environment/ament_prefix_path.dsv
[38.369s] -- Symlinking: /root/autonomous_explorer_ws_new/install/servo_response/share/servo_response/environment/path.sh
[38.425s] -- Symlinking: /root/autonomous_explorer_ws_new/install/servo_response/share/servo_response/environment/path.dsv
[38.482s] -- Symlinking: /root/autonomous_explorer_ws_new/install/servo_response/share/servo_response/local_setup.bash
[38.538s] -- Symlinking: /root/autonomous_explorer_ws_new/install/servo_response/share/servo_response/local_setup.sh
[38.595s] -- Symlinking: /root/autonomous_explorer_ws_new/install/servo_response/share/servo_response/local_setup.zsh
[38.650s] -- Symlinking: /root/autonomous_explorer_ws_new/install/servo_response/share/servo_response/local_setup.dsv
[38.707s] -- Symlinking: /root/autonomous_explorer_ws_new/install/servo_response/share/servo_response/package.dsv
[38.763s] -- Symlinking: /root/autonomous_explorer_ws_new/install/servo_response/share/ament_index/resource_index/packages/servo_response
[38.818s] -- Symlinking: /root/autonomous_explorer_ws_new/install/servo_response/share/servo_response/cmake/servo_responseConfig.cmake
[38.873s] -- Symlinking: /root/autonomous_explorer_ws_new/install/servo_response/share/servo_response/cmake/servo_responseConfig-version.cmake
[38.933s] -- Symlinking: /root/autonomous_explorer_ws_new/install/servo_response/share/servo_response/package.xml
[39.006s] Invoked command in '/root/autonomous_explorer_ws_new/build/servo_response' returned '0': CMAKE_PREFIX_PATH=${CMAKE_PREFIX_PATH}:/root/autonomous_explorer_ws_new/install/autonomous_explorer:/root/eulercar/install/hieuler_teleop:/opt/ros/foxy _=/usr/bin/env /usr/bin/cmake --install /root/autonomous_explorer_ws_new/build/servo_response
