[1.818s] DEBUG:colcon:Command line arguments: ['/usr/local/bin/colcon', 'build']
[1.819s] DEBUG:colcon:Parsed command line arguments: Namespace(ament_cmake_args=None, base_paths=['.'], build_base='build', catkin_cmake_args=None, catkin_skip_building_tests=False, cmake_args=None, cmake_clean_cache=False, cmake_clean_first=False, cmake_force_configure=False, cmake_target=None, cmake_target_skip_unavailable=False, continue_on_error=False, event_handlers=None, executor='parallel', ignore_user_meta=False, install_base='install', log_base=None, log_level=None, main=<bound method BuildVerb.main of <colcon_core.verb.build.BuildVerb object at 0x7f9ecbae20>>, merge_install=False, metas=['./colcon.meta'], packages_above=None, packages_above_and_dependencies=None, packages_above_depth=None, packages_end=None, packages_ignore=None, packages_ignore_regex=None, packages_select=None, packages_select_build_failed=False, packages_select_by_dep=None, packages_select_regex=None, packages_select_test_failures=False, packages_skip=None, packages_skip_build_finished=False, packages_skip_by_dep=None, packages_skip_regex=None, packages_skip_test_passed=False, packages_skip_up_to=None, packages_start=None, packages_up_to=None, packages_up_to_regex=None, parallel_workers=4, paths=None, symlink_install=False, test_result_base=None, verb_extension=<colcon_core.verb.build.BuildVerb object at 0x7f9ecbae20>, verb_name='build', verb_parser=<colcon_defaults.argument_parser.defaults.DefaultArgumentsDecorator object at 0x7f9ebae430>)
[2.931s] Level 1:colcon.colcon_core.package_discovery:discover_packages(colcon_meta) check parameters
[2.932s] Level 1:colcon.colcon_core.package_discovery:discover_packages(recursive) check parameters
[2.932s] Level 1:colcon.colcon_core.package_discovery:discover_packages(ignore) check parameters
[2.933s] Level 1:colcon.colcon_core.package_discovery:discover_packages(path) check parameters
[2.933s] Level 1:colcon.colcon_core.package_discovery:discover_packages(colcon_meta) discover
[2.934s] Level 1:colcon.colcon_core.package_discovery:discover_packages(recursive) discover
[2.934s] INFO:colcon.colcon_core.package_discovery:Crawling recursively for packages in '/root/EulerCar_v_4'
[2.935s] Level 1:colcon.colcon_core.package_identification:_identify(.) by extensions ['ignore', 'ignore_ament_install']
[2.936s] Level 1:colcon.colcon_core.package_identification:_identify(.) by extension 'ignore'
[2.937s] Level 1:colcon.colcon_core.package_identification:_identify(.) by extension 'ignore_ament_install'
[2.937s] Level 1:colcon.colcon_core.package_identification:_identify(.) by extensions ['colcon_pkg']
[2.938s] Level 1:colcon.colcon_core.package_identification:_identify(.) by extension 'colcon_pkg'
[2.938s] Level 1:colcon.colcon_core.package_identification:_identify(.) by extensions ['colcon_meta']
[2.939s] Level 1:colcon.colcon_core.package_identification:_identify(.) by extension 'colcon_meta'
[2.939s] Level 1:colcon.colcon_core.package_identification:_identify(.) by extensions ['ros']
[2.940s] Level 1:colcon.colcon_core.package_identification:_identify(.) by extension 'ros'
[3.069s] Level 1:colcon.colcon_core.package_identification:_identify(.) by extensions ['cmake', 'python']
[3.070s] Level 1:colcon.colcon_core.package_identification:_identify(.) by extension 'cmake'
[3.071s] Level 1:colcon.colcon_core.package_identification:_identify(.) by extension 'python'
[3.072s] Level 1:colcon.colcon_core.package_identification:_identify(.) by extensions ['python_setup_py']
[3.073s] Level 1:colcon.colcon_core.package_identification:_identify(.) by extension 'python_setup_py'
[3.074s] Level 1:colcon.colcon_core.package_identification:_identify(build) by extensions ['ignore', 'ignore_ament_install']
[3.076s] Level 1:colcon.colcon_core.package_identification:_identify(build) by extension 'ignore'
[3.077s] Level 1:colcon.colcon_core.package_identification:_identify(build) ignored
[3.079s] Level 1:colcon.colcon_core.package_identification:_identify(install) by extensions ['ignore', 'ignore_ament_install']
[3.080s] Level 1:colcon.colcon_core.package_identification:_identify(install) by extension 'ignore'
[3.082s] Level 1:colcon.colcon_core.package_identification:_identify(install) ignored
[3.083s] Level 1:colcon.colcon_core.package_identification:_identify(log) by extensions ['ignore', 'ignore_ament_install']
[3.086s] Level 1:colcon.colcon_core.package_identification:_identify(log) by extension 'ignore'
[3.087s] Level 1:colcon.colcon_core.package_identification:_identify(log) ignored
[3.088s] Level 1:colcon.colcon_core.package_identification:_identify(src) by extensions ['ignore', 'ignore_ament_install']
[3.090s] Level 1:colcon.colcon_core.package_identification:_identify(src) by extension 'ignore'
[3.091s] Level 1:colcon.colcon_core.package_identification:_identify(src) by extension 'ignore_ament_install'
[3.092s] Level 1:colcon.colcon_core.package_identification:_identify(src) by extensions ['colcon_pkg']
[3.093s] Level 1:colcon.colcon_core.package_identification:_identify(src) by extension 'colcon_pkg'
[3.094s] Level 1:colcon.colcon_core.package_identification:_identify(src) by extensions ['colcon_meta']
[3.095s] Level 1:colcon.colcon_core.package_identification:_identify(src) by extension 'colcon_meta'
[3.096s] Level 1:colcon.colcon_core.package_identification:_identify(src) by extensions ['ros']
[3.096s] Level 1:colcon.colcon_core.package_identification:_identify(src) by extension 'ros'
[3.098s] Level 1:colcon.colcon_core.package_identification:_identify(src) by extensions ['cmake', 'python']
[3.098s] Level 1:colcon.colcon_core.package_identification:_identify(src) by extension 'cmake'
[3.099s] Level 1:colcon.colcon_core.package_identification:_identify(src) by extension 'python'
[3.100s] Level 1:colcon.colcon_core.package_identification:_identify(src) by extensions ['python_setup_py']
[3.101s] Level 1:colcon.colcon_core.package_identification:_identify(src) by extension 'python_setup_py'
[3.102s] Level 1:colcon.colcon_core.package_identification:_identify(src/autonomous_explorer) by extensions ['ignore', 'ignore_ament_install']
[3.104s] Level 1:colcon.colcon_core.package_identification:_identify(src/autonomous_explorer) by extension 'ignore'
[3.105s] Level 1:colcon.colcon_core.package_identification:_identify(src/autonomous_explorer) by extension 'ignore_ament_install'
[3.106s] Level 1:colcon.colcon_core.package_identification:_identify(src/autonomous_explorer) by extensions ['colcon_pkg']
[3.106s] Level 1:colcon.colcon_core.package_identification:_identify(src/autonomous_explorer) by extension 'colcon_pkg'
[3.108s] Level 1:colcon.colcon_core.package_identification:_identify(src/autonomous_explorer) by extensions ['colcon_meta']
[3.108s] Level 1:colcon.colcon_core.package_identification:_identify(src/autonomous_explorer) by extension 'colcon_meta'
[3.109s] Level 1:colcon.colcon_core.package_identification:_identify(src/autonomous_explorer) by extensions ['ros']
[3.110s] Level 1:colcon.colcon_core.package_identification:_identify(src/autonomous_explorer) by extension 'ros'
[3.138s] DEBUG:colcon.colcon_core.package_identification:Package 'src/autonomous_explorer' with type 'ros.ament_python' and name 'autonomous_explorer'
[3.139s] Level 1:colcon.colcon_core.package_identification:_identify(src/servo_response) by extensions ['ignore', 'ignore_ament_install']
[3.140s] Level 1:colcon.colcon_core.package_identification:_identify(src/servo_response) by extension 'ignore'
[3.141s] Level 1:colcon.colcon_core.package_identification:_identify(src/servo_response) by extension 'ignore_ament_install'
[3.142s] Level 1:colcon.colcon_core.package_identification:_identify(src/servo_response) by extensions ['colcon_pkg']
[3.142s] Level 1:colcon.colcon_core.package_identification:_identify(src/servo_response) by extension 'colcon_pkg'
[3.143s] Level 1:colcon.colcon_core.package_identification:_identify(src/servo_response) by extensions ['colcon_meta']
[3.143s] Level 1:colcon.colcon_core.package_identification:_identify(src/servo_response) by extension 'colcon_meta'
[3.144s] Level 1:colcon.colcon_core.package_identification:_identify(src/servo_response) by extensions ['ros']
[3.145s] Level 1:colcon.colcon_core.package_identification:_identify(src/servo_response) by extension 'ros'
[3.151s] DEBUG:colcon.colcon_core.package_identification:Package 'src/servo_response' with type 'ros.ament_cmake' and name 'servo_response'
[3.151s] Level 1:colcon.colcon_core.package_discovery:discover_packages(recursive) using defaults
[3.152s] Level 1:colcon.colcon_core.package_discovery:discover_packages(ignore) discover
[3.152s] Level 1:colcon.colcon_core.package_discovery:discover_packages(ignore) using defaults
[3.153s] Level 1:colcon.colcon_core.package_discovery:discover_packages(path) discover
[3.153s] Level 1:colcon.colcon_core.package_discovery:discover_packages(path) using defaults
[3.314s] Level 5:colcon.colcon_core.verb:set package 'autonomous_explorer' build argument 'cmake_args' from command line to 'None'
[3.314s] Level 5:colcon.colcon_core.verb:set package 'autonomous_explorer' build argument 'cmake_target' from command line to 'None'
[3.315s] Level 5:colcon.colcon_core.verb:set package 'autonomous_explorer' build argument 'cmake_target_skip_unavailable' from command line to 'False'
[3.316s] Level 5:colcon.colcon_core.verb:set package 'autonomous_explorer' build argument 'cmake_clean_cache' from command line to 'False'
[3.316s] Level 5:colcon.colcon_core.verb:set package 'autonomous_explorer' build argument 'cmake_clean_first' from command line to 'False'
[3.317s] Level 5:colcon.colcon_core.verb:set package 'autonomous_explorer' build argument 'cmake_force_configure' from command line to 'False'
[3.317s] Level 5:colcon.colcon_core.verb:set package 'autonomous_explorer' build argument 'ament_cmake_args' from command line to 'None'
[3.318s] Level 5:colcon.colcon_core.verb:set package 'autonomous_explorer' build argument 'catkin_cmake_args' from command line to 'None'
[3.318s] Level 5:colcon.colcon_core.verb:set package 'autonomous_explorer' build argument 'catkin_skip_building_tests' from command line to 'False'
[3.319s] DEBUG:colcon.colcon_core.verb:Building package 'autonomous_explorer' with the following arguments: {'ament_cmake_args': None, 'build_base': '/root/EulerCar_v_4/build/autonomous_explorer', 'catkin_cmake_args': None, 'catkin_skip_building_tests': False, 'cmake_args': None, 'cmake_clean_cache': False, 'cmake_clean_first': False, 'cmake_force_configure': False, 'cmake_target': None, 'cmake_target_skip_unavailable': False, 'install_base': '/root/EulerCar_v_4/install/autonomous_explorer', 'merge_install': False, 'path': '/root/EulerCar_v_4/src/autonomous_explorer', 'symlink_install': False, 'test_result_base': None}
[3.324s] Level 5:colcon.colcon_core.verb:set package 'servo_response' build argument 'cmake_args' from command line to 'None'
[3.325s] Level 5:colcon.colcon_core.verb:set package 'servo_response' build argument 'cmake_target' from command line to 'None'
[3.325s] Level 5:colcon.colcon_core.verb:set package 'servo_response' build argument 'cmake_target_skip_unavailable' from command line to 'False'
[3.326s] Level 5:colcon.colcon_core.verb:set package 'servo_response' build argument 'cmake_clean_cache' from command line to 'False'
[3.326s] Level 5:colcon.colcon_core.verb:set package 'servo_response' build argument 'cmake_clean_first' from command line to 'False'
[3.327s] Level 5:colcon.colcon_core.verb:set package 'servo_response' build argument 'cmake_force_configure' from command line to 'False'
[3.327s] Level 5:colcon.colcon_core.verb:set package 'servo_response' build argument 'ament_cmake_args' from command line to 'None'
[3.328s] Level 5:colcon.colcon_core.verb:set package 'servo_response' build argument 'catkin_cmake_args' from command line to 'None'
[3.328s] Level 5:colcon.colcon_core.verb:set package 'servo_response' build argument 'catkin_skip_building_tests' from command line to 'False'
[3.329s] DEBUG:colcon.colcon_core.verb:Building package 'servo_response' with the following arguments: {'ament_cmake_args': None, 'build_base': '/root/EulerCar_v_4/build/servo_response', 'catkin_cmake_args': None, 'catkin_skip_building_tests': False, 'cmake_args': None, 'cmake_clean_cache': False, 'cmake_clean_first': False, 'cmake_force_configure': False, 'cmake_target': None, 'cmake_target_skip_unavailable': False, 'install_base': '/root/EulerCar_v_4/install/servo_response', 'merge_install': False, 'path': '/root/EulerCar_v_4/src/servo_response', 'symlink_install': False, 'test_result_base': None}
[3.331s] INFO:colcon.colcon_core.executor:Executing jobs using 'parallel' executor
[3.342s] DEBUG:colcon.colcon_parallel_executor.executor.parallel:run_until_complete
[3.346s] INFO:colcon.colcon_ros.task.ament_python.build:Building ROS package in '/root/EulerCar_v_4/src/autonomous_explorer' with build type 'ament_python'
[3.348s] Level 1:colcon.colcon_core.shell:create_environment_hook('autonomous_explorer', 'ament_prefix_path')
[3.371s] INFO:colcon.colcon_core.plugin_system:Skipping extension 'colcon_core.shell.bat': Not used on non-Windows systems
[3.374s] INFO:colcon.colcon_core.shell:Creating environment hook '/root/EulerCar_v_4/install/autonomous_explorer/share/autonomous_explorer/hook/ament_prefix_path.ps1'
[3.380s] INFO:colcon.colcon_core.shell:Creating environment descriptor '/root/EulerCar_v_4/install/autonomous_explorer/share/autonomous_explorer/hook/ament_prefix_path.dsv'
[3.386s] INFO:colcon.colcon_core.shell:Creating environment hook '/root/EulerCar_v_4/install/autonomous_explorer/share/autonomous_explorer/hook/ament_prefix_path.sh'
[3.395s] INFO:colcon.colcon_core.shell:Skip shell extension 'powershell' for command environment: Not usable outside of PowerShell
[3.395s] DEBUG:colcon.colcon_core.shell:Skip shell extension 'dsv' for command environment
[3.458s] INFO:colcon.colcon_ros.task.ament_cmake.build:Building ROS package in '/root/EulerCar_v_4/src/servo_response' with build type 'ament_cmake'
[3.460s] INFO:colcon.colcon_cmake.task.cmake.build:Building CMake package in '/root/EulerCar_v_4/src/servo_response'
[3.465s] INFO:colcon.colcon_core.shell:Skip shell extension 'powershell' for command environment: Not usable outside of PowerShell
[3.466s] DEBUG:colcon.colcon_core.shell:Skip shell extension 'dsv' for command environment
[5.477s] INFO:colcon.colcon_core.task.python.build:Building Python package in '/root/EulerCar_v_4/src/autonomous_explorer'
[5.480s] INFO:colcon.colcon_core.shell:Skip shell extension 'powershell' for command environment: Not usable outside of PowerShell
[5.481s] DEBUG:colcon.colcon_core.shell:Skip shell extension 'dsv' for command environment
[5.549s] DEBUG:colcon.colcon_core.event_handler.log_command:Invoking command in '/root/EulerCar_v_4/build/servo_response': CMAKE_PREFIX_PATH=${CMAKE_PREFIX_PATH}:/root/EulerCar_v_4/install/autonomous_explorer:/root/eulercar/install/hieuler_teleop:/opt/ros/foxy _=/usr/bin/env /usr/bin/cmake --build /root/EulerCar_v_4/build/servo_response -- -j4 -l4
[6.075s] DEBUG:colcon.colcon_core.event_handler.log_command:Invoked command in '/root/EulerCar_v_4/build/servo_response' returned '0': CMAKE_PREFIX_PATH=${CMAKE_PREFIX_PATH}:/root/EulerCar_v_4/install/autonomous_explorer:/root/eulercar/install/hieuler_teleop:/opt/ros/foxy _=/usr/bin/env /usr/bin/cmake --build /root/EulerCar_v_4/build/servo_response -- -j4 -l4
[6.150s] DEBUG:colcon.colcon_core.event_handler.log_command:Invoking command in '/root/EulerCar_v_4/build/servo_response': CMAKE_PREFIX_PATH=${CMAKE_PREFIX_PATH}:/root/EulerCar_v_4/install/autonomous_explorer:/root/eulercar/install/hieuler_teleop:/opt/ros/foxy _=/usr/bin/env /usr/bin/cmake --install /root/EulerCar_v_4/build/servo_response
[6.232s] Level 1:colcon.colcon_core.environment:create_environment_scripts_only(servo_response)
[6.269s] Level 1:colcon.colcon_core.environment:checking '/root/EulerCar_v_4/install/servo_response' for CMake module files
[6.288s] DEBUG:colcon.colcon_core.event_handler.log_command:Invoked command in '/root/EulerCar_v_4/build/servo_response' returned '0': CMAKE_PREFIX_PATH=${CMAKE_PREFIX_PATH}:/root/EulerCar_v_4/install/autonomous_explorer:/root/eulercar/install/hieuler_teleop:/opt/ros/foxy _=/usr/bin/env /usr/bin/cmake --install /root/EulerCar_v_4/build/servo_response
[6.290s] Level 1:colcon.colcon_core.environment:checking '/root/EulerCar_v_4/install/servo_response' for CMake config files
[6.291s] Level 1:colcon.colcon_core.shell:create_environment_hook('servo_response', 'cmake_prefix_path')
[6.295s] INFO:colcon.colcon_core.shell:Creating environment hook '/root/EulerCar_v_4/install/servo_response/share/servo_response/hook/cmake_prefix_path.ps1'
[6.300s] INFO:colcon.colcon_core.shell:Creating environment descriptor '/root/EulerCar_v_4/install/servo_response/share/servo_response/hook/cmake_prefix_path.dsv'
[6.305s] INFO:colcon.colcon_core.shell:Creating environment hook '/root/EulerCar_v_4/install/servo_response/share/servo_response/hook/cmake_prefix_path.sh'
[6.313s] Level 1:colcon.colcon_core.environment:checking '/root/EulerCar_v_4/install/servo_response/lib'
[6.314s] Level 1:colcon.colcon_core.environment:checking '/root/EulerCar_v_4/install/servo_response/bin'
[6.315s] Level 1:colcon.colcon_core.environment:checking '/root/EulerCar_v_4/install/servo_response/lib/pkgconfig/servo_response.pc'
[6.317s] Level 1:colcon.colcon_core.environment:checking '/root/EulerCar_v_4/install/servo_response/lib/python3.8/site-packages'
[6.320s] Level 1:colcon.colcon_core.environment:checking '/root/EulerCar_v_4/install/servo_response/bin'
[6.323s] INFO:colcon.colcon_core.shell:Creating package script '/root/EulerCar_v_4/install/servo_response/share/servo_response/package.ps1'
[6.331s] INFO:colcon.colcon_core.shell:Creating package descriptor '/root/EulerCar_v_4/install/servo_response/share/servo_response/package.dsv'
[6.337s] INFO:colcon.colcon_core.shell:Creating package script '/root/EulerCar_v_4/install/servo_response/share/servo_response/package.sh'
[6.345s] INFO:colcon.colcon_core.shell:Creating package script '/root/EulerCar_v_4/install/servo_response/share/servo_response/package.bash'
[6.353s] INFO:colcon.colcon_core.shell:Creating package script '/root/EulerCar_v_4/install/servo_response/share/servo_response/package.zsh'
[6.361s] Level 1:colcon.colcon_core.environment:create_file_with_runtime_dependencies(/root/EulerCar_v_4/install/servo_response/share/colcon-core/packages/servo_response)
[6.368s] Level 1:colcon.colcon_core.environment:create_environment_scripts_only(servo_response)
[6.371s] Level 1:colcon.colcon_core.environment:checking '/root/EulerCar_v_4/install/servo_response' for CMake module files
[6.376s] Level 1:colcon.colcon_core.environment:checking '/root/EulerCar_v_4/install/servo_response' for CMake config files
[6.377s] Level 1:colcon.colcon_core.shell:create_environment_hook('servo_response', 'cmake_prefix_path')
[6.380s] INFO:colcon.colcon_core.shell:Creating environment hook '/root/EulerCar_v_4/install/servo_response/share/servo_response/hook/cmake_prefix_path.ps1'
[6.386s] INFO:colcon.colcon_core.shell:Creating environment descriptor '/root/EulerCar_v_4/install/servo_response/share/servo_response/hook/cmake_prefix_path.dsv'
[6.391s] INFO:colcon.colcon_core.shell:Creating environment hook '/root/EulerCar_v_4/install/servo_response/share/servo_response/hook/cmake_prefix_path.sh'
[6.397s] Level 1:colcon.colcon_core.environment:checking '/root/EulerCar_v_4/install/servo_response/lib'
[6.398s] Level 1:colcon.colcon_core.environment:checking '/root/EulerCar_v_4/install/servo_response/bin'
[6.399s] Level 1:colcon.colcon_core.environment:checking '/root/EulerCar_v_4/install/servo_response/lib/pkgconfig/servo_response.pc'
[6.401s] Level 1:colcon.colcon_core.environment:checking '/root/EulerCar_v_4/install/servo_response/lib/python3.8/site-packages'
[6.403s] Level 1:colcon.colcon_core.environment:checking '/root/EulerCar_v_4/install/servo_response/bin'
[6.407s] INFO:colcon.colcon_core.shell:Creating package script '/root/EulerCar_v_4/install/servo_response/share/servo_response/package.ps1'
[6.412s] INFO:colcon.colcon_core.shell:Creating package descriptor '/root/EulerCar_v_4/install/servo_response/share/servo_response/package.dsv'
[6.418s] INFO:colcon.colcon_core.shell:Creating package script '/root/EulerCar_v_4/install/servo_response/share/servo_response/package.sh'
[6.423s] INFO:colcon.colcon_core.shell:Creating package script '/root/EulerCar_v_4/install/servo_response/share/servo_response/package.bash'
[6.429s] INFO:colcon.colcon_core.shell:Creating package script '/root/EulerCar_v_4/install/servo_response/share/servo_response/package.zsh'
[6.434s] Level 1:colcon.colcon_core.environment:create_file_with_runtime_dependencies(/root/EulerCar_v_4/install/servo_response/share/colcon-core/packages/servo_response)
[9.528s] DEBUG:colcon.colcon_core.event_handler.log_command:Invoking command in '/root/EulerCar_v_4/src/autonomous_explorer': PYTHONPATH=/root/EulerCar_v_4/build/autonomous_explorer/prefix_override:/usr/local/lib/python3.8/dist-packages/colcon_core/task/python/colcon_distutils_commands:/root/EulerCar_v_4/install/autonomous_explorer/lib/python3.8/site-packages:${PYTHONPATH} _=/usr/bin/env /usr/bin/python3 -W ignore:setup.py install is deprecated -W ignore:easy_install command is deprecated setup.py egg_info --egg-base ../../build/autonomous_explorer build --build-base /root/EulerCar_v_4/build/autonomous_explorer/build install --record /root/EulerCar_v_4/build/autonomous_explorer/install.log --install-scripts $base/lib/autonomous_explorer --single-version-externally-managed install_data
[12.221s] Level 1:colcon.colcon_core.environment:checking '/root/EulerCar_v_4/install/autonomous_explorer' for CMake module files
[12.226s] DEBUG:colcon.colcon_core.event_handler.log_command:Invoked command in '/root/EulerCar_v_4/src/autonomous_explorer' returned '0': PYTHONPATH=/root/EulerCar_v_4/build/autonomous_explorer/prefix_override:/usr/local/lib/python3.8/dist-packages/colcon_core/task/python/colcon_distutils_commands:/root/EulerCar_v_4/install/autonomous_explorer/lib/python3.8/site-packages:${PYTHONPATH} _=/usr/bin/env /usr/bin/python3 -W ignore:setup.py install is deprecated -W ignore:easy_install command is deprecated setup.py egg_info --egg-base ../../build/autonomous_explorer build --build-base /root/EulerCar_v_4/build/autonomous_explorer/build install --record /root/EulerCar_v_4/build/autonomous_explorer/install.log --install-scripts $base/lib/autonomous_explorer --single-version-externally-managed install_data
[12.228s] Level 1:colcon.colcon_core.environment:checking '/root/EulerCar_v_4/install/autonomous_explorer' for CMake config files
[12.233s] Level 1:colcon.colcon_core.environment:checking '/root/EulerCar_v_4/install/autonomous_explorer/lib'
[12.234s] Level 1:colcon.colcon_core.environment:checking '/root/EulerCar_v_4/install/autonomous_explorer/bin'
[12.235s] Level 1:colcon.colcon_core.environment:checking '/root/EulerCar_v_4/install/autonomous_explorer/lib/pkgconfig/autonomous_explorer.pc'
[12.238s] Level 1:colcon.colcon_core.environment:checking '/root/EulerCar_v_4/install/autonomous_explorer/lib/python3.8/site-packages'
[12.239s] Level 1:colcon.colcon_core.shell:create_environment_hook('autonomous_explorer', 'pythonpath')
[12.241s] INFO:colcon.colcon_core.shell:Creating environment hook '/root/EulerCar_v_4/install/autonomous_explorer/share/autonomous_explorer/hook/pythonpath.ps1'
[12.246s] INFO:colcon.colcon_core.shell:Creating environment descriptor '/root/EulerCar_v_4/install/autonomous_explorer/share/autonomous_explorer/hook/pythonpath.dsv'
[12.251s] INFO:colcon.colcon_core.shell:Creating environment hook '/root/EulerCar_v_4/install/autonomous_explorer/share/autonomous_explorer/hook/pythonpath.sh'
[12.256s] Level 1:colcon.colcon_core.environment:checking '/root/EulerCar_v_4/install/autonomous_explorer/bin'
[12.257s] Level 1:colcon.colcon_core.environment:create_environment_scripts_only(autonomous_explorer)
[12.261s] INFO:colcon.colcon_core.shell:Creating package script '/root/EulerCar_v_4/install/autonomous_explorer/share/autonomous_explorer/package.ps1'
[12.266s] INFO:colcon.colcon_core.shell:Creating package descriptor '/root/EulerCar_v_4/install/autonomous_explorer/share/autonomous_explorer/package.dsv'
[12.272s] INFO:colcon.colcon_core.shell:Creating package script '/root/EulerCar_v_4/install/autonomous_explorer/share/autonomous_explorer/package.sh'
[12.291s] INFO:colcon.colcon_core.shell:Creating package script '/root/EulerCar_v_4/install/autonomous_explorer/share/autonomous_explorer/package.bash'
[12.295s] INFO:colcon.colcon_core.shell:Creating package script '/root/EulerCar_v_4/install/autonomous_explorer/share/autonomous_explorer/package.zsh'
[12.300s] Level 1:colcon.colcon_core.environment:create_file_with_runtime_dependencies(/root/EulerCar_v_4/install/autonomous_explorer/share/colcon-core/packages/autonomous_explorer)
[12.303s] DEBUG:colcon.colcon_parallel_executor.executor.parallel:closing loop
[12.306s] DEBUG:colcon.colcon_parallel_executor.executor.parallel:loop closed
[12.307s] DEBUG:colcon.colcon_parallel_executor.executor.parallel:run_until_complete finished with '0'
[12.308s] DEBUG:colcon.colcon_core.event_reactor:joining thread
[12.356s] INFO:colcon.colcon_core.plugin_system:Skipping extension 'colcon_notification.desktop_notification.terminal_notifier': Not used on non-Darwin systems
[12.357s] INFO:colcon.colcon_core.plugin_system:Skipping extension 'colcon_notification.desktop_notification.win32': Not used on non-Windows systems
[12.357s] INFO:colcon.colcon_notification.desktop_notification:Sending desktop notification using 'notify2'
[37.380s] DEBUG:colcon.colcon_notification.desktop_notification.notify2:Failed to initialize notify2: org.freedesktop.DBus.Error.NoReply: Did not receive a reply. Possible causes include: the remote application did not send a reply, the message bus security policy blocked the reply, the reply timeout expired, or the network connection was broken.
[37.381s] DEBUG:colcon.colcon_core.event_reactor:joined thread
[37.384s] INFO:colcon.colcon_core.shell:Creating prefix script '/root/EulerCar_v_4/install/local_setup.ps1'
[37.393s] INFO:colcon.colcon_core.shell:Creating prefix util module '/root/EulerCar_v_4/install/_local_setup_util_ps1.py'
[37.405s] INFO:colcon.colcon_core.shell:Creating prefix chain script '/root/EulerCar_v_4/install/setup.ps1'
[37.416s] INFO:colcon.colcon_core.shell:Creating prefix script '/root/EulerCar_v_4/install/local_setup.sh'
[37.422s] INFO:colcon.colcon_core.shell:Creating prefix util module '/root/EulerCar_v_4/install/_local_setup_util_sh.py'
[37.429s] INFO:colcon.colcon_core.shell:Creating prefix chain script '/root/EulerCar_v_4/install/setup.sh'
[37.442s] INFO:colcon.colcon_core.shell:Creating prefix script '/root/EulerCar_v_4/install/local_setup.bash'
[37.447s] INFO:colcon.colcon_core.shell:Creating prefix chain script '/root/EulerCar_v_4/install/setup.bash'
[37.459s] INFO:colcon.colcon_core.shell:Creating prefix script '/root/EulerCar_v_4/install/local_setup.zsh'
[37.465s] INFO:colcon.colcon_core.shell:Creating prefix chain script '/root/EulerCar_v_4/install/setup.zsh'
