[2.366s] DEBUG:colcon:Command line arguments: ['/usr/local/bin/colcon', 'build']
[2.367s] DEBUG:colcon:Parsed command line arguments: Namespace(ament_cmake_args=None, base_paths=['.'], build_base='build', catkin_cmake_args=None, catkin_skip_building_tests=False, cmake_args=None, cmake_clean_cache=False, cmake_clean_first=False, cmake_force_configure=False, cmake_target=None, cmake_target_skip_unavailable=False, continue_on_error=False, event_handlers=None, executor='parallel', ignore_user_meta=False, install_base='install', log_base=None, log_level=None, main=<bound method BuildVerb.main of <colcon_core.verb.build.BuildVerb object at 0x7f9bb96c40>>, merge_install=False, metas=['./colcon.meta'], packages_above=None, packages_above_and_dependencies=None, packages_above_depth=None, packages_end=None, packages_ignore=None, packages_ignore_regex=None, packages_select=None, packages_select_build_failed=False, packages_select_by_dep=None, packages_select_regex=None, packages_select_test_failures=False, packages_skip=None, packages_skip_build_finished=False, packages_skip_by_dep=None, packages_skip_regex=None, packages_skip_test_passed=False, packages_skip_up_to=None, packages_start=None, packages_up_to=None, packages_up_to_regex=None, parallel_workers=4, paths=None, symlink_install=False, test_result_base=None, verb_extension=<colcon_core.verb.build.BuildVerb object at 0x7f9bb96c40>, verb_name='build', verb_parser=<colcon_defaults.argument_parser.defaults.DefaultArgumentsDecorator object at 0x7f9ba87250>)
[3.622s] Level 1:colcon.colcon_core.package_discovery:discover_packages(colcon_meta) check parameters
[3.623s] Level 1:colcon.colcon_core.package_discovery:discover_packages(recursive) check parameters
[3.624s] Level 1:colcon.colcon_core.package_discovery:discover_packages(ignore) check parameters
[3.624s] Level 1:colcon.colcon_core.package_discovery:discover_packages(path) check parameters
[3.624s] Level 1:colcon.colcon_core.package_discovery:discover_packages(colcon_meta) discover
[3.625s] Level 1:colcon.colcon_core.package_discovery:discover_packages(recursive) discover
[3.625s] INFO:colcon.colcon_core.package_discovery:Crawling recursively for packages in '/root/EulerCar_v_4'
[3.626s] Level 1:colcon.colcon_core.package_identification:_identify(.) by extensions ['ignore', 'ignore_ament_install']
[3.627s] Level 1:colcon.colcon_core.package_identification:_identify(.) by extension 'ignore'
[3.627s] Level 1:colcon.colcon_core.package_identification:_identify(.) by extension 'ignore_ament_install'
[3.628s] Level 1:colcon.colcon_core.package_identification:_identify(.) by extensions ['colcon_pkg']
[3.628s] Level 1:colcon.colcon_core.package_identification:_identify(.) by extension 'colcon_pkg'
[3.629s] Level 1:colcon.colcon_core.package_identification:_identify(.) by extensions ['colcon_meta']
[3.629s] Level 1:colcon.colcon_core.package_identification:_identify(.) by extension 'colcon_meta'
[3.629s] Level 1:colcon.colcon_core.package_identification:_identify(.) by extensions ['ros']
[3.630s] Level 1:colcon.colcon_core.package_identification:_identify(.) by extension 'ros'
[3.758s] Level 1:colcon.colcon_core.package_identification:_identify(.) by extensions ['cmake', 'python']
[3.760s] Level 1:colcon.colcon_core.package_identification:_identify(.) by extension 'cmake'
[3.761s] Level 1:colcon.colcon_core.package_identification:_identify(.) by extension 'python'
[3.762s] Level 1:colcon.colcon_core.package_identification:_identify(.) by extensions ['python_setup_py']
[3.762s] Level 1:colcon.colcon_core.package_identification:_identify(.) by extension 'python_setup_py'
[3.764s] Level 1:colcon.colcon_core.package_identification:_identify(build) by extensions ['ignore', 'ignore_ament_install']
[3.765s] Level 1:colcon.colcon_core.package_identification:_identify(build) by extension 'ignore'
[3.766s] Level 1:colcon.colcon_core.package_identification:_identify(build) ignored
[3.768s] Level 1:colcon.colcon_core.package_identification:_identify(install) by extensions ['ignore', 'ignore_ament_install']
[3.770s] Level 1:colcon.colcon_core.package_identification:_identify(install) by extension 'ignore'
[3.771s] Level 1:colcon.colcon_core.package_identification:_identify(install) ignored
[3.772s] Level 1:colcon.colcon_core.package_identification:_identify(log) by extensions ['ignore', 'ignore_ament_install']
[3.773s] Level 1:colcon.colcon_core.package_identification:_identify(log) by extension 'ignore'
[3.774s] Level 1:colcon.colcon_core.package_identification:_identify(log) ignored
[3.775s] Level 1:colcon.colcon_core.package_identification:_identify(src) by extensions ['ignore', 'ignore_ament_install']
[3.777s] Level 1:colcon.colcon_core.package_identification:_identify(src) by extension 'ignore'
[3.778s] Level 1:colcon.colcon_core.package_identification:_identify(src) by extension 'ignore_ament_install'
[3.779s] Level 1:colcon.colcon_core.package_identification:_identify(src) by extensions ['colcon_pkg']
[3.780s] Level 1:colcon.colcon_core.package_identification:_identify(src) by extension 'colcon_pkg'
[3.781s] Level 1:colcon.colcon_core.package_identification:_identify(src) by extensions ['colcon_meta']
[3.781s] Level 1:colcon.colcon_core.package_identification:_identify(src) by extension 'colcon_meta'
[3.782s] Level 1:colcon.colcon_core.package_identification:_identify(src) by extensions ['ros']
[3.783s] Level 1:colcon.colcon_core.package_identification:_identify(src) by extension 'ros'
[3.785s] Level 1:colcon.colcon_core.package_identification:_identify(src) by extensions ['cmake', 'python']
[3.786s] Level 1:colcon.colcon_core.package_identification:_identify(src) by extension 'cmake'
[3.787s] Level 1:colcon.colcon_core.package_identification:_identify(src) by extension 'python'
[3.788s] Level 1:colcon.colcon_core.package_identification:_identify(src) by extensions ['python_setup_py']
[3.790s] Level 1:colcon.colcon_core.package_identification:_identify(src) by extension 'python_setup_py'
[3.792s] Level 1:colcon.colcon_core.package_identification:_identify(src/autonomous_explorer) by extensions ['ignore', 'ignore_ament_install']
[3.793s] Level 1:colcon.colcon_core.package_identification:_identify(src/autonomous_explorer) by extension 'ignore'
[3.794s] Level 1:colcon.colcon_core.package_identification:_identify(src/autonomous_explorer) by extension 'ignore_ament_install'
[3.795s] Level 1:colcon.colcon_core.package_identification:_identify(src/autonomous_explorer) by extensions ['colcon_pkg']
[3.796s] Level 1:colcon.colcon_core.package_identification:_identify(src/autonomous_explorer) by extension 'colcon_pkg'
[3.797s] Level 1:colcon.colcon_core.package_identification:_identify(src/autonomous_explorer) by extensions ['colcon_meta']
[3.797s] Level 1:colcon.colcon_core.package_identification:_identify(src/autonomous_explorer) by extension 'colcon_meta'
[3.798s] Level 1:colcon.colcon_core.package_identification:_identify(src/autonomous_explorer) by extensions ['ros']
[3.799s] Level 1:colcon.colcon_core.package_identification:_identify(src/autonomous_explorer) by extension 'ros'
[3.835s] DEBUG:colcon.colcon_core.package_identification:Package 'src/autonomous_explorer' with type 'ros.ament_python' and name 'autonomous_explorer'
[3.836s] Level 1:colcon.colcon_core.package_identification:_identify(src/servo_response) by extensions ['ignore', 'ignore_ament_install']
[3.837s] Level 1:colcon.colcon_core.package_identification:_identify(src/servo_response) by extension 'ignore'
[3.838s] Level 1:colcon.colcon_core.package_identification:_identify(src/servo_response) by extension 'ignore_ament_install'
[3.839s] Level 1:colcon.colcon_core.package_identification:_identify(src/servo_response) by extensions ['colcon_pkg']
[3.839s] Level 1:colcon.colcon_core.package_identification:_identify(src/servo_response) by extension 'colcon_pkg'
[3.840s] Level 1:colcon.colcon_core.package_identification:_identify(src/servo_response) by extensions ['colcon_meta']
[3.840s] Level 1:colcon.colcon_core.package_identification:_identify(src/servo_response) by extension 'colcon_meta'
[3.841s] Level 1:colcon.colcon_core.package_identification:_identify(src/servo_response) by extensions ['ros']
[3.841s] Level 1:colcon.colcon_core.package_identification:_identify(src/servo_response) by extension 'ros'
[3.846s] DEBUG:colcon.colcon_core.package_identification:Package 'src/servo_response' with type 'ros.ament_cmake' and name 'servo_response'
[3.847s] Level 1:colcon.colcon_core.package_discovery:discover_packages(recursive) using defaults
[3.847s] Level 1:colcon.colcon_core.package_discovery:discover_packages(ignore) discover
[3.847s] Level 1:colcon.colcon_core.package_discovery:discover_packages(ignore) using defaults
[3.848s] Level 1:colcon.colcon_core.package_discovery:discover_packages(path) discover
[3.848s] Level 1:colcon.colcon_core.package_discovery:discover_packages(path) using defaults
[4.016s] Level 5:colcon.colcon_core.verb:set package 'autonomous_explorer' build argument 'cmake_args' from command line to 'None'
[4.016s] Level 5:colcon.colcon_core.verb:set package 'autonomous_explorer' build argument 'cmake_target' from command line to 'None'
[4.017s] Level 5:colcon.colcon_core.verb:set package 'autonomous_explorer' build argument 'cmake_target_skip_unavailable' from command line to 'False'
[4.017s] Level 5:colcon.colcon_core.verb:set package 'autonomous_explorer' build argument 'cmake_clean_cache' from command line to 'False'
[4.017s] Level 5:colcon.colcon_core.verb:set package 'autonomous_explorer' build argument 'cmake_clean_first' from command line to 'False'
[4.018s] Level 5:colcon.colcon_core.verb:set package 'autonomous_explorer' build argument 'cmake_force_configure' from command line to 'False'
[4.018s] Level 5:colcon.colcon_core.verb:set package 'autonomous_explorer' build argument 'ament_cmake_args' from command line to 'None'
[4.018s] Level 5:colcon.colcon_core.verb:set package 'autonomous_explorer' build argument 'catkin_cmake_args' from command line to 'None'
[4.018s] Level 5:colcon.colcon_core.verb:set package 'autonomous_explorer' build argument 'catkin_skip_building_tests' from command line to 'False'
[4.019s] DEBUG:colcon.colcon_core.verb:Building package 'autonomous_explorer' with the following arguments: {'ament_cmake_args': None, 'build_base': '/root/EulerCar_v_4/build/autonomous_explorer', 'catkin_cmake_args': None, 'catkin_skip_building_tests': False, 'cmake_args': None, 'cmake_clean_cache': False, 'cmake_clean_first': False, 'cmake_force_configure': False, 'cmake_target': None, 'cmake_target_skip_unavailable': False, 'install_base': '/root/EulerCar_v_4/install/autonomous_explorer', 'merge_install': False, 'path': '/root/EulerCar_v_4/src/autonomous_explorer', 'symlink_install': False, 'test_result_base': None}
[4.023s] Level 5:colcon.colcon_core.verb:set package 'servo_response' build argument 'cmake_args' from command line to 'None'
[4.024s] Level 5:colcon.colcon_core.verb:set package 'servo_response' build argument 'cmake_target' from command line to 'None'
[4.025s] Level 5:colcon.colcon_core.verb:set package 'servo_response' build argument 'cmake_target_skip_unavailable' from command line to 'False'
[4.025s] Level 5:colcon.colcon_core.verb:set package 'servo_response' build argument 'cmake_clean_cache' from command line to 'False'
[4.026s] Level 5:colcon.colcon_core.verb:set package 'servo_response' build argument 'cmake_clean_first' from command line to 'False'
[4.026s] Level 5:colcon.colcon_core.verb:set package 'servo_response' build argument 'cmake_force_configure' from command line to 'False'
[4.026s] Level 5:colcon.colcon_core.verb:set package 'servo_response' build argument 'ament_cmake_args' from command line to 'None'
[4.026s] Level 5:colcon.colcon_core.verb:set package 'servo_response' build argument 'catkin_cmake_args' from command line to 'None'
[4.027s] Level 5:colcon.colcon_core.verb:set package 'servo_response' build argument 'catkin_skip_building_tests' from command line to 'False'
[4.027s] DEBUG:colcon.colcon_core.verb:Building package 'servo_response' with the following arguments: {'ament_cmake_args': None, 'build_base': '/root/EulerCar_v_4/build/servo_response', 'catkin_cmake_args': None, 'catkin_skip_building_tests': False, 'cmake_args': None, 'cmake_clean_cache': False, 'cmake_clean_first': False, 'cmake_force_configure': False, 'cmake_target': None, 'cmake_target_skip_unavailable': False, 'install_base': '/root/EulerCar_v_4/install/servo_response', 'merge_install': False, 'path': '/root/EulerCar_v_4/src/servo_response', 'symlink_install': False, 'test_result_base': None}
[4.030s] INFO:colcon.colcon_core.executor:Executing jobs using 'parallel' executor
[4.042s] DEBUG:colcon.colcon_parallel_executor.executor.parallel:run_until_complete
[4.046s] INFO:colcon.colcon_ros.task.ament_python.build:Building ROS package in '/root/EulerCar_v_4/src/autonomous_explorer' with build type 'ament_python'
[4.048s] Level 1:colcon.colcon_core.shell:create_environment_hook('autonomous_explorer', 'ament_prefix_path')
[4.076s] INFO:colcon.colcon_core.plugin_system:Skipping extension 'colcon_core.shell.bat': Not used on non-Windows systems
[4.078s] INFO:colcon.colcon_core.shell:Creating environment hook '/root/EulerCar_v_4/install/autonomous_explorer/share/autonomous_explorer/hook/ament_prefix_path.ps1'
[4.085s] INFO:colcon.colcon_core.shell:Creating environment descriptor '/root/EulerCar_v_4/install/autonomous_explorer/share/autonomous_explorer/hook/ament_prefix_path.dsv'
[4.091s] INFO:colcon.colcon_core.shell:Creating environment hook '/root/EulerCar_v_4/install/autonomous_explorer/share/autonomous_explorer/hook/ament_prefix_path.sh'
[4.099s] INFO:colcon.colcon_core.shell:Skip shell extension 'powershell' for command environment: Not usable outside of PowerShell
[4.099s] DEBUG:colcon.colcon_core.shell:Skip shell extension 'dsv' for command environment
[4.158s] INFO:colcon.colcon_ros.task.ament_cmake.build:Building ROS package in '/root/EulerCar_v_4/src/servo_response' with build type 'ament_cmake'
[4.160s] INFO:colcon.colcon_cmake.task.cmake.build:Building CMake package in '/root/EulerCar_v_4/src/servo_response'
[4.164s] INFO:colcon.colcon_core.shell:Skip shell extension 'powershell' for command environment: Not usable outside of PowerShell
[4.165s] DEBUG:colcon.colcon_core.shell:Skip shell extension 'dsv' for command environment
[6.135s] INFO:colcon.colcon_core.task.python.build:Building Python package in '/root/EulerCar_v_4/src/autonomous_explorer'
[6.137s] INFO:colcon.colcon_core.shell:Skip shell extension 'powershell' for command environment: Not usable outside of PowerShell
[6.138s] DEBUG:colcon.colcon_core.shell:Skip shell extension 'dsv' for command environment
[6.194s] DEBUG:colcon.colcon_core.event_handler.log_command:Invoking command in '/root/EulerCar_v_4/build/servo_response': CMAKE_PREFIX_PATH=${CMAKE_PREFIX_PATH}:/root/eulercar/install/hieuler_teleop:/opt/ros/foxy _=/usr/bin/env /usr/bin/cmake /root/EulerCar_v_4/src/servo_response -DCMAKE_INSTALL_PREFIX=/root/EulerCar_v_4/install/servo_response
[11.052s] DEBUG:colcon.colcon_core.event_handler.log_command:Invoking command in '/root/EulerCar_v_4/src/autonomous_explorer': PYTHONPATH=/root/EulerCar_v_4/build/autonomous_explorer/prefix_override:/usr/local/lib/python3.8/dist-packages/colcon_core/task/python/colcon_distutils_commands:/root/EulerCar_v_4/install/autonomous_explorer/lib/python3.8/site-packages:${PYTHONPATH} _=/usr/bin/env /usr/bin/python3 -W ignore:setup.py install is deprecated -W ignore:easy_install command is deprecated setup.py egg_info --egg-base ../../build/autonomous_explorer build --build-base /root/EulerCar_v_4/build/autonomous_explorer/build install --record /root/EulerCar_v_4/build/autonomous_explorer/install.log --install-scripts $base/lib/autonomous_explorer --single-version-externally-managed install_data
[14.468s] DEBUG:colcon.colcon_core.event_handler.log_command:Invoked command in '/root/EulerCar_v_4/src/autonomous_explorer' returned '0': PYTHONPATH=/root/EulerCar_v_4/build/autonomous_explorer/prefix_override:/usr/local/lib/python3.8/dist-packages/colcon_core/task/python/colcon_distutils_commands:/root/EulerCar_v_4/install/autonomous_explorer/lib/python3.8/site-packages:${PYTHONPATH} _=/usr/bin/env /usr/bin/python3 -W ignore:setup.py install is deprecated -W ignore:easy_install command is deprecated setup.py egg_info --egg-base ../../build/autonomous_explorer build --build-base /root/EulerCar_v_4/build/autonomous_explorer/build install --record /root/EulerCar_v_4/build/autonomous_explorer/install.log --install-scripts $base/lib/autonomous_explorer --single-version-externally-managed install_data
[14.509s] Level 1:colcon.colcon_core.environment:checking '/root/EulerCar_v_4/install/autonomous_explorer' for CMake module files
[14.513s] Level 1:colcon.colcon_core.environment:checking '/root/EulerCar_v_4/install/autonomous_explorer' for CMake config files
[14.519s] Level 1:colcon.colcon_core.environment:checking '/root/EulerCar_v_4/install/autonomous_explorer/lib'
[14.521s] Level 1:colcon.colcon_core.environment:checking '/root/EulerCar_v_4/install/autonomous_explorer/bin'
[14.522s] Level 1:colcon.colcon_core.environment:checking '/root/EulerCar_v_4/install/autonomous_explorer/lib/pkgconfig/autonomous_explorer.pc'
[14.524s] Level 1:colcon.colcon_core.environment:checking '/root/EulerCar_v_4/install/autonomous_explorer/lib/python3.8/site-packages'
[14.525s] Level 1:colcon.colcon_core.shell:create_environment_hook('autonomous_explorer', 'pythonpath')
[14.528s] INFO:colcon.colcon_core.shell:Creating environment hook '/root/EulerCar_v_4/install/autonomous_explorer/share/autonomous_explorer/hook/pythonpath.ps1'
[14.533s] INFO:colcon.colcon_core.shell:Creating environment descriptor '/root/EulerCar_v_4/install/autonomous_explorer/share/autonomous_explorer/hook/pythonpath.dsv'
[14.537s] INFO:colcon.colcon_core.shell:Creating environment hook '/root/EulerCar_v_4/install/autonomous_explorer/share/autonomous_explorer/hook/pythonpath.sh'
[14.543s] Level 1:colcon.colcon_core.environment:checking '/root/EulerCar_v_4/install/autonomous_explorer/bin'
[14.544s] Level 1:colcon.colcon_core.environment:create_environment_scripts_only(autonomous_explorer)
[14.547s] INFO:colcon.colcon_core.shell:Creating package script '/root/EulerCar_v_4/install/autonomous_explorer/share/autonomous_explorer/package.ps1'
[14.557s] INFO:colcon.colcon_core.shell:Creating package descriptor '/root/EulerCar_v_4/install/autonomous_explorer/share/autonomous_explorer/package.dsv'
[14.563s] INFO:colcon.colcon_core.shell:Creating package script '/root/EulerCar_v_4/install/autonomous_explorer/share/autonomous_explorer/package.sh'
[14.572s] INFO:colcon.colcon_core.shell:Creating package script '/root/EulerCar_v_4/install/autonomous_explorer/share/autonomous_explorer/package.bash'
[14.582s] INFO:colcon.colcon_core.shell:Creating package script '/root/EulerCar_v_4/install/autonomous_explorer/share/autonomous_explorer/package.zsh'
[14.591s] Level 1:colcon.colcon_core.environment:create_file_with_runtime_dependencies(/root/EulerCar_v_4/install/autonomous_explorer/share/colcon-core/packages/autonomous_explorer)
[18.485s] DEBUG:colcon.colcon_core.event_handler.log_command:Invoked command in '/root/EulerCar_v_4/build/servo_response' returned '0': CMAKE_PREFIX_PATH=${CMAKE_PREFIX_PATH}:/root/eulercar/install/hieuler_teleop:/opt/ros/foxy _=/usr/bin/env /usr/bin/cmake /root/EulerCar_v_4/src/servo_response -DCMAKE_INSTALL_PREFIX=/root/EulerCar_v_4/install/servo_response
[18.503s] DEBUG:colcon.colcon_core.event_handler.log_command:Invoking command in '/root/EulerCar_v_4/build/servo_response': CMAKE_PREFIX_PATH=${CMAKE_PREFIX_PATH}:/root/eulercar/install/hieuler_teleop:/opt/ros/foxy _=/usr/bin/env /usr/bin/cmake --build /root/EulerCar_v_4/build/servo_response -- -j4 -l4
[44.216s] DEBUG:colcon.colcon_core.event_handler.log_command:Invoked command in '/root/EulerCar_v_4/build/servo_response' returned '0': CMAKE_PREFIX_PATH=${CMAKE_PREFIX_PATH}:/root/eulercar/install/hieuler_teleop:/opt/ros/foxy _=/usr/bin/env /usr/bin/cmake --build /root/EulerCar_v_4/build/servo_response -- -j4 -l4
[44.306s] DEBUG:colcon.colcon_core.event_handler.log_command:Invoking command in '/root/EulerCar_v_4/build/servo_response': CMAKE_PREFIX_PATH=${CMAKE_PREFIX_PATH}:/root/eulercar/install/hieuler_teleop:/opt/ros/foxy _=/usr/bin/env /usr/bin/cmake --install /root/EulerCar_v_4/build/servo_response
[44.415s] Level 1:colcon.colcon_core.environment:create_environment_scripts_only(servo_response)
[44.419s] Level 1:colcon.colcon_core.environment:checking '/root/EulerCar_v_4/install/servo_response' for CMake module files
[44.431s] DEBUG:colcon.colcon_core.event_handler.log_command:Invoked command in '/root/EulerCar_v_4/build/servo_response' returned '0': CMAKE_PREFIX_PATH=${CMAKE_PREFIX_PATH}:/root/eulercar/install/hieuler_teleop:/opt/ros/foxy _=/usr/bin/env /usr/bin/cmake --install /root/EulerCar_v_4/build/servo_response
[44.434s] Level 1:colcon.colcon_core.environment:checking '/root/EulerCar_v_4/install/servo_response' for CMake config files
[44.436s] Level 1:colcon.colcon_core.shell:create_environment_hook('servo_response', 'cmake_prefix_path')
[44.439s] INFO:colcon.colcon_core.shell:Creating environment hook '/root/EulerCar_v_4/install/servo_response/share/servo_response/hook/cmake_prefix_path.ps1'
[44.444s] INFO:colcon.colcon_core.shell:Creating environment descriptor '/root/EulerCar_v_4/install/servo_response/share/servo_response/hook/cmake_prefix_path.dsv'
[44.449s] INFO:colcon.colcon_core.shell:Creating environment hook '/root/EulerCar_v_4/install/servo_response/share/servo_response/hook/cmake_prefix_path.sh'
[44.456s] Level 1:colcon.colcon_core.environment:checking '/root/EulerCar_v_4/install/servo_response/lib'
[44.458s] Level 1:colcon.colcon_core.environment:checking '/root/EulerCar_v_4/install/servo_response/bin'
[44.459s] Level 1:colcon.colcon_core.environment:checking '/root/EulerCar_v_4/install/servo_response/lib/pkgconfig/servo_response.pc'
[44.462s] Level 1:colcon.colcon_core.environment:checking '/root/EulerCar_v_4/install/servo_response/lib/python3.8/site-packages'
[44.464s] Level 1:colcon.colcon_core.environment:checking '/root/EulerCar_v_4/install/servo_response/bin'
[44.469s] INFO:colcon.colcon_core.shell:Creating package script '/root/EulerCar_v_4/install/servo_response/share/servo_response/package.ps1'
[44.475s] INFO:colcon.colcon_core.shell:Creating package descriptor '/root/EulerCar_v_4/install/servo_response/share/servo_response/package.dsv'
[44.481s] INFO:colcon.colcon_core.shell:Creating package script '/root/EulerCar_v_4/install/servo_response/share/servo_response/package.sh'
[44.487s] INFO:colcon.colcon_core.shell:Creating package script '/root/EulerCar_v_4/install/servo_response/share/servo_response/package.bash'
[44.492s] INFO:colcon.colcon_core.shell:Creating package script '/root/EulerCar_v_4/install/servo_response/share/servo_response/package.zsh'
[44.497s] Level 1:colcon.colcon_core.environment:create_file_with_runtime_dependencies(/root/EulerCar_v_4/install/servo_response/share/colcon-core/packages/servo_response)
[44.506s] Level 1:colcon.colcon_core.environment:create_environment_scripts_only(servo_response)
[44.509s] Level 1:colcon.colcon_core.environment:checking '/root/EulerCar_v_4/install/servo_response' for CMake module files
[44.514s] Level 1:colcon.colcon_core.environment:checking '/root/EulerCar_v_4/install/servo_response' for CMake config files
[44.516s] Level 1:colcon.colcon_core.shell:create_environment_hook('servo_response', 'cmake_prefix_path')
[44.519s] INFO:colcon.colcon_core.shell:Creating environment hook '/root/EulerCar_v_4/install/servo_response/share/servo_response/hook/cmake_prefix_path.ps1'
[44.526s] INFO:colcon.colcon_core.shell:Creating environment descriptor '/root/EulerCar_v_4/install/servo_response/share/servo_response/hook/cmake_prefix_path.dsv'
[44.532s] INFO:colcon.colcon_core.shell:Creating environment hook '/root/EulerCar_v_4/install/servo_response/share/servo_response/hook/cmake_prefix_path.sh'
[44.555s] Level 1:colcon.colcon_core.environment:checking '/root/EulerCar_v_4/install/servo_response/lib'
[44.556s] Level 1:colcon.colcon_core.environment:checking '/root/EulerCar_v_4/install/servo_response/bin'
[44.557s] Level 1:colcon.colcon_core.environment:checking '/root/EulerCar_v_4/install/servo_response/lib/pkgconfig/servo_response.pc'
[44.559s] Level 1:colcon.colcon_core.environment:checking '/root/EulerCar_v_4/install/servo_response/lib/python3.8/site-packages'
[44.562s] Level 1:colcon.colcon_core.environment:checking '/root/EulerCar_v_4/install/servo_response/bin'
[44.566s] INFO:colcon.colcon_core.shell:Creating package script '/root/EulerCar_v_4/install/servo_response/share/servo_response/package.ps1'
[44.572s] INFO:colcon.colcon_core.shell:Creating package descriptor '/root/EulerCar_v_4/install/servo_response/share/servo_response/package.dsv'
[44.578s] INFO:colcon.colcon_core.shell:Creating package script '/root/EulerCar_v_4/install/servo_response/share/servo_response/package.sh'
[44.584s] INFO:colcon.colcon_core.shell:Creating package script '/root/EulerCar_v_4/install/servo_response/share/servo_response/package.bash'
[44.589s] INFO:colcon.colcon_core.shell:Creating package script '/root/EulerCar_v_4/install/servo_response/share/servo_response/package.zsh'
[44.595s] Level 1:colcon.colcon_core.environment:create_file_with_runtime_dependencies(/root/EulerCar_v_4/install/servo_response/share/colcon-core/packages/servo_response)
[44.599s] DEBUG:colcon.colcon_parallel_executor.executor.parallel:closing loop
[44.602s] DEBUG:colcon.colcon_parallel_executor.executor.parallel:loop closed
[44.603s] DEBUG:colcon.colcon_parallel_executor.executor.parallel:run_until_complete finished with '0'
[44.605s] DEBUG:colcon.colcon_core.event_reactor:joining thread
[44.657s] INFO:colcon.colcon_core.plugin_system:Skipping extension 'colcon_notification.desktop_notification.terminal_notifier': Not used on non-Darwin systems
[44.658s] INFO:colcon.colcon_core.plugin_system:Skipping extension 'colcon_notification.desktop_notification.win32': Not used on non-Windows systems
[44.658s] INFO:colcon.colcon_notification.desktop_notification:Sending desktop notification using 'notify2'
[69.719s] DEBUG:colcon.colcon_notification.desktop_notification.notify2:Failed to initialize notify2: org.freedesktop.DBus.Error.NoReply: Did not receive a reply. Possible causes include: the remote application did not send a reply, the message bus security policy blocked the reply, the reply timeout expired, or the network connection was broken.
[69.720s] DEBUG:colcon.colcon_core.event_reactor:joined thread
[69.723s] INFO:colcon.colcon_core.shell:Creating prefix script '/root/EulerCar_v_4/install/local_setup.ps1'
[69.732s] INFO:colcon.colcon_core.shell:Creating prefix util module '/root/EulerCar_v_4/install/_local_setup_util_ps1.py'
[69.745s] INFO:colcon.colcon_core.shell:Creating prefix chain script '/root/EulerCar_v_4/install/setup.ps1'
[69.756s] INFO:colcon.colcon_core.shell:Creating prefix script '/root/EulerCar_v_4/install/local_setup.sh'
[69.762s] INFO:colcon.colcon_core.shell:Creating prefix util module '/root/EulerCar_v_4/install/_local_setup_util_sh.py'
[69.768s] INFO:colcon.colcon_core.shell:Creating prefix chain script '/root/EulerCar_v_4/install/setup.sh'
[69.779s] INFO:colcon.colcon_core.shell:Creating prefix script '/root/EulerCar_v_4/install/local_setup.bash'
[69.785s] INFO:colcon.colcon_core.shell:Creating prefix chain script '/root/EulerCar_v_4/install/setup.bash'
[69.797s] INFO:colcon.colcon_core.shell:Creating prefix script '/root/EulerCar_v_4/install/local_setup.zsh'
[69.802s] INFO:colcon.colcon_core.shell:Creating prefix chain script '/root/EulerCar_v_4/install/setup.zsh'
