[2.635s] DEBUG:colcon:Command line arguments: ['/usr/local/bin/colcon', 'build']
[2.637s] DEBUG:colcon:Parsed command line arguments: Namespace(ament_cmake_args=None, base_paths=['.'], build_base='build', catkin_cmake_args=None, catkin_skip_building_tests=False, cmake_args=None, cmake_clean_cache=False, cmake_clean_first=False, cmake_force_configure=False, cmake_target=None, cmake_target_skip_unavailable=False, continue_on_error=False, event_handlers=None, executor='parallel', ignore_user_meta=False, install_base='install', log_base=None, log_level=None, main=<bound method BuildVerb.main of <colcon_core.verb.build.BuildVerb object at 0x7f7ec1be20>>, merge_install=False, metas=['./colcon.meta'], packages_above=None, packages_above_and_dependencies=None, packages_above_depth=None, packages_end=None, packages_ignore=None, packages_ignore_regex=None, packages_select=None, packages_select_build_failed=False, packages_select_by_dep=None, packages_select_regex=None, packages_select_test_failures=False, packages_skip=None, packages_skip_build_finished=False, packages_skip_by_dep=None, packages_skip_regex=None, packages_skip_test_passed=False, packages_skip_up_to=None, packages_start=None, packages_up_to=None, packages_up_to_regex=None, parallel_workers=4, paths=None, symlink_install=False, test_result_base=None, verb_extension=<colcon_core.verb.build.BuildVerb object at 0x7f7ec1be20>, verb_name='build', verb_parser=<colcon_defaults.argument_parser.defaults.DefaultArgumentsDecorator object at 0x7f7eb0e430>)
[4.370s] Level 1:colcon.colcon_core.package_discovery:discover_packages(colcon_meta) check parameters
[4.371s] Level 1:colcon.colcon_core.package_discovery:discover_packages(recursive) check parameters
[4.372s] Level 1:colcon.colcon_core.package_discovery:discover_packages(ignore) check parameters
[4.373s] Level 1:colcon.colcon_core.package_discovery:discover_packages(path) check parameters
[4.374s] Level 1:colcon.colcon_core.package_discovery:discover_packages(colcon_meta) discover
[4.375s] Level 1:colcon.colcon_core.package_discovery:discover_packages(recursive) discover
[4.376s] INFO:colcon.colcon_core.package_discovery:Crawling recursively for packages in '/root/EulerCar_v_4'
[4.378s] Level 1:colcon.colcon_core.package_identification:_identify(.) by extensions ['ignore', 'ignore_ament_install']
[4.379s] Level 1:colcon.colcon_core.package_identification:_identify(.) by extension 'ignore'
[4.381s] Level 1:colcon.colcon_core.package_identification:_identify(.) by extension 'ignore_ament_install'
[4.382s] Level 1:colcon.colcon_core.package_identification:_identify(.) by extensions ['colcon_pkg']
[4.383s] Level 1:colcon.colcon_core.package_identification:_identify(.) by extension 'colcon_pkg'
[4.384s] Level 1:colcon.colcon_core.package_identification:_identify(.) by extensions ['colcon_meta']
[4.385s] Level 1:colcon.colcon_core.package_identification:_identify(.) by extension 'colcon_meta'
[4.386s] Level 1:colcon.colcon_core.package_identification:_identify(.) by extensions ['ros']
[4.387s] Level 1:colcon.colcon_core.package_identification:_identify(.) by extension 'ros'
[4.556s] Level 1:colcon.colcon_core.package_identification:_identify(.) by extensions ['cmake', 'python']
[4.557s] Level 1:colcon.colcon_core.package_identification:_identify(.) by extension 'cmake'
[4.558s] Level 1:colcon.colcon_core.package_identification:_identify(.) by extension 'python'
[4.559s] Level 1:colcon.colcon_core.package_identification:_identify(.) by extensions ['python_setup_py']
[4.560s] Level 1:colcon.colcon_core.package_identification:_identify(.) by extension 'python_setup_py'
[4.562s] Level 1:colcon.colcon_core.package_identification:_identify(build) by extensions ['ignore', 'ignore_ament_install']
[4.564s] Level 1:colcon.colcon_core.package_identification:_identify(build) by extension 'ignore'
[4.565s] Level 1:colcon.colcon_core.package_identification:_identify(build) ignored
[4.567s] Level 1:colcon.colcon_core.package_identification:_identify(install) by extensions ['ignore', 'ignore_ament_install']
[4.569s] Level 1:colcon.colcon_core.package_identification:_identify(install) by extension 'ignore'
[4.570s] Level 1:colcon.colcon_core.package_identification:_identify(install) ignored
[4.571s] Level 1:colcon.colcon_core.package_identification:_identify(log) by extensions ['ignore', 'ignore_ament_install']
[4.573s] Level 1:colcon.colcon_core.package_identification:_identify(log) by extension 'ignore'
[4.574s] Level 1:colcon.colcon_core.package_identification:_identify(log) ignored
[4.576s] Level 1:colcon.colcon_core.package_identification:_identify(src) by extensions ['ignore', 'ignore_ament_install']
[4.578s] Level 1:colcon.colcon_core.package_identification:_identify(src) by extension 'ignore'
[4.579s] Level 1:colcon.colcon_core.package_identification:_identify(src) by extension 'ignore_ament_install'
[4.580s] Level 1:colcon.colcon_core.package_identification:_identify(src) by extensions ['colcon_pkg']
[4.581s] Level 1:colcon.colcon_core.package_identification:_identify(src) by extension 'colcon_pkg'
[4.582s] Level 1:colcon.colcon_core.package_identification:_identify(src) by extensions ['colcon_meta']
[4.583s] Level 1:colcon.colcon_core.package_identification:_identify(src) by extension 'colcon_meta'
[4.584s] Level 1:colcon.colcon_core.package_identification:_identify(src) by extensions ['ros']
[4.585s] Level 1:colcon.colcon_core.package_identification:_identify(src) by extension 'ros'
[4.587s] Level 1:colcon.colcon_core.package_identification:_identify(src) by extensions ['cmake', 'python']
[4.588s] Level 1:colcon.colcon_core.package_identification:_identify(src) by extension 'cmake'
[4.589s] Level 1:colcon.colcon_core.package_identification:_identify(src) by extension 'python'
[4.590s] Level 1:colcon.colcon_core.package_identification:_identify(src) by extensions ['python_setup_py']
[4.591s] Level 1:colcon.colcon_core.package_identification:_identify(src) by extension 'python_setup_py'
[4.593s] Level 1:colcon.colcon_core.package_identification:_identify(src/autonomous_explorer) by extensions ['ignore', 'ignore_ament_install']
[4.595s] Level 1:colcon.colcon_core.package_identification:_identify(src/autonomous_explorer) by extension 'ignore'
[4.596s] Level 1:colcon.colcon_core.package_identification:_identify(src/autonomous_explorer) by extension 'ignore_ament_install'
[4.598s] Level 1:colcon.colcon_core.package_identification:_identify(src/autonomous_explorer) by extensions ['colcon_pkg']
[4.599s] Level 1:colcon.colcon_core.package_identification:_identify(src/autonomous_explorer) by extension 'colcon_pkg'
[4.600s] Level 1:colcon.colcon_core.package_identification:_identify(src/autonomous_explorer) by extensions ['colcon_meta']
[4.601s] Level 1:colcon.colcon_core.package_identification:_identify(src/autonomous_explorer) by extension 'colcon_meta'
[4.602s] Level 1:colcon.colcon_core.package_identification:_identify(src/autonomous_explorer) by extensions ['ros']
[4.603s] Level 1:colcon.colcon_core.package_identification:_identify(src/autonomous_explorer) by extension 'ros'
[4.641s] DEBUG:colcon.colcon_core.package_identification:Package 'src/autonomous_explorer' with type 'ros.ament_python' and name 'autonomous_explorer'
[4.642s] Level 1:colcon.colcon_core.package_identification:_identify(src/servo_response) by extensions ['ignore', 'ignore_ament_install']
[4.644s] Level 1:colcon.colcon_core.package_identification:_identify(src/servo_response) by extension 'ignore'
[4.645s] Level 1:colcon.colcon_core.package_identification:_identify(src/servo_response) by extension 'ignore_ament_install'
[4.646s] Level 1:colcon.colcon_core.package_identification:_identify(src/servo_response) by extensions ['colcon_pkg']
[4.646s] Level 1:colcon.colcon_core.package_identification:_identify(src/servo_response) by extension 'colcon_pkg'
[4.647s] Level 1:colcon.colcon_core.package_identification:_identify(src/servo_response) by extensions ['colcon_meta']
[4.648s] Level 1:colcon.colcon_core.package_identification:_identify(src/servo_response) by extension 'colcon_meta'
[4.649s] Level 1:colcon.colcon_core.package_identification:_identify(src/servo_response) by extensions ['ros']
[4.650s] Level 1:colcon.colcon_core.package_identification:_identify(src/servo_response) by extension 'ros'
[4.657s] DEBUG:colcon.colcon_core.package_identification:Package 'src/servo_response' with type 'ros.ament_cmake' and name 'servo_response'
[4.658s] Level 1:colcon.colcon_core.package_discovery:discover_packages(recursive) using defaults
[4.659s] Level 1:colcon.colcon_core.package_discovery:discover_packages(ignore) discover
[4.660s] Level 1:colcon.colcon_core.package_discovery:discover_packages(ignore) using defaults
[4.661s] Level 1:colcon.colcon_core.package_discovery:discover_packages(path) discover
[4.661s] Level 1:colcon.colcon_core.package_discovery:discover_packages(path) using defaults
[4.837s] Level 5:colcon.colcon_core.verb:set package 'autonomous_explorer' build argument 'cmake_args' from command line to 'None'
[4.838s] Level 5:colcon.colcon_core.verb:set package 'autonomous_explorer' build argument 'cmake_target' from command line to 'None'
[4.839s] Level 5:colcon.colcon_core.verb:set package 'autonomous_explorer' build argument 'cmake_target_skip_unavailable' from command line to 'False'
[4.840s] Level 5:colcon.colcon_core.verb:set package 'autonomous_explorer' build argument 'cmake_clean_cache' from command line to 'False'
[4.841s] Level 5:colcon.colcon_core.verb:set package 'autonomous_explorer' build argument 'cmake_clean_first' from command line to 'False'
[4.841s] Level 5:colcon.colcon_core.verb:set package 'autonomous_explorer' build argument 'cmake_force_configure' from command line to 'False'
[4.842s] Level 5:colcon.colcon_core.verb:set package 'autonomous_explorer' build argument 'ament_cmake_args' from command line to 'None'
[4.842s] Level 5:colcon.colcon_core.verb:set package 'autonomous_explorer' build argument 'catkin_cmake_args' from command line to 'None'
[4.842s] Level 5:colcon.colcon_core.verb:set package 'autonomous_explorer' build argument 'catkin_skip_building_tests' from command line to 'False'
[4.843s] DEBUG:colcon.colcon_core.verb:Building package 'autonomous_explorer' with the following arguments: {'ament_cmake_args': None, 'build_base': '/root/EulerCar_v_4/build/autonomous_explorer', 'catkin_cmake_args': None, 'catkin_skip_building_tests': False, 'cmake_args': None, 'cmake_clean_cache': False, 'cmake_clean_first': False, 'cmake_force_configure': False, 'cmake_target': None, 'cmake_target_skip_unavailable': False, 'install_base': '/root/EulerCar_v_4/install/autonomous_explorer', 'merge_install': False, 'path': '/root/EulerCar_v_4/src/autonomous_explorer', 'symlink_install': False, 'test_result_base': None}
[4.849s] Level 5:colcon.colcon_core.verb:set package 'servo_response' build argument 'cmake_args' from command line to 'None'
[4.850s] Level 5:colcon.colcon_core.verb:set package 'servo_response' build argument 'cmake_target' from command line to 'None'
[4.851s] Level 5:colcon.colcon_core.verb:set package 'servo_response' build argument 'cmake_target_skip_unavailable' from command line to 'False'
[4.852s] Level 5:colcon.colcon_core.verb:set package 'servo_response' build argument 'cmake_clean_cache' from command line to 'False'
[4.853s] Level 5:colcon.colcon_core.verb:set package 'servo_response' build argument 'cmake_clean_first' from command line to 'False'
[4.853s] Level 5:colcon.colcon_core.verb:set package 'servo_response' build argument 'cmake_force_configure' from command line to 'False'
[4.854s] Level 5:colcon.colcon_core.verb:set package 'servo_response' build argument 'ament_cmake_args' from command line to 'None'
[4.855s] Level 5:colcon.colcon_core.verb:set package 'servo_response' build argument 'catkin_cmake_args' from command line to 'None'
[4.856s] Level 5:colcon.colcon_core.verb:set package 'servo_response' build argument 'catkin_skip_building_tests' from command line to 'False'
[4.857s] DEBUG:colcon.colcon_core.verb:Building package 'servo_response' with the following arguments: {'ament_cmake_args': None, 'build_base': '/root/EulerCar_v_4/build/servo_response', 'catkin_cmake_args': None, 'catkin_skip_building_tests': False, 'cmake_args': None, 'cmake_clean_cache': False, 'cmake_clean_first': False, 'cmake_force_configure': False, 'cmake_target': None, 'cmake_target_skip_unavailable': False, 'install_base': '/root/EulerCar_v_4/install/servo_response', 'merge_install': False, 'path': '/root/EulerCar_v_4/src/servo_response', 'symlink_install': False, 'test_result_base': None}
[4.859s] INFO:colcon.colcon_core.executor:Executing jobs using 'parallel' executor
[4.871s] DEBUG:colcon.colcon_parallel_executor.executor.parallel:run_until_complete
[4.874s] INFO:colcon.colcon_ros.task.ament_python.build:Building ROS package in '/root/EulerCar_v_4/src/autonomous_explorer' with build type 'ament_python'
[4.876s] Level 1:colcon.colcon_core.shell:create_environment_hook('autonomous_explorer', 'ament_prefix_path')
[4.902s] INFO:colcon.colcon_core.plugin_system:Skipping extension 'colcon_core.shell.bat': Not used on non-Windows systems
[4.905s] INFO:colcon.colcon_core.shell:Creating environment hook '/root/EulerCar_v_4/install/autonomous_explorer/share/autonomous_explorer/hook/ament_prefix_path.ps1'
[4.913s] INFO:colcon.colcon_core.shell:Creating environment descriptor '/root/EulerCar_v_4/install/autonomous_explorer/share/autonomous_explorer/hook/ament_prefix_path.dsv'
[4.919s] INFO:colcon.colcon_core.shell:Creating environment hook '/root/EulerCar_v_4/install/autonomous_explorer/share/autonomous_explorer/hook/ament_prefix_path.sh'
[4.929s] INFO:colcon.colcon_core.shell:Skip shell extension 'powershell' for command environment: Not usable outside of PowerShell
[4.930s] DEBUG:colcon.colcon_core.shell:Skip shell extension 'dsv' for command environment
[5.002s] INFO:colcon.colcon_ros.task.ament_cmake.build:Building ROS package in '/root/EulerCar_v_4/src/servo_response' with build type 'ament_cmake'
[5.006s] INFO:colcon.colcon_cmake.task.cmake.build:Building CMake package in '/root/EulerCar_v_4/src/servo_response'
[5.011s] INFO:colcon.colcon_core.shell:Skip shell extension 'powershell' for command environment: Not usable outside of PowerShell
[5.014s] DEBUG:colcon.colcon_core.shell:Skip shell extension 'dsv' for command environment
[7.830s] INFO:colcon.colcon_core.task.python.build:Building Python package in '/root/EulerCar_v_4/src/autonomous_explorer'
[7.834s] INFO:colcon.colcon_core.shell:Skip shell extension 'powershell' for command environment: Not usable outside of PowerShell
[7.835s] DEBUG:colcon.colcon_core.shell:Skip shell extension 'dsv' for command environment
[7.935s] DEBUG:colcon.colcon_core.event_handler.log_command:Invoking command in '/root/EulerCar_v_4/build/servo_response': CMAKE_PREFIX_PATH=${CMAKE_PREFIX_PATH}:/root/EulerCar_v_4/install/autonomous_explorer:/root/eulercar/install/hieuler_teleop:/opt/ros/foxy _=/usr/bin/env /usr/bin/cmake --build /root/EulerCar_v_4/build/servo_response -- -j4 -l4
[8.768s] DEBUG:colcon.colcon_core.event_handler.log_command:Invoked command in '/root/EulerCar_v_4/build/servo_response' returned '0': CMAKE_PREFIX_PATH=${CMAKE_PREFIX_PATH}:/root/EulerCar_v_4/install/autonomous_explorer:/root/eulercar/install/hieuler_teleop:/opt/ros/foxy _=/usr/bin/env /usr/bin/cmake --build /root/EulerCar_v_4/build/servo_response -- -j4 -l4
[8.870s] DEBUG:colcon.colcon_core.event_handler.log_command:Invoking command in '/root/EulerCar_v_4/build/servo_response': CMAKE_PREFIX_PATH=${CMAKE_PREFIX_PATH}:/root/EulerCar_v_4/install/autonomous_explorer:/root/eulercar/install/hieuler_teleop:/opt/ros/foxy _=/usr/bin/env /usr/bin/cmake --install /root/EulerCar_v_4/build/servo_response
[8.969s] Level 1:colcon.colcon_core.environment:create_environment_scripts_only(servo_response)
[9.051s] Level 1:colcon.colcon_core.environment:checking '/root/EulerCar_v_4/install/servo_response' for CMake module files
[9.062s] DEBUG:colcon.colcon_core.event_handler.log_command:Invoked command in '/root/EulerCar_v_4/build/servo_response' returned '0': CMAKE_PREFIX_PATH=${CMAKE_PREFIX_PATH}:/root/EulerCar_v_4/install/autonomous_explorer:/root/eulercar/install/hieuler_teleop:/opt/ros/foxy _=/usr/bin/env /usr/bin/cmake --install /root/EulerCar_v_4/build/servo_response
[9.065s] Level 1:colcon.colcon_core.environment:checking '/root/EulerCar_v_4/install/servo_response' for CMake config files
[9.067s] Level 1:colcon.colcon_core.shell:create_environment_hook('servo_response', 'cmake_prefix_path')
[9.072s] INFO:colcon.colcon_core.shell:Creating environment hook '/root/EulerCar_v_4/install/servo_response/share/servo_response/hook/cmake_prefix_path.ps1'
[9.080s] INFO:colcon.colcon_core.shell:Creating environment descriptor '/root/EulerCar_v_4/install/servo_response/share/servo_response/hook/cmake_prefix_path.dsv'
[9.086s] INFO:colcon.colcon_core.shell:Creating environment hook '/root/EulerCar_v_4/install/servo_response/share/servo_response/hook/cmake_prefix_path.sh'
[9.094s] Level 1:colcon.colcon_core.environment:checking '/root/EulerCar_v_4/install/servo_response/lib'
[9.096s] Level 1:colcon.colcon_core.environment:checking '/root/EulerCar_v_4/install/servo_response/bin'
[9.097s] Level 1:colcon.colcon_core.environment:checking '/root/EulerCar_v_4/install/servo_response/lib/pkgconfig/servo_response.pc'
[9.101s] Level 1:colcon.colcon_core.environment:checking '/root/EulerCar_v_4/install/servo_response/lib/python3.8/site-packages'
[9.103s] Level 1:colcon.colcon_core.environment:checking '/root/EulerCar_v_4/install/servo_response/bin'
[9.109s] INFO:colcon.colcon_core.shell:Creating package script '/root/EulerCar_v_4/install/servo_response/share/servo_response/package.ps1'
[9.120s] INFO:colcon.colcon_core.shell:Creating package descriptor '/root/EulerCar_v_4/install/servo_response/share/servo_response/package.dsv'
[9.128s] INFO:colcon.colcon_core.shell:Creating package script '/root/EulerCar_v_4/install/servo_response/share/servo_response/package.sh'
[9.141s] INFO:colcon.colcon_core.shell:Creating package script '/root/EulerCar_v_4/install/servo_response/share/servo_response/package.bash'
[9.156s] INFO:colcon.colcon_core.shell:Creating package script '/root/EulerCar_v_4/install/servo_response/share/servo_response/package.zsh'
[9.166s] Level 1:colcon.colcon_core.environment:create_file_with_runtime_dependencies(/root/EulerCar_v_4/install/servo_response/share/colcon-core/packages/servo_response)
[9.175s] Level 1:colcon.colcon_core.environment:create_environment_scripts_only(servo_response)
[9.179s] Level 1:colcon.colcon_core.environment:checking '/root/EulerCar_v_4/install/servo_response' for CMake module files
[9.186s] Level 1:colcon.colcon_core.environment:checking '/root/EulerCar_v_4/install/servo_response' for CMake config files
[9.187s] Level 1:colcon.colcon_core.shell:create_environment_hook('servo_response', 'cmake_prefix_path')
[9.190s] INFO:colcon.colcon_core.shell:Creating environment hook '/root/EulerCar_v_4/install/servo_response/share/servo_response/hook/cmake_prefix_path.ps1'
[9.195s] INFO:colcon.colcon_core.shell:Creating environment descriptor '/root/EulerCar_v_4/install/servo_response/share/servo_response/hook/cmake_prefix_path.dsv'
[9.201s] INFO:colcon.colcon_core.shell:Creating environment hook '/root/EulerCar_v_4/install/servo_response/share/servo_response/hook/cmake_prefix_path.sh'
[9.208s] Level 1:colcon.colcon_core.environment:checking '/root/EulerCar_v_4/install/servo_response/lib'
[9.209s] Level 1:colcon.colcon_core.environment:checking '/root/EulerCar_v_4/install/servo_response/bin'
[9.211s] Level 1:colcon.colcon_core.environment:checking '/root/EulerCar_v_4/install/servo_response/lib/pkgconfig/servo_response.pc'
[9.213s] Level 1:colcon.colcon_core.environment:checking '/root/EulerCar_v_4/install/servo_response/lib/python3.8/site-packages'
[9.215s] Level 1:colcon.colcon_core.environment:checking '/root/EulerCar_v_4/install/servo_response/bin'
[9.219s] INFO:colcon.colcon_core.shell:Creating package script '/root/EulerCar_v_4/install/servo_response/share/servo_response/package.ps1'
[9.226s] INFO:colcon.colcon_core.shell:Creating package descriptor '/root/EulerCar_v_4/install/servo_response/share/servo_response/package.dsv'
[9.233s] INFO:colcon.colcon_core.shell:Creating package script '/root/EulerCar_v_4/install/servo_response/share/servo_response/package.sh'
[9.239s] INFO:colcon.colcon_core.shell:Creating package script '/root/EulerCar_v_4/install/servo_response/share/servo_response/package.bash'
[9.245s] INFO:colcon.colcon_core.shell:Creating package script '/root/EulerCar_v_4/install/servo_response/share/servo_response/package.zsh'
[9.252s] Level 1:colcon.colcon_core.environment:create_file_with_runtime_dependencies(/root/EulerCar_v_4/install/servo_response/share/colcon-core/packages/servo_response)
[13.285s] DEBUG:colcon.colcon_core.event_handler.log_command:Invoking command in '/root/EulerCar_v_4/src/autonomous_explorer': PYTHONPATH=/root/EulerCar_v_4/build/autonomous_explorer/prefix_override:/usr/local/lib/python3.8/dist-packages/colcon_core/task/python/colcon_distutils_commands:/root/EulerCar_v_4/install/autonomous_explorer/lib/python3.8/site-packages:${PYTHONPATH} _=/usr/bin/env /usr/bin/python3 -W ignore:setup.py install is deprecated -W ignore:easy_install command is deprecated setup.py egg_info --egg-base ../../build/autonomous_explorer build --build-base /root/EulerCar_v_4/build/autonomous_explorer/build install --record /root/EulerCar_v_4/build/autonomous_explorer/install.log --install-scripts $base/lib/autonomous_explorer --single-version-externally-managed install_data
[16.690s] Level 1:colcon.colcon_core.environment:checking '/root/EulerCar_v_4/install/autonomous_explorer' for CMake module files
[16.695s] Level 1:colcon.colcon_core.environment:checking '/root/EulerCar_v_4/install/autonomous_explorer' for CMake config files
[16.702s] DEBUG:colcon.colcon_core.event_handler.log_command:Invoked command in '/root/EulerCar_v_4/src/autonomous_explorer' returned '0': PYTHONPATH=/root/EulerCar_v_4/build/autonomous_explorer/prefix_override:/usr/local/lib/python3.8/dist-packages/colcon_core/task/python/colcon_distutils_commands:/root/EulerCar_v_4/install/autonomous_explorer/lib/python3.8/site-packages:${PYTHONPATH} _=/usr/bin/env /usr/bin/python3 -W ignore:setup.py install is deprecated -W ignore:easy_install command is deprecated setup.py egg_info --egg-base ../../build/autonomous_explorer build --build-base /root/EulerCar_v_4/build/autonomous_explorer/build install --record /root/EulerCar_v_4/build/autonomous_explorer/install.log --install-scripts $base/lib/autonomous_explorer --single-version-externally-managed install_data
[16.711s] Level 1:colcon.colcon_core.environment:checking '/root/EulerCar_v_4/install/autonomous_explorer/lib'
[16.712s] Level 1:colcon.colcon_core.environment:checking '/root/EulerCar_v_4/install/autonomous_explorer/bin'
[16.715s] Level 1:colcon.colcon_core.environment:checking '/root/EulerCar_v_4/install/autonomous_explorer/lib/pkgconfig/autonomous_explorer.pc'
[16.717s] Level 1:colcon.colcon_core.environment:checking '/root/EulerCar_v_4/install/autonomous_explorer/lib/python3.8/site-packages'
[16.718s] Level 1:colcon.colcon_core.shell:create_environment_hook('autonomous_explorer', 'pythonpath')
[16.722s] INFO:colcon.colcon_core.shell:Creating environment hook '/root/EulerCar_v_4/install/autonomous_explorer/share/autonomous_explorer/hook/pythonpath.ps1'
[16.728s] INFO:colcon.colcon_core.shell:Creating environment descriptor '/root/EulerCar_v_4/install/autonomous_explorer/share/autonomous_explorer/hook/pythonpath.dsv'
[16.733s] INFO:colcon.colcon_core.shell:Creating environment hook '/root/EulerCar_v_4/install/autonomous_explorer/share/autonomous_explorer/hook/pythonpath.sh'
[16.740s] Level 1:colcon.colcon_core.environment:checking '/root/EulerCar_v_4/install/autonomous_explorer/bin'
[16.741s] Level 1:colcon.colcon_core.environment:create_environment_scripts_only(autonomous_explorer)
[16.745s] INFO:colcon.colcon_core.shell:Creating package script '/root/EulerCar_v_4/install/autonomous_explorer/share/autonomous_explorer/package.ps1'
[16.752s] INFO:colcon.colcon_core.shell:Creating package descriptor '/root/EulerCar_v_4/install/autonomous_explorer/share/autonomous_explorer/package.dsv'
[16.759s] INFO:colcon.colcon_core.shell:Creating package script '/root/EulerCar_v_4/install/autonomous_explorer/share/autonomous_explorer/package.sh'
[16.765s] INFO:colcon.colcon_core.shell:Creating package script '/root/EulerCar_v_4/install/autonomous_explorer/share/autonomous_explorer/package.bash'
[16.770s] INFO:colcon.colcon_core.shell:Creating package script '/root/EulerCar_v_4/install/autonomous_explorer/share/autonomous_explorer/package.zsh'
[16.775s] Level 1:colcon.colcon_core.environment:create_file_with_runtime_dependencies(/root/EulerCar_v_4/install/autonomous_explorer/share/colcon-core/packages/autonomous_explorer)
[16.779s] DEBUG:colcon.colcon_parallel_executor.executor.parallel:closing loop
[16.781s] DEBUG:colcon.colcon_parallel_executor.executor.parallel:loop closed
[16.783s] DEBUG:colcon.colcon_parallel_executor.executor.parallel:run_until_complete finished with '0'
[16.785s] DEBUG:colcon.colcon_core.event_reactor:joining thread
[16.859s] INFO:colcon.colcon_core.plugin_system:Skipping extension 'colcon_notification.desktop_notification.terminal_notifier': Not used on non-Darwin systems
[16.860s] INFO:colcon.colcon_core.plugin_system:Skipping extension 'colcon_notification.desktop_notification.win32': Not used on non-Windows systems
[16.861s] INFO:colcon.colcon_notification.desktop_notification:Sending desktop notification using 'notify2'
[41.891s] DEBUG:colcon.colcon_notification.desktop_notification.notify2:Failed to initialize notify2: org.freedesktop.DBus.Error.NoReply: Did not receive a reply. Possible causes include: the remote application did not send a reply, the message bus security policy blocked the reply, the reply timeout expired, or the network connection was broken.
[41.893s] DEBUG:colcon.colcon_core.event_reactor:joined thread
[41.895s] INFO:colcon.colcon_core.shell:Creating prefix script '/root/EulerCar_v_4/install/local_setup.ps1'
[41.906s] INFO:colcon.colcon_core.shell:Creating prefix util module '/root/EulerCar_v_4/install/_local_setup_util_ps1.py'
[41.924s] INFO:colcon.colcon_core.shell:Creating prefix chain script '/root/EulerCar_v_4/install/setup.ps1'
[41.938s] INFO:colcon.colcon_core.shell:Creating prefix script '/root/EulerCar_v_4/install/local_setup.sh'
[41.945s] INFO:colcon.colcon_core.shell:Creating prefix util module '/root/EulerCar_v_4/install/_local_setup_util_sh.py'
[41.954s] INFO:colcon.colcon_core.shell:Creating prefix chain script '/root/EulerCar_v_4/install/setup.sh'
[41.970s] INFO:colcon.colcon_core.shell:Creating prefix script '/root/EulerCar_v_4/install/local_setup.bash'
[41.977s] INFO:colcon.colcon_core.shell:Creating prefix chain script '/root/EulerCar_v_4/install/setup.bash'
[41.991s] INFO:colcon.colcon_core.shell:Creating prefix script '/root/EulerCar_v_4/install/local_setup.zsh'
[41.998s] INFO:colcon.colcon_core.shell:Creating prefix chain script '/root/EulerCar_v_4/install/setup.zsh'
