[2.695s] Invoking command in '/root/EulerCar_v_4/build/servo_response': CMAKE_PREFIX_PATH=${CMAKE_PREFIX_PATH}:/root/EulerCar_v_4/install/autonomous_explorer:/root/eulercar/install/hieuler_teleop:/opt/ros/foxy _=/usr/bin/env /usr/bin/cmake --build /root/EulerCar_v_4/build/servo_response -- -j4 -l4
[3.220s] [100%] Built target servo_node
[3.311s] Invoked command in '/root/EulerCar_v_4/build/servo_response' returned '0': CMAKE_PREFIX_PATH=${CMAKE_PREFIX_PATH}:/root/EulerCar_v_4/install/autonomous_explorer:/root/eulercar/install/hieuler_teleop:/opt/ros/foxy _=/usr/bin/env /usr/bin/cmake --build /root/EulerCar_v_4/build/servo_response -- -j4 -l4
[3.448s] Invoking command in '/root/EulerCar_v_4/build/servo_response': CMAKE_PREFIX_PATH=${CMAKE_PREFIX_PATH}:/root/EulerCar_v_4/install/autonomous_explorer:/root/eulercar/install/hieuler_teleop:/opt/ros/foxy _=/usr/bin/env /usr/bin/cmake --install /root/EulerCar_v_4/build/servo_response
[3.533s] -- Install configuration: ""
[3.552s] -- Up-to-date: /root/EulerCar_v_4/install/servo_response/lib/servo_response/servo_node
[3.572s] -- Up-to-date: /root/EulerCar_v_4/install/servo_response/include
[3.577s] -- Up-to-date: /root/EulerCar_v_4/install/servo_response/include/servo_response
[3.581s] -- Up-to-date: /root/EulerCar_v_4/install/servo_response/include/servo_response/servo_util.hpp
[3.584s] -- Up-to-date: /root/EulerCar_v_4/install/servo_response/include/servo_response/servo_node.hpp
[3.588s] -- Up-to-date: /root/EulerCar_v_4/install/servo_response/share/ament_index/resource_index/package_run_dependencies/servo_response
[3.592s] -- Up-to-date: /root/EulerCar_v_4/install/servo_response/share/ament_index/resource_index/parent_prefix_path/servo_response
[3.597s] -- Up-to-date: /root/EulerCar_v_4/install/servo_response/share/servo_response/environment/ament_prefix_path.sh
[3.599s] -- Up-to-date: /root/EulerCar_v_4/install/servo_response/share/servo_response/environment/ament_prefix_path.dsv
[3.601s] -- Up-to-date: /root/EulerCar_v_4/install/servo_response/share/servo_response/environment/path.sh
[3.602s] -- Up-to-date: /root/EulerCar_v_4/install/servo_response/share/servo_response/environment/path.dsv
[3.604s] -- Up-to-date: /root/EulerCar_v_4/install/servo_response/share/servo_response/local_setup.bash
[3.606s] -- Up-to-date: /root/EulerCar_v_4/install/servo_response/share/servo_response/local_setup.sh
[3.608s] -- Up-to-date: /root/EulerCar_v_4/install/servo_response/share/servo_response/local_setup.zsh
[3.611s] -- Up-to-date: /root/EulerCar_v_4/install/servo_response/share/servo_response/local_setup.dsv
[3.614s] -- Installing: /root/EulerCar_v_4/install/servo_response/share/servo_response/package.dsv
[3.623s] -- Up-to-date: /root/EulerCar_v_4/install/servo_response/share/ament_index/resource_index/packages/servo_response
[3.632s] -- Up-to-date: /root/EulerCar_v_4/install/servo_response/share/servo_response/cmake/servo_responseConfig.cmake
[3.639s] -- Up-to-date: /root/EulerCar_v_4/install/servo_response/share/servo_response/cmake/servo_responseConfig-version.cmake
[3.643s] -- Up-to-date: /root/EulerCar_v_4/install/servo_response/share/servo_response/package.xml
[3.649s] Invoked command in '/root/EulerCar_v_4/build/servo_response' returned '0': CMAKE_PREFIX_PATH=${CMAKE_PREFIX_PATH}:/root/EulerCar_v_4/install/autonomous_explorer:/root/eulercar/install/hieuler_teleop:/opt/ros/foxy _=/usr/bin/env /usr/bin/cmake --install /root/EulerCar_v_4/build/servo_response
