[2.930s] Invoking command in '/root/EulerCar_v_4/build/servo_response': CMAKE_PREFIX_PATH=${CMAKE_PREFIX_PATH}:/root/EulerCar_v_4/install/autonomous_explorer:/root/eulercar/install/hieuler_teleop:/opt/ros/foxy _=/usr/bin/env /usr/bin/cmake --build /root/EulerCar_v_4/build/servo_response -- -j4 -l4
[3.670s] [100%] Built target servo_node
[3.763s] Invoked command in '/root/EulerCar_v_4/build/servo_response' returned '0': CMAKE_PREFIX_PATH=${CMAKE_PREFIX_PATH}:/root/EulerCar_v_4/install/autonomous_explorer:/root/eulercar/install/hieuler_teleop:/opt/ros/foxy _=/usr/bin/env /usr/bin/cmake --build /root/EulerCar_v_4/build/servo_response -- -j4 -l4
[3.864s] Invoking command in '/root/EulerCar_v_4/build/servo_response': CMAKE_PREFIX_PATH=${CMAKE_PREFIX_PATH}:/root/EulerCar_v_4/install/autonomous_explorer:/root/eulercar/install/hieuler_teleop:/opt/ros/foxy _=/usr/bin/env /usr/bin/cmake --install /root/EulerCar_v_4/build/servo_response
[3.946s] -- Install configuration: ""
[3.948s] -- Up-to-date: /root/EulerCar_v_4/install/servo_response/lib/servo_response/servo_node
[3.961s] -- Up-to-date: /root/EulerCar_v_4/install/servo_response/include
[3.979s] -- Up-to-date: /root/EulerCar_v_4/install/servo_response/include/servo_response
[3.983s] -- Up-to-date: /root/EulerCar_v_4/install/servo_response/include/servo_response/servo_util.hpp
[3.985s] -- Up-to-date: /root/EulerCar_v_4/install/servo_response/include/servo_response/servo_node.hpp
[3.987s] -- Up-to-date: /root/EulerCar_v_4/install/servo_response/share/ament_index/resource_index/package_run_dependencies/servo_response
[3.988s] -- Up-to-date: /root/EulerCar_v_4/install/servo_response/share/ament_index/resource_index/parent_prefix_path/servo_response
[3.989s] -- Up-to-date: /root/EulerCar_v_4/install/servo_response/share/servo_response/environment/ament_prefix_path.sh
[3.990s] -- Up-to-date: /root/EulerCar_v_4/install/servo_response/share/servo_response/environment/ament_prefix_path.dsv
[3.997s] -- Up-to-date: /root/EulerCar_v_4/install/servo_response/share/servo_response/environment/path.sh
[3.998s] -- Up-to-date: /root/EulerCar_v_4/install/servo_response/share/servo_response/environment/path.dsv
[4.001s] -- Up-to-date: /root/EulerCar_v_4/install/servo_response/share/servo_response/local_setup.bash
[4.006s] -- Up-to-date: /root/EulerCar_v_4/install/servo_response/share/servo_response/local_setup.sh
[4.012s] -- Up-to-date: /root/EulerCar_v_4/install/servo_response/share/servo_response/local_setup.zsh
[4.017s] -- Up-to-date: /root/EulerCar_v_4/install/servo_response/share/servo_response/local_setup.dsv
[4.021s] -- Installing: /root/EulerCar_v_4/install/servo_response/share/servo_response/package.dsv
[4.023s] -- Up-to-date: /root/EulerCar_v_4/install/servo_response/share/ament_index/resource_index/packages/servo_response
[4.027s] -- Up-to-date: /root/EulerCar_v_4/install/servo_response/share/servo_response/cmake/servo_responseConfig.cmake
[4.031s] -- Up-to-date: /root/EulerCar_v_4/install/servo_response/share/servo_response/cmake/servo_responseConfig-version.cmake
[4.037s] -- Up-to-date: /root/EulerCar_v_4/install/servo_response/share/servo_response/package.xml
[4.056s] Invoked command in '/root/EulerCar_v_4/build/servo_response' returned '0': CMAKE_PREFIX_PATH=${CMAKE_PREFIX_PATH}:/root/EulerCar_v_4/install/autonomous_explorer:/root/eulercar/install/hieuler_teleop:/opt/ros/foxy _=/usr/bin/env /usr/bin/cmake --install /root/EulerCar_v_4/build/servo_response
