[2.128s] Invoking command in '/root/EulerCar_v_4/build/servo_response': CMAKE_PREFIX_PATH=${CMAKE_PREFIX_PATH}:/root/EulerCar_v_4/install/autonomous_explorer:/root/eulercar/install/hieuler_teleop:/opt/ros/foxy _=/usr/bin/env /usr/bin/cmake --build /root/EulerCar_v_4/build/servo_response -- -j4 -l4
[2.544s] [100%] Built target servo_node
[2.621s] Invoked command in '/root/EulerCar_v_4/build/servo_response' returned '0': CMAKE_PREFIX_PATH=${CMAKE_PREFIX_PATH}:/root/EulerCar_v_4/install/autonomous_explorer:/root/eulercar/install/hieuler_teleop:/opt/ros/foxy _=/usr/bin/env /usr/bin/cmake --build /root/EulerCar_v_4/build/servo_response -- -j4 -l4
[2.709s] Invoking command in '/root/EulerCar_v_4/build/servo_response': CMAKE_PREFIX_PATH=${CMAKE_PREFIX_PATH}:/root/EulerCar_v_4/install/autonomous_explorer:/root/eulercar/install/hieuler_teleop:/opt/ros/foxy _=/usr/bin/env /usr/bin/cmake --install /root/EulerCar_v_4/build/servo_response
[2.770s] -- Install configuration: ""
[2.773s] -- Up-to-date: /root/EulerCar_v_4/install/servo_response/lib/servo_response/servo_node
[2.778s] -- Up-to-date: /root/EulerCar_v_4/install/servo_response/include
[2.781s] -- Up-to-date: /root/EulerCar_v_4/install/servo_response/include/servo_response
[2.783s] -- Up-to-date: /root/EulerCar_v_4/install/servo_response/include/servo_response/servo_util.hpp
[2.784s] -- Up-to-date: /root/EulerCar_v_4/install/servo_response/include/servo_response/servo_node.hpp
[2.785s] -- Up-to-date: /root/EulerCar_v_4/install/servo_response/share/ament_index/resource_index/package_run_dependencies/servo_response
[2.787s] -- Up-to-date: /root/EulerCar_v_4/install/servo_response/share/ament_index/resource_index/parent_prefix_path/servo_response
[2.788s] -- Up-to-date: /root/EulerCar_v_4/install/servo_response/share/servo_response/environment/ament_prefix_path.sh
[2.790s] -- Up-to-date: /root/EulerCar_v_4/install/servo_response/share/servo_response/environment/ament_prefix_path.dsv
[2.791s] -- Up-to-date: /root/EulerCar_v_4/install/servo_response/share/servo_response/environment/path.sh
[2.812s] -- Up-to-date: /root/EulerCar_v_4/install/servo_response/share/servo_response/environment/path.dsv
[2.813s] -- Up-to-date: /root/EulerCar_v_4/install/servo_response/share/servo_response/local_setup.bash
[2.814s] -- Up-to-date: /root/EulerCar_v_4/install/servo_response/share/servo_response/local_setup.sh
[2.815s] -- Up-to-date: /root/EulerCar_v_4/install/servo_response/share/servo_response/local_setup.zsh
[2.817s] -- Up-to-date: /root/EulerCar_v_4/install/servo_response/share/servo_response/local_setup.dsv
[2.818s] -- Installing: /root/EulerCar_v_4/install/servo_response/share/servo_response/package.dsv
[2.819s] -- Up-to-date: /root/EulerCar_v_4/install/servo_response/share/ament_index/resource_index/packages/servo_response
[2.820s] -- Up-to-date: /root/EulerCar_v_4/install/servo_response/share/servo_response/cmake/servo_responseConfig.cmake
[2.821s] -- Up-to-date: /root/EulerCar_v_4/install/servo_response/share/servo_response/cmake/servo_responseConfig-version.cmake
[2.823s] -- Up-to-date: /root/EulerCar_v_4/install/servo_response/share/servo_response/package.xml
[2.826s] Invoked command in '/root/EulerCar_v_4/build/servo_response' returned '0': CMAKE_PREFIX_PATH=${CMAKE_PREFIX_PATH}:/root/EulerCar_v_4/install/autonomous_explorer:/root/eulercar/install/hieuler_teleop:/opt/ros/foxy _=/usr/bin/env /usr/bin/cmake --install /root/EulerCar_v_4/build/servo_response
